#
# There is insufficient memory for the Java Runtime Environment to continue.
# Native memory allocation (mmap) failed to map 53477376 bytes for G1 virtual space
# Possible reasons:
#   The system is out of physical RAM or swap space
#   The process is running with CompressedOops enabled, and the Java Heap may be blocking the growth of the native heap
# Possible solutions:
#   Reduce memory load on the system
#   Increase physical memory or swap space
#   Check if swap backing store is full
#   Decrease Java heap size (-Xmx/-Xms)
#   Decrease number of Java threads
#   Decrease Java thread stack sizes (-Xss)
#   Set larger code cache with -XX:ReservedCodeCacheSize=
#   JVM is running with Unscaled Compressed Oops mode in which the Java heap is
#     placed in the first 4GB address space. The Java Heap base address is the
#     maximum limit for the native heap growth. Please use -XX:HeapBaseMinAddress
#     to set the Java Heap base and to place the Java Heap above 4GB virtual address.
# This output file may be truncated or incomplete.
#
#  Out of Memory Error (os_windows.cpp:3536), pid=19284, tid=18712
#
# JRE version: Java(TM) SE Runtime Environment (19.0.2+7) (build 19.0.2+7-44)
# Java VM: Java HotSpot(TM) 64-Bit Server VM (19.0.2+7-44, mixed mode, sharing, tiered, compressed oops, compressed class ptrs, g1 gc, windows-amd64)
# No core dump will be written. Minidumps are not enabled by default on client versions of Windows
#

---------------  S U M M A R Y ------------

Command Line: --add-opens=java.base/java.lang=ALL-UNNAMED --add-opens=java.base/java.lang.invoke=ALL-UNNAMED --add-opens=java.base/java.util=ALL-UNNAMED --add-opens=java.prefs/java.util.prefs=ALL-UNNAMED --add-exports=jdk.compiler/com.sun.tools.javac.api=ALL-UNNAMED --add-exports=jdk.compiler/com.sun.tools.javac.util=ALL-UNNAMED --add-opens=java.base/java.util=ALL-UNNAMED --add-opens=java.prefs/java.util.prefs=ALL-UNNAMED --add-opens=java.base/java.nio.charset=ALL-UNNAMED --add-opens=java.base/java.net=ALL-UNNAMED --add-opens=java.base/java.util.concurrent.atomic=ALL-UNNAMED --add-opens=java.xml/javax.xml.namespace=ALL-UNNAMED -XX:MaxMetaspaceSize=512m -Xmx2048m -Dfile.encoding=UTF-8 -Duser.country=US -Duser.language=en -Duser.variant -javaagent:C:\Users\denni\.gradle\wrapper\dists\gradle-8.14.3-bin\cv11ve7ro1n3o1j4so8xd9n66\gradle-8.14.3\lib\agents\gradle-instrumentation-agent-8.14.3.jar org.gradle.launcher.daemon.bootstrap.GradleDaemon 8.14.3

Host: Intel(R) Core(TM) i7-5500U CPU @ 2.40GHz, 4 cores, 11G,  Windows 11 , 64 bit Build 26100 (10.0.26100.7262)
Time: Tue Dec  2 20:03:34 2025 Pacific Standard Time elapsed time: 41.223793 seconds (0d 0h 0m 41s)

---------------  T H R E A D  ---------------

Current thread (0x0000015cff2c0c70):  VMThread "VM Thread" [stack: 0x0000004dc4500000,0x0000004dc4600000] [id=18712]

Stack: [0x0000004dc4500000,0x0000004dc4600000]
Native frames: (J=compiled Java code, j=interpreted, Vv=VM code, C=native code)
V  [jvm.dll+0x6ee21a]
V  [jvm.dll+0x85765e]
V  [jvm.dll+0x85904e]
V  [jvm.dll+0x859703]
V  [jvm.dll+0x28298f]
V  [jvm.dll+0x6eb009]
V  [jvm.dll+0x6dfbaa]
V  [jvm.dll+0x3573f6]
V  [jvm.dll+0x35ee56]
V  [jvm.dll+0x3b541e]
V  [jvm.dll+0x3b564f]
V  [jvm.dll+0x32c9ea]
V  [jvm.dll+0x32ca97]
V  [jvm.dll+0x374cd2]
V  [jvm.dll+0x37340f]
V  [jvm.dll+0x32c210]
V  [jvm.dll+0x3729ab]
V  [jvm.dll+0x85ebc3]
V  [jvm.dll+0x85f989]
V  [jvm.dll+0x85febd]
V  [jvm.dll+0x86034b]
V  [jvm.dll+0x860407]
V  [jvm.dll+0x80125a]
V  [jvm.dll+0x6ecf0b]
C  [ucrtbase.dll+0x37b0]
C  [KERNEL32.DLL+0x2e8d7]
C  [ntdll.dll+0x8c53c]

VM_Operation (0x0000004dc5bee0a0): G1CollectForAllocation, mode: safepoint, requested by thread 0x0000015c9a5355c0


---------------  P R O C E S S  ---------------

Threads class SMR info:
_java_thread_list=0x0000015c9aeb7140, length=48, elements={
0x0000015cf42d29b0, 0x0000015cff2dd6c0, 0x0000015cff2ded00, 0x0000015cff2e55f0,
0x0000015cff2e5f20, 0x0000015cff2e7560, 0x0000015cff2f0bb0, 0x0000015cff2f1810,
0x0000015cff2f7db0, 0x0000015cff2fbf20, 0x0000015cff2b6290, 0x0000015cff6c2d70,
0x0000015c99e84c70, 0x0000015c99eaec80, 0x0000015c99230760, 0x0000015cff6313c0,
0x0000015cff4b6db0, 0x0000015cff5c2620, 0x0000015c9a5355c0, 0x0000015c9a534b20,
0x0000015c9a534080, 0x0000015c9a5335e0, 0x0000015c9a533b30, 0x0000015c9a5365b0,
0x0000015c9a5345d0, 0x0000015c9a535070, 0x0000015c9a535b10, 0x0000015c9a533090,
0x0000015cff5ca190, 0x0000015cff5ca6e0, 0x0000015cff5c7c60, 0x0000015cff5cac30,
0x0000015cff5c8700, 0x0000015cff5c81b0, 0x0000015cff5c91a0, 0x0000015cff5cc170,
0x0000015cff5cb6d0, 0x0000015cff5cbc20, 0x0000015cff5cc6c0, 0x0000015cff5c8c50,
0x0000015cff5ccc10, 0x0000015cff5cd6b0, 0x0000015cff5ce150, 0x0000015cff5cdc00,
0x0000015cff5cf140, 0x0000015c9ad91590, 0x0000015c9ad90050, 0x0000015c9c8245a0
}

Java Threads: ( => current thread )
  0x0000015cf42d29b0 JavaThread "main" [_thread_blocked, id=17160, stack(0x0000004dc3f00000,0x0000004dc4000000)]
  0x0000015cff2dd6c0 JavaThread "Reference Handler" daemon [_thread_blocked, id=23508, stack(0x0000004dc4600000,0x0000004dc4700000)]
  0x0000015cff2ded00 JavaThread "Finalizer" daemon [_thread_blocked, id=22824, stack(0x0000004dc4700000,0x0000004dc4800000)]
  0x0000015cff2e55f0 JavaThread "Signal Dispatcher" daemon [_thread_blocked, id=20984, stack(0x0000004dc4800000,0x0000004dc4900000)]
  0x0000015cff2e5f20 JavaThread "Attach Listener" daemon [_thread_blocked, id=22936, stack(0x0000004dc4900000,0x0000004dc4a00000)]
  0x0000015cff2e7560 JavaThread "Service Thread" daemon [_thread_blocked, id=21004, stack(0x0000004dc4a00000,0x0000004dc4b00000)]
  0x0000015cff2f0bb0 JavaThread "Monitor Deflation Thread" daemon [_thread_blocked, id=19208, stack(0x0000004dc4b00000,0x0000004dc4c00000)]
  0x0000015cff2f1810 JavaThread "C2 CompilerThread0" daemon [_thread_blocked, id=16768, stack(0x0000004dc4c00000,0x0000004dc4d00000)]
  0x0000015cff2f7db0 JavaThread "C1 CompilerThread0" daemon [_thread_blocked, id=19056, stack(0x0000004dc4d00000,0x0000004dc4e00000)]
  0x0000015cff2fbf20 JavaThread "Sweeper thread" daemon [_thread_blocked, id=23308, stack(0x0000004dc4e00000,0x0000004dc4f00000)]
  0x0000015cff2b6290 JavaThread "Common-Cleaner" daemon [_thread_blocked, id=10448, stack(0x0000004dc4f00000,0x0000004dc5000000)]
  0x0000015cff6c2d70 JavaThread "Notification Thread" daemon [_thread_blocked, id=22436, stack(0x0000004dc5000000,0x0000004dc5100000)]
  0x0000015c99e84c70 JavaThread "Daemon health stats" [_thread_blocked, id=3292, stack(0x0000004dc5600000,0x0000004dc5700000)]
  0x0000015c99eaec80 JavaThread "Incoming local TCP Connector on port 51166" [_thread_in_native, id=21844, stack(0x0000004dc5500000,0x0000004dc5600000)]
  0x0000015c99230760 JavaThread "Daemon periodic checks" [_thread_blocked, id=13184, stack(0x0000004dc5700000,0x0000004dc5800000)]
  0x0000015cff6313c0 JavaThread "Daemon" [_thread_blocked, id=22464, stack(0x0000004dc5800000,0x0000004dc5900000)]
  0x0000015cff4b6db0 JavaThread "Handler for socket connection from /127.0.0.1:51166 to /127.0.0.1:51167" [_thread_in_native, id=14100, stack(0x0000004dc5900000,0x0000004dc5a00000)]
  0x0000015cff5c2620 JavaThread "Cancel handler" [_thread_blocked, id=20944, stack(0x0000004dc5a00000,0x0000004dc5b00000)]
  0x0000015c9a5355c0 JavaThread "Daemon worker" [_thread_blocked, id=22360, stack(0x0000004dc5b00000,0x0000004dc5c00000)]
  0x0000015c9a534b20 JavaThread "Asynchronous log dispatcher for DefaultDaemonConnection: socket connection from /127.0.0.1:51166 to /127.0.0.1:51167" [_thread_blocked, id=20272, stack(0x0000004dc5c00000,0x0000004dc5d00000)]
  0x0000015c9a534080 JavaThread "Stdin handler" [_thread_blocked, id=18588, stack(0x0000004dc5d00000,0x0000004dc5e00000)]
  0x0000015c9a5335e0 JavaThread "Daemon client event forwarder" [_thread_blocked, id=7948, stack(0x0000004dc5e00000,0x0000004dc5f00000)]
  0x0000015c9a533b30 JavaThread "Cache worker for journal cache (C:\Users\denni\.gradle\caches\journal-1)" [_thread_blocked, id=22084, stack(0x0000004dc5f00000,0x0000004dc6000000)]
  0x0000015c9a5365b0 JavaThread "File lock request listener" [_thread_in_native, id=15320, stack(0x0000004dc6000000,0x0000004dc6100000)]
  0x0000015c9a5345d0 JavaThread "Cache worker for file hash cache (C:\Users\denni\.gradle\caches\8.14.3\fileHashes)" [_thread_blocked, id=21012, stack(0x0000004dc6100000,0x0000004dc6200000)]
  0x0000015c9a535070 JavaThread "Cache worker for file hash cache (C:\Users\denni\github\SparksApp\android\.gradle\8.14.3\fileHashes)" [_thread_blocked, id=22332, stack(0x0000004dc6300000,0x0000004dc6400000)]
  0x0000015c9a535b10 JavaThread "Cache worker for Build Output Cleanup Cache (C:\Users\denni\github\SparksApp\android\.gradle\buildOutputCleanup)" [_thread_blocked, id=15572, stack(0x0000004dc6400000,0x0000004dc6500000)]
  0x0000015c9a533090 JavaThread "File watcher server" daemon [_thread_in_native, id=14924, stack(0x0000004dc6200000,0x0000004dc6300000)]
  0x0000015cff5ca190 JavaThread "File watcher consumer" daemon [_thread_blocked, id=10412, stack(0x0000004dc6500000,0x0000004dc6600000)]
  0x0000015cff5ca6e0 JavaThread "jar transforms" [_thread_blocked, id=22272, stack(0x0000004dc6600000,0x0000004dc6700000)]
  0x0000015cff5c7c60 JavaThread "jar transforms Thread 2" [_thread_blocked, id=20492, stack(0x0000004dc6700000,0x0000004dc6800000)]
  0x0000015cff5cac30 JavaThread "jar transforms Thread 3" [_thread_blocked, id=18372, stack(0x0000004dc6800000,0x0000004dc6900000)]
  0x0000015cff5c8700 JavaThread "jar transforms Thread 4" [_thread_blocked, id=10000, stack(0x0000004dc6900000,0x0000004dc6a00000)]
  0x0000015cff5c81b0 JavaThread "Cache worker for checksums cache (C:\Users\denni\github\SparksApp\android\.gradle\8.14.3\checksums)" [_thread_blocked, id=23116, stack(0x0000004dc6a00000,0x0000004dc6b00000)]
  0x0000015cff5c91a0 JavaThread "Cache worker for file content cache (C:\Users\denni\.gradle\caches\8.14.3\fileContent)" [_thread_blocked, id=6744, stack(0x0000004dc6b00000,0x0000004dc6c00000)]
  0x0000015cff5cc170 JavaThread "Exec process" [_thread_blocked, id=23272, stack(0x0000004dc6c00000,0x0000004dc6d00000)]
  0x0000015cff5cb6d0 JavaThread "Exec process Thread 2" [_thread_blocked, id=18076, stack(0x0000004dc6d00000,0x0000004dc6e00000)]
  0x0000015cff5cbc20 JavaThread "Exec process Thread 3" [_thread_blocked, id=12140, stack(0x0000004dc6e00000,0x0000004dc6f00000)]
  0x0000015cff5cc6c0 JavaThread "Cache worker for cache directory md-supplier (C:\Users\denni\.gradle\caches\8.14.3\md-supplier)" [_thread_blocked, id=22952, stack(0x0000004dc6f00000,0x0000004dc7000000)]
  0x0000015cff5c8c50 JavaThread "Cache worker for cache directory md-rule (C:\Users\denni\.gradle\caches\8.14.3\md-rule)" [_thread_blocked, id=4340, stack(0x0000004dc7000000,0x0000004dc7100000)]
  0x0000015cff5ccc10 JavaThread "Cache worker for Build Output Cleanup Cache (C:\Users\denni\github\SparksApp\node_modules\@react-native\gradle-plugin\.gradle\buildOutputCleanup)" [_thread_blocked, id=20552, stack(0x0000004dc7100000,0x0000004dc7200000)]
  0x0000015cff5cd6b0 JavaThread "Unconstrained build operations" [_thread_blocked, id=22412, stack(0x0000004dc7300000,0x0000004dc7400000)]
  0x0000015cff5ce150 JavaThread "Unconstrained build operations Thread 2" [_thread_blocked, id=16328, stack(0x0000004dc7400000,0x0000004dc7500000)]
  0x0000015cff5cdc00 JavaThread "Unconstrained build operations Thread 3" [_thread_blocked, id=21196, stack(0x0000004dc7500000,0x0000004dc7600000)]
  0x0000015cff5cf140 JavaThread "Unconstrained build operations Thread 4" [_thread_blocked, id=21388, stack(0x0000004dc7600000,0x0000004dc7700000)]
  0x0000015c9ad91590 JavaThread "Unconstrained build operations Thread 5" [_thread_blocked, id=11856, stack(0x0000004dc7700000,0x0000004dc7800000)]
  0x0000015c9ad90050 JavaThread "Unconstrained build operations Thread 6" [_thread_blocked, id=19864, stack(0x0000004dc7800000,0x0000004dc7900000)]
  0x0000015c9c8245a0 JavaThread "C2 CompilerThread1" daemon [_thread_blocked, id=3852, stack(0x0000004dc7a00000,0x0000004dc7b00000)]

Other Threads:
=>0x0000015cff2c0c70 VMThread "VM Thread" [stack: 0x0000004dc4500000,0x0000004dc4600000] [id=18712]
  0x0000015cf42d3540 WatcherThread "VM Periodic Task Thread" [stack: 0x0000004dc5100000,0x0000004dc5200000] [id=12296]
  0x0000015cf4333b70 WorkerThread "GC Thread#0" [stack: 0x0000004dc4000000,0x0000004dc4100000] [id=11556]
  0x0000015cff7e4b50 WorkerThread "GC Thread#1" [stack: 0x0000004dc5200000,0x0000004dc5300000] [id=17144]
  0x0000015cff8078f0 WorkerThread "GC Thread#2" [stack: 0x0000004dc5300000,0x0000004dc5400000] [id=21008]
  0x0000015cff807bc0 WorkerThread "GC Thread#3" [stack: 0x0000004dc5400000,0x0000004dc5500000] [id=22852]
  0x0000015cf4345ff0 ConcurrentGCThread "G1 Main Marker" [stack: 0x0000004dc4100000,0x0000004dc4200000] [id=11988]
  0x0000015cf4346930 WorkerThread "G1 Conc#0" [stack: 0x0000004dc4200000,0x0000004dc4300000] [id=21888]
  0x0000015cff17c1d0 ConcurrentGCThread "G1 Refine#0" [stack: 0x0000004dc4300000,0x0000004dc4400000] [id=16968]
  0x0000015cff17d9d0 ConcurrentGCThread "G1 Service" [stack: 0x0000004dc4400000,0x0000004dc4500000] [id=21472]

Threads with active compile tasks:
C2 CompilerThread0    41368 6430       4       org.jetbrains.kotlin.com.intellij.openapi.vfs.impl.jar.CoreJarHandler::getOrCreateFile (88 bytes)
C2 CompilerThread1    41368 6468       4       java.lang.ThreadLocal::get (8 bytes)

VM state: at safepoint (normal execution)

VM Mutex/Monitor currently owned by a thread:  ([mutex/lock_event])
[0x0000015cf42d1460] Threads_lock - owner thread: 0x0000015cff2c0c70
[0x0000015cf42cf960] Heap_lock - owner thread: 0x0000015c9a5355c0

Heap address: 0x0000000080000000, size: 2048 MB, Compressed Oops mode: 32-bit

CDS archive(s) mapped at: [0x0000000800000000-0x0000000800c40000-0x0000000800c40000), size 12845056, SharedBaseAddress: 0x0000000800000000, ArchiveRelocationMode: 0.
Compressed class space mapped at: 0x0000000801000000-0x000000081ac00000, reserved size: 432013312
Narrow klass base: 0x0000000800000000, Narrow klass shift: 0, Narrow klass range: 0x100000000

GC Precious Log:
 CardTable entry size: 512
 Card Set container configuration: InlinePtr #cards 5 size 8 Array Of Cards #cards 12 size 40 Howl #buckets 4 coarsen threshold 1843 Howl Bitmap #cards 512 size 80 coarsen threshold 460 Card regions per heap region 1 cards per card region 2048
 CPUs: 4 total, 4 available
 Memory: 12202M
 Large Page Support: Disabled
 NUMA Support: Disabled
 Compressed Oops: Enabled (32-bit)
 Heap Region Size: 1M
 Heap Min Capacity: 8M
 Heap Initial Capacity: 192M
 Heap Max Capacity: 2G
 Pre-touch: Disabled
 Parallel Workers: 4
 Concurrent Workers: 1
 Concurrent Refinement Workers: 4
 Periodic GC: Disabled

Heap:
 garbage-first heap   total 144384K, used 59311K [0x0000000080000000, 0x0000000100000000)
  region size 1024K, 1 young (1024K), 1 survivors (1024K)
 Metaspace       used 70873K, committed 72640K, reserved 487424K
  class space    used 9915K, committed 10816K, reserved 421888K

Heap Regions: E=young(eden), S=young(survivor), O=old, HS=humongous(starts), HC=humongous(continues), CS=collection set, F=free, OA=open archive, CA=closed archive, TAMS=top-at-mark-start (previous, next)
|   0|0x0000000080000000, 0x0000000080100000, 0x0000000080100000|100%|HS|  |TAMS 0x0000000080100000, 0x0000000080000000| Complete 
|   1|0x0000000080100000, 0x0000000080200000, 0x0000000080200000|100%|HC|  |TAMS 0x0000000080200000, 0x0000000080100000| Complete 
|   2|0x0000000080200000, 0x0000000080300000, 0x0000000080300000|100%|HC|  |TAMS 0x0000000080300000, 0x0000000080200000| Complete 
|   3|0x0000000080300000, 0x0000000080400000, 0x0000000080400000|100%| O|  |TAMS 0x0000000080400000, 0x0000000080300000| Untracked 
|   4|0x0000000080400000, 0x0000000080500000, 0x0000000080500000|100%| O|  |TAMS 0x0000000080500000, 0x0000000080400000| Untracked 
|   5|0x0000000080500000, 0x0000000080600000, 0x0000000080600000|100%| O|  |TAMS 0x0000000080600000, 0x0000000080500000| Untracked 
|   6|0x0000000080600000, 0x0000000080700000, 0x0000000080700000|100%| O|  |TAMS 0x0000000080700000, 0x0000000080600000| Untracked 
|   7|0x0000000080700000, 0x0000000080800000, 0x0000000080800000|100%|HS|  |TAMS 0x0000000080800000, 0x0000000080700000| Complete 
|   8|0x0000000080800000, 0x0000000080900000, 0x0000000080900000|100%| O|  |TAMS 0x0000000080900000, 0x0000000080800000| Untracked 
|   9|0x0000000080900000, 0x0000000080a00000, 0x0000000080a00000|100%| O|  |TAMS 0x0000000080a00000, 0x0000000080900000| Untracked 
|  10|0x0000000080a00000, 0x0000000080b00000, 0x0000000080b00000|100%| O|  |TAMS 0x0000000080b00000, 0x0000000080a00000| Untracked 
|  11|0x0000000080b00000, 0x0000000080c00000, 0x0000000080c00000|100%| O|  |TAMS 0x0000000080c00000, 0x0000000080b00000| Untracked 
|  12|0x0000000080c00000, 0x0000000080d00000, 0x0000000080d00000|100%| O|  |TAMS 0x0000000080d00000, 0x0000000080c00000| Untracked 
|  13|0x0000000080d00000, 0x0000000080e00000, 0x0000000080e00000|100%| O|  |TAMS 0x0000000080e00000, 0x0000000080d00000| Untracked 
|  14|0x0000000080e00000, 0x0000000080f00000, 0x0000000080f00000|100%| O|  |TAMS 0x0000000080f00000, 0x0000000080e00000| Untracked 
|  15|0x0000000080f00000, 0x0000000081000000, 0x0000000081000000|100%| O|  |TAMS 0x0000000081000000, 0x0000000080f00000| Untracked 
|  16|0x0000000081000000, 0x0000000081100000, 0x0000000081100000|100%| O|  |TAMS 0x0000000081100000, 0x0000000081000000| Untracked 
|  17|0x0000000081100000, 0x0000000081200000, 0x0000000081200000|100%| O|  |TAMS 0x0000000081200000, 0x0000000081100000| Untracked 
|  18|0x0000000081200000, 0x0000000081300000, 0x0000000081300000|100%| O|  |TAMS 0x0000000081300000, 0x0000000081200000| Untracked 
|  19|0x0000000081300000, 0x0000000081400000, 0x0000000081400000|100%| O|  |TAMS 0x0000000081400000, 0x0000000081300000| Untracked 
|  20|0x0000000081400000, 0x0000000081500000, 0x0000000081500000|100%| O|  |TAMS 0x0000000081500000, 0x0000000081400000| Untracked 
|  21|0x0000000081500000, 0x0000000081600000, 0x0000000081600000|100%| O|  |TAMS 0x0000000081600000, 0x0000000081500000| Untracked 
|  22|0x0000000081600000, 0x0000000081700000, 0x0000000081700000|100%| O|  |TAMS 0x0000000081700000, 0x0000000081600000| Untracked 
|  23|0x0000000081700000, 0x0000000081800000, 0x0000000081800000|100%| O|  |TAMS 0x0000000081800000, 0x0000000081700000| Untracked 
|  24|0x0000000081800000, 0x0000000081900000, 0x0000000081900000|100%| O|  |TAMS 0x0000000081900000, 0x0000000081800000| Untracked 
|  25|0x0000000081900000, 0x0000000081a00000, 0x0000000081a00000|100%| O|  |TAMS 0x0000000081a00000, 0x0000000081900000| Untracked 
|  26|0x0000000081a00000, 0x0000000081b00000, 0x0000000081b00000|100%| O|  |TAMS 0x0000000081b00000, 0x0000000081a00000| Untracked 
|  27|0x0000000081b00000, 0x0000000081c00000, 0x0000000081c00000|100%| O|  |TAMS 0x0000000081c00000, 0x0000000081b00000| Untracked 
|  28|0x0000000081c00000, 0x0000000081d00000, 0x0000000081d00000|100%| O|  |TAMS 0x0000000081d00000, 0x0000000081c00000| Untracked 
|  29|0x0000000081d00000, 0x0000000081e00000, 0x0000000081e00000|100%| O|  |TAMS 0x0000000081e00000, 0x0000000081d00000| Untracked 
|  30|0x0000000081e00000, 0x0000000081f00000, 0x0000000081f00000|100%| O|  |TAMS 0x0000000081e00000, 0x0000000081e00000| Untracked 
|  31|0x0000000081f00000, 0x0000000082000000, 0x0000000082000000|100%| O|  |TAMS 0x0000000082000000, 0x0000000081f00000| Untracked 
|  32|0x0000000082000000, 0x0000000082100000, 0x0000000082100000|100%| O|  |TAMS 0x0000000082100000, 0x0000000082000000| Untracked 
|  33|0x0000000082100000, 0x0000000082200000, 0x0000000082200000|100%| O|  |TAMS 0x0000000082200000, 0x0000000082100000| Untracked 
|  34|0x0000000082200000, 0x0000000082200000, 0x0000000082300000|  0%| F|  |TAMS 0x0000000082200000, 0x0000000082200000| Untracked 
|  35|0x0000000082300000, 0x0000000082400000, 0x0000000082400000|100%| O|  |TAMS 0x0000000082400000, 0x0000000082300000| Untracked 
|  36|0x0000000082400000, 0x0000000082500000, 0x0000000082500000|100%| O|  |TAMS 0x0000000082500000, 0x0000000082400000| Untracked 
|  37|0x0000000082500000, 0x0000000082600000, 0x0000000082600000|100%| O|  |TAMS 0x0000000082600000, 0x0000000082500000| Untracked 
|  38|0x0000000082600000, 0x0000000082700000, 0x0000000082700000|100%| O|  |TAMS 0x0000000082700000, 0x0000000082600000| Untracked 
|  39|0x0000000082700000, 0x0000000082800000, 0x0000000082800000|100%| O|  |TAMS 0x0000000082800000, 0x0000000082700000| Untracked 
|  40|0x0000000082800000, 0x0000000082900000, 0x0000000082900000|100%| O|  |TAMS 0x0000000082900000, 0x0000000082800000| Untracked 
|  41|0x0000000082900000, 0x0000000082a00000, 0x0000000082a00000|100%| O|  |TAMS 0x0000000082a00000, 0x0000000082900000| Untracked 
|  42|0x0000000082a00000, 0x0000000082b00000, 0x0000000082b00000|100%| O|  |TAMS 0x0000000082b00000, 0x0000000082a00000| Untracked 
|  43|0x0000000082b00000, 0x0000000082c00000, 0x0000000082c00000|100%| O|  |TAMS 0x0000000082c00000, 0x0000000082b00000| Untracked 
|  44|0x0000000082c00000, 0x0000000082c4d200, 0x0000000082d00000| 30%| O|  |TAMS 0x0000000082c00000, 0x0000000082c00000| Untracked 
|  45|0x0000000082d00000, 0x0000000082d00000, 0x0000000082e00000|  0%| F|  |TAMS 0x0000000082d00000, 0x0000000082d00000| Untracked 
|  46|0x0000000082e00000, 0x0000000082e00000, 0x0000000082f00000|  0%| F|  |TAMS 0x0000000082e00000, 0x0000000082e00000| Untracked 
|  47|0x0000000082f00000, 0x0000000082f00000, 0x0000000083000000|  0%| F|  |TAMS 0x0000000082f00000, 0x0000000082f00000| Untracked 
|  48|0x0000000083000000, 0x0000000083000000, 0x0000000083100000|  0%| F|  |TAMS 0x0000000083000000, 0x0000000083000000| Untracked 
|  49|0x0000000083100000, 0x0000000083100000, 0x0000000083200000|  0%| F|  |TAMS 0x0000000083100000, 0x0000000083100000| Untracked 
|  50|0x0000000083200000, 0x0000000083300000, 0x0000000083300000|100%| O|  |TAMS 0x0000000083300000, 0x0000000083200000| Untracked 
|  51|0x0000000083300000, 0x0000000083400000, 0x0000000083400000|100%| O|  |TAMS 0x0000000083400000, 0x0000000083300000| Untracked 
|  52|0x0000000083400000, 0x0000000083500000, 0x0000000083500000|100%| O|  |TAMS 0x0000000083500000, 0x0000000083400000| Untracked 
|  53|0x0000000083500000, 0x0000000083600000, 0x0000000083600000|100%| O|  |TAMS 0x0000000083500000, 0x0000000083500000| Untracked 
|  54|0x0000000083600000, 0x0000000083700000, 0x0000000083700000|100%| O|  |TAMS 0x0000000083600000, 0x0000000083600000| Untracked 
|  55|0x0000000083700000, 0x0000000083800000, 0x0000000083800000|100%| O|  |TAMS 0x0000000083714600, 0x0000000083700000| Untracked 
|  56|0x0000000083800000, 0x0000000083900000, 0x0000000083900000|100%| O|  |TAMS 0x0000000083800000, 0x0000000083800000| Untracked 
|  57|0x0000000083900000, 0x0000000083a00000, 0x0000000083a00000|100%| O|  |TAMS 0x0000000083900000, 0x0000000083900000| Untracked 
|  58|0x0000000083a00000, 0x0000000083b00000, 0x0000000083b00000|100%| O|  |TAMS 0x0000000083a00000, 0x0000000083a00000| Untracked 
|  59|0x0000000083b00000, 0x0000000083c00000, 0x0000000083c00000|100%| O|  |TAMS 0x0000000083b00000, 0x0000000083b00000| Untracked 
|  60|0x0000000083c00000, 0x0000000083d00000, 0x0000000083d00000|100%|HS|  |TAMS 0x0000000083c00000, 0x0000000083c00000| Complete 
|  61|0x0000000083d00000, 0x0000000083e00000, 0x0000000083e00000|100%| O|  |TAMS 0x0000000083d00000, 0x0000000083d00000| Untracked 
|  62|0x0000000083e00000, 0x0000000083f00000, 0x0000000083f00000|100%| O|  |TAMS 0x0000000083e00000, 0x0000000083e00000| Untracked 
|  63|0x0000000083f00000, 0x0000000084000000, 0x0000000084000000|100%| O|  |TAMS 0x0000000083f00000, 0x0000000083f00000| Untracked 
|  64|0x0000000084000000, 0x0000000084000000, 0x0000000084100000|  0%| F|  |TAMS 0x0000000084000000, 0x0000000084000000| Untracked 
|  65|0x0000000084100000, 0x0000000084100000, 0x0000000084200000|  0%| F|  |TAMS 0x0000000084100000, 0x0000000084100000| Untracked 
|  66|0x0000000084200000, 0x0000000084200000, 0x0000000084300000|  0%| F|  |TAMS 0x0000000084200000, 0x0000000084200000| Untracked 
|  67|0x0000000084300000, 0x0000000084300000, 0x0000000084400000|  0%| F|  |TAMS 0x0000000084300000, 0x0000000084300000| Untracked 
|  68|0x0000000084400000, 0x0000000084400000, 0x0000000084500000|  0%| F|  |TAMS 0x0000000084400000, 0x0000000084400000| Untracked 
|  69|0x0000000084500000, 0x0000000084500000, 0x0000000084600000|  0%| F|  |TAMS 0x0000000084500000, 0x0000000084500000| Untracked 
|  70|0x0000000084600000, 0x0000000084600000, 0x0000000084700000|  0%| F|  |TAMS 0x0000000084600000, 0x0000000084600000| Untracked 
|  71|0x0000000084700000, 0x0000000084700000, 0x0000000084800000|  0%| F|  |TAMS 0x0000000084700000, 0x0000000084700000| Untracked 
|  72|0x0000000084800000, 0x0000000084800000, 0x0000000084900000|  0%| F|  |TAMS 0x0000000084800000, 0x0000000084800000| Untracked 
|  73|0x0000000084900000, 0x0000000084900000, 0x0000000084a00000|  0%| F|  |TAMS 0x0000000084900000, 0x0000000084900000| Untracked 
|  74|0x0000000084a00000, 0x0000000084a00000, 0x0000000084b00000|  0%| F|  |TAMS 0x0000000084a00000, 0x0000000084a00000| Untracked 
|  75|0x0000000084b00000, 0x0000000084b00000, 0x0000000084c00000|  0%| F|  |TAMS 0x0000000084b00000, 0x0000000084b00000| Untracked 
|  76|0x0000000084c00000, 0x0000000084c00000, 0x0000000084d00000|  0%| F|  |TAMS 0x0000000084c00000, 0x0000000084c00000| Untracked 
|  77|0x0000000084d00000, 0x0000000084d00000, 0x0000000084e00000|  0%| F|  |TAMS 0x0000000084d00000, 0x0000000084d00000| Untracked 
|  78|0x0000000084e00000, 0x0000000084e00000, 0x0000000084f00000|  0%| F|  |TAMS 0x0000000084e00000, 0x0000000084e00000| Untracked 
|  79|0x0000000084f00000, 0x0000000084f00000, 0x0000000085000000|  0%| F|  |TAMS 0x0000000084f00000, 0x0000000084f00000| Untracked 
|  80|0x0000000085000000, 0x0000000085000000, 0x0000000085100000|  0%| F|  |TAMS 0x0000000085000000, 0x0000000085000000| Untracked 
|  81|0x0000000085100000, 0x0000000085100000, 0x0000000085200000|  0%| F|  |TAMS 0x0000000085100000, 0x0000000085100000| Untracked 
|  82|0x0000000085200000, 0x0000000085200000, 0x0000000085300000|  0%| F|  |TAMS 0x0000000085200000, 0x0000000085200000| Untracked 
|  83|0x0000000085300000, 0x0000000085300000, 0x0000000085400000|  0%| F|  |TAMS 0x0000000085300000, 0x0000000085300000| Untracked 
|  84|0x0000000085400000, 0x0000000085400000, 0x0000000085500000|  0%| F|  |TAMS 0x0000000085400000, 0x0000000085400000| Untracked 
|  85|0x0000000085500000, 0x0000000085500000, 0x0000000085600000|  0%| F|  |TAMS 0x0000000085500000, 0x0000000085500000| Untracked 
|  86|0x0000000085600000, 0x0000000085600000, 0x0000000085700000|  0%| F|  |TAMS 0x0000000085600000, 0x0000000085600000| Untracked 
|  87|0x0000000085700000, 0x0000000085700000, 0x0000000085800000|  0%| F|  |TAMS 0x0000000085700000, 0x0000000085700000| Untracked 
|  88|0x0000000085800000, 0x0000000085800000, 0x0000000085900000|  0%| F|  |TAMS 0x0000000085800000, 0x0000000085800000| Untracked 
|  89|0x0000000085900000, 0x0000000085900000, 0x0000000085a00000|  0%| F|  |TAMS 0x0000000085900000, 0x0000000085900000| Untracked 
|  90|0x0000000085a00000, 0x0000000085a00000, 0x0000000085b00000|  0%| F|  |TAMS 0x0000000085a00000, 0x0000000085a00000| Untracked 
|  91|0x0000000085b00000, 0x0000000085b00000, 0x0000000085c00000|  0%| F|  |TAMS 0x0000000085b00000, 0x0000000085b00000| Untracked 
|  92|0x0000000085c00000, 0x0000000085c00000, 0x0000000085d00000|  0%| F|  |TAMS 0x0000000085c00000, 0x0000000085c00000| Untracked 
|  93|0x0000000085d00000, 0x0000000085d00000, 0x0000000085e00000|  0%| F|  |TAMS 0x0000000085d00000, 0x0000000085d00000| Untracked 
|  94|0x0000000085e00000, 0x0000000085e00000, 0x0000000085f00000|  0%| F|  |TAMS 0x0000000085e00000, 0x0000000085e00000| Untracked 
|  95|0x0000000085f00000, 0x0000000085f00000, 0x0000000086000000|  0%| F|  |TAMS 0x0000000085f00000, 0x0000000085f00000| Untracked 
|  96|0x0000000086000000, 0x0000000086000000, 0x0000000086100000|  0%| F|  |TAMS 0x0000000086000000, 0x0000000086000000| Untracked 
|  97|0x0000000086100000, 0x0000000086100000, 0x0000000086200000|  0%| F|  |TAMS 0x0000000086100000, 0x0000000086100000| Untracked 
|  98|0x0000000086200000, 0x0000000086200000, 0x0000000086300000|  0%| F|  |TAMS 0x0000000086200000, 0x0000000086200000| Untracked 
|  99|0x0000000086300000, 0x0000000086300000, 0x0000000086400000|  0%| F|  |TAMS 0x0000000086300000, 0x0000000086300000| Untracked 
| 100|0x0000000086400000, 0x0000000086400000, 0x0000000086500000|  0%| F|  |TAMS 0x0000000086400000, 0x0000000086400000| Untracked 
| 101|0x0000000086500000, 0x0000000086500000, 0x0000000086600000|  0%| F|  |TAMS 0x0000000086500000, 0x0000000086500000| Untracked 
| 102|0x0000000086600000, 0x0000000086600000, 0x0000000086700000|  0%| F|  |TAMS 0x0000000086600000, 0x0000000086600000| Untracked 
| 103|0x0000000086700000, 0x0000000086700000, 0x0000000086800000|  0%| F|  |TAMS 0x0000000086700000, 0x0000000086700000| Untracked 
| 104|0x0000000086800000, 0x0000000086800000, 0x0000000086900000|  0%| F|  |TAMS 0x0000000086800000, 0x0000000086800000| Untracked 
| 105|0x0000000086900000, 0x0000000086900000, 0x0000000086a00000|  0%| F|  |TAMS 0x0000000086900000, 0x0000000086900000| Untracked 
| 106|0x0000000086a00000, 0x0000000086a00000, 0x0000000086b00000|  0%| F|  |TAMS 0x0000000086a00000, 0x0000000086a00000| Untracked 
| 107|0x0000000086b00000, 0x0000000086b00000, 0x0000000086c00000|  0%| F|  |TAMS 0x0000000086b00000, 0x0000000086b00000| Untracked 
| 108|0x0000000086c00000, 0x0000000086c00000, 0x0000000086d00000|  0%| F|  |TAMS 0x0000000086c00000, 0x0000000086c00000| Untracked 
| 109|0x0000000086d00000, 0x0000000086d00000, 0x0000000086e00000|  0%| F|  |TAMS 0x0000000086d00000, 0x0000000086d00000| Untracked 
| 110|0x0000000086e00000, 0x0000000086e00000, 0x0000000086f00000|  0%| F|  |TAMS 0x0000000086e00000, 0x0000000086e00000| Untracked 
| 111|0x0000000086f00000, 0x0000000086f00000, 0x0000000087000000|  0%| F|  |TAMS 0x0000000086f00000, 0x0000000086f00000| Untracked 
| 112|0x0000000087000000, 0x0000000087000000, 0x0000000087100000|  0%| F|  |TAMS 0x0000000087000000, 0x0000000087000000| Untracked 
| 113|0x0000000087100000, 0x0000000087100000, 0x0000000087200000|  0%| F|  |TAMS 0x0000000087100000, 0x0000000087100000| Untracked 
| 114|0x0000000087200000, 0x0000000087200000, 0x0000000087300000|  0%| F|  |TAMS 0x0000000087200000, 0x0000000087200000| Untracked 
| 115|0x0000000087300000, 0x0000000087300000, 0x0000000087400000|  0%| F|  |TAMS 0x0000000087300000, 0x0000000087300000| Untracked 
| 116|0x0000000087400000, 0x0000000087400000, 0x0000000087500000|  0%| F|  |TAMS 0x0000000087400000, 0x0000000087400000| Untracked 
| 117|0x0000000087500000, 0x0000000087500000, 0x0000000087600000|  0%| F|  |TAMS 0x0000000087500000, 0x0000000087500000| Untracked 
| 118|0x0000000087600000, 0x0000000087600000, 0x0000000087700000|  0%| F|  |TAMS 0x0000000087600000, 0x0000000087600000| Untracked 
| 119|0x0000000087700000, 0x0000000087700000, 0x0000000087800000|  0%| F|  |TAMS 0x0000000087700000, 0x0000000087700000| Untracked 
| 120|0x0000000087800000, 0x0000000087800000, 0x0000000087900000|  0%| F|  |TAMS 0x0000000087800000, 0x0000000087800000| Untracked 
| 121|0x0000000087900000, 0x0000000087900000, 0x0000000087a00000|  0%| F|  |TAMS 0x0000000087900000, 0x0000000087900000| Untracked 
| 122|0x0000000087a00000, 0x0000000087a00000, 0x0000000087b00000|  0%| F|  |TAMS 0x0000000087a00000, 0x0000000087a00000| Untracked 
| 123|0x0000000087b00000, 0x0000000087b00000, 0x0000000087c00000|  0%| F|  |TAMS 0x0000000087b00000, 0x0000000087b00000| Untracked 
| 124|0x0000000087c00000, 0x0000000087c00000, 0x0000000087d00000|  0%| F|  |TAMS 0x0000000087c00000, 0x0000000087c00000| Untracked 
| 125|0x0000000087d00000, 0x0000000087d00000, 0x0000000087e00000|  0%| F|  |TAMS 0x0000000087d00000, 0x0000000087d00000| Untracked 
| 126|0x0000000087e00000, 0x0000000087e00000, 0x0000000087f00000|  0%| F|  |TAMS 0x0000000087e00000, 0x0000000087e00000| Untracked 
| 127|0x0000000087f00000, 0x0000000087f00000, 0x0000000088000000|  0%| F|  |TAMS 0x0000000087f00000, 0x0000000087f00000| Untracked 
| 128|0x0000000088000000, 0x0000000088000000, 0x0000000088100000|  0%| F|  |TAMS 0x0000000088000000, 0x0000000088000000| Untracked 
| 129|0x0000000088100000, 0x0000000088100000, 0x0000000088200000|  0%| F|  |TAMS 0x0000000088100000, 0x0000000088100000| Untracked 
| 130|0x0000000088200000, 0x0000000088200000, 0x0000000088300000|  0%| F|  |TAMS 0x0000000088200000, 0x0000000088200000| Untracked 
| 131|0x0000000088300000, 0x0000000088300000, 0x0000000088400000|  0%| F|  |TAMS 0x0000000088300000, 0x0000000088300000| Untracked 
| 132|0x0000000088400000, 0x0000000088400000, 0x0000000088500000|  0%| F|  |TAMS 0x0000000088400000, 0x0000000088400000| Untracked 
| 133|0x0000000088500000, 0x0000000088500000, 0x0000000088600000|  0%| F|  |TAMS 0x0000000088500000, 0x0000000088500000| Untracked 
| 134|0x0000000088600000, 0x0000000088600000, 0x0000000088700000|  0%| F|  |TAMS 0x0000000088600000, 0x0000000088600000| Untracked 
| 135|0x0000000088700000, 0x0000000088700000, 0x0000000088800000|  0%| F|  |TAMS 0x0000000088700000, 0x0000000088700000| Untracked 
| 136|0x0000000088800000, 0x000000008889eba0, 0x0000000088900000| 62%| S|CS|TAMS 0x0000000088800000, 0x0000000088800000| Complete 
| 137|0x0000000088900000, 0x0000000088900000, 0x0000000088a00000|  0%| F|  |TAMS 0x0000000088900000, 0x0000000088900000| Untracked 
| 138|0x0000000088a00000, 0x0000000088a00000, 0x0000000088b00000|  0%| F|  |TAMS 0x0000000088a00000, 0x0000000088a00000| Untracked 
| 139|0x0000000088b00000, 0x0000000088b00000, 0x0000000088c00000|  0%| F|  |TAMS 0x0000000088b00000, 0x0000000088b00000| Untracked 
| 191|0x000000008bf00000, 0x000000008bf00000, 0x000000008c000000|  0%| F|  |TAMS 0x000000008bf00000, 0x000000008bf00000| Untracked 

Card table byte_map: [0x0000015cfe470000,0x0000015cfe870000] _byte_map_base: 0x0000015cfe070000

Marking Bits (Prev, Next): (CMBitMap*) 0x0000015cf43340f0, (CMBitMap*) 0x0000015cf43340b0
 Prev Bits: [0x0000015c91000000, 0x0000015c93000000)
 Next Bits: [0x0000015c8f000000, 0x0000015c91000000)

Polling page: 0x0000015cf4390000

Metaspace:

Usage:
  Non-class:     59.53 MB used.
      Class:      9.68 MB used.
       Both:     69.21 MB used.

Virtual space:
  Non-class space:       64.00 MB reserved,      60.38 MB ( 94%) committed,  1 nodes.
      Class space:      412.00 MB reserved,      10.56 MB (  3%) committed,  1 nodes.
             Both:      476.00 MB reserved,      70.94 MB ( 15%) committed. 

Chunk freelists:
   Non-Class:  3.56 MB
       Class:  1.33 MB
        Both:  4.89 MB

MaxMetaspaceSize: 512.00 MB
CompressedClassSpaceSize: 412.00 MB
Initial GC threshold: 21.00 MB
Current GC threshold: 118.25 MB
CDS: on
MetaspaceReclaimPolicy: balanced
 - commit_granule_bytes: 65536.
 - commit_granule_words: 8192.
 - virtual_space_node_default_size: 8388608.
 - enlarge_chunks_in_place: 1.
 - new_chunks_are_fully_committed: 0.
 - uncommit_free_chunks: 1.
 - use_allocation_guard: 0.


Internal statistics:

num_allocs_failed_limit: 9.
num_arena_births: 3228.
num_arena_deaths: 0.
num_vsnodes_births: 2.
num_vsnodes_deaths: 0.
num_space_committed: 1133.
num_space_uncommitted: 0.
num_chunks_returned_to_freelist: 9.
num_chunks_taken_from_freelist: 6443.
num_chunk_merges: 3.
num_chunk_splits: 4265.
num_chunks_enlarged: 2710.
num_inconsistent_stats: 0.

CodeHeap 'non-profiled nmethods': size=120000Kb used=3345Kb max_used=3345Kb free=116654Kb
 bounds [0x0000015c87ad0000, 0x0000015c87e20000, 0x0000015c8f000000]
CodeHeap 'profiled nmethods': size=120000Kb used=10931Kb max_used=10931Kb free=109068Kb
 bounds [0x0000015c80000000, 0x0000015c80ab0000, 0x0000015c87530000]
CodeHeap 'non-nmethods': size=5760Kb used=2485Kb max_used=2528Kb free=3274Kb
 bounds [0x0000015c87530000, 0x0000015c877b0000, 0x0000015c87ad0000]
 total_blobs=6551 nmethods=5616 adapters=845
 compilation: enabled
              stopped_count=0, restarted_count=0
 full_count=0

Compilation events (20 events):
Event: 39.155 Thread 0x0000015cff2f7db0 6473       3       jdk.internal.jimage.ImageBufferCache::releaseBuffer (71 bytes)
Event: 39.157 Thread 0x0000015cff2f7db0 nmethod 6473 0x0000015c80aa5190 code [0x0000015c80aa5400, 0x0000015c80aa62b8]
Event: 39.157 Thread 0x0000015cff2f7db0 6478       3       org.jetbrains.kotlin.cli.jvm.modules.CoreJrtVirtualFile::equals (47 bytes)
Event: 39.158 Thread 0x0000015cff2f7db0 nmethod 6478 0x0000015c80aa6610 code [0x0000015c80aa6820, 0x0000015c80aa7208]
Event: 39.158 Thread 0x0000015cff2f7db0 6479       3       jdk.internal.jrtfs.JrtPath::equals (30 bytes)
Event: 39.159 Thread 0x0000015cff2f7db0 nmethod 6479 0x0000015c80aa7410 code [0x0000015c80aa75e0, 0x0000015c80aa79c8]
Event: 39.160 Thread 0x0000015cff2f7db0 6477       3       org.jetbrains.kotlin.cli.jvm.index.JavaRoot::equals (68 bytes)
Event: 39.161 Thread 0x0000015cff2f7db0 nmethod 6477 0x0000015c80aa7b10 code [0x0000015c80aa7d40, 0x0000015c80aa85b8]
Event: 39.161 Thread 0x0000015cff2f7db0 6476       3       org.jetbrains.kotlin.cli.jvm.modules.CliJavaModuleFinder::findModule (107 bytes)
Event: 39.164 Thread 0x0000015cff2f7db0 nmethod 6476 0x0000015c80aa8790 code [0x0000015c80aa8aa0, 0x0000015c80aa9cd8]
Event: 39.186 Thread 0x0000015cff2f7db0 6480       3       java.util.regex.Pattern$BitClass::add (97 bytes)
Event: 39.187 Thread 0x0000015cff2f7db0 nmethod 6480 0x0000015c80aaa190 code [0x0000015c80aaa3e0, 0x0000015c80aaad38]
Event: 39.187 Thread 0x0000015cff2f7db0 6481       3       java.util.regex.Pattern::atom (422 bytes)
Event: 39.190 Thread 0x0000015cff2f7db0 nmethod 6481 0x0000015c80aab110 code [0x0000015c80aab480, 0x0000015c80aacbc8]
Event: 39.199 Thread 0x0000015cff2f7db0 6482       3       java.lang.String::replace (42 bytes)
Event: 39.200 Thread 0x0000015cff2f7db0 nmethod 6482 0x0000015c80aad290 code [0x0000015c80aad460, 0x0000015c80aad798]
Event: 39.217 Thread 0x0000015c9c8245a0 nmethod 6424 0x0000015c87e0e310 code [0x0000015c87e0e720, 0x0000015c87e11590]
Event: 39.219 Thread 0x0000015c9c8245a0 6474       4       org.jetbrains.kotlin.com.intellij.openapi.util.text.StringUtilRt::equal (120 bytes)
Event: 39.230 Thread 0x0000015c9c8245a0 nmethod 6474 0x0000015c87e13d10 code [0x0000015c87e13ec0, 0x0000015c87e14238]
Event: 39.230 Thread 0x0000015c9c8245a0 6468       4       java.lang.ThreadLocal::get (8 bytes)

GC Heap History (20 events):
Event: 32.726 GC heap after
{Heap after GC invocations=18 (full 0):
 garbage-first heap   total 86016K, used 41824K [0x0000000080000000, 0x0000000100000000)
  region size 1024K, 3 young (3072K), 3 survivors (3072K)
 Metaspace       used 54334K, committed 56064K, reserved 487424K
  class space    used 7478K, committed 8384K, reserved 421888K
}
Event: 34.056 GC heap before
{Heap before GC invocations=19 (full 0):
 garbage-first heap   total 86016K, used 70496K [0x0000000080000000, 0x0000000100000000)
  region size 1024K, 31 young (31744K), 3 survivors (3072K)
 Metaspace       used 57813K, committed 59520K, reserved 487424K
  class space    used 7934K, committed 8832K, reserved 421888K
}
Event: 34.062 GC heap after
{Heap after GC invocations=20 (full 0):
 garbage-first heap   total 86016K, used 42742K [0x0000000080000000, 0x0000000100000000)
  region size 1024K, 2 young (2048K), 2 survivors (2048K)
 Metaspace       used 57813K, committed 59520K, reserved 487424K
  class space    used 7934K, committed 8832K, reserved 421888K
}
Event: 34.165 GC heap before
{Heap before GC invocations=20 (full 0):
 garbage-first heap   total 86016K, used 44790K [0x0000000080000000, 0x0000000100000000)
  region size 1024K, 4 young (4096K), 2 survivors (2048K)
 Metaspace       used 58083K, committed 59840K, reserved 487424K
  class space    used 7963K, committed 8896K, reserved 421888K
}
Event: 34.169 GC heap after
{Heap after GC invocations=21 (full 0):
 garbage-first heap   total 86016K, used 42949K [0x0000000080000000, 0x0000000100000000)
  region size 1024K, 1 young (1024K), 1 survivors (1024K)
 Metaspace       used 58083K, committed 59840K, reserved 487424K
  class space    used 7963K, committed 8896K, reserved 421888K
}
Event: 35.418 GC heap before
{Heap before GC invocations=21 (full 0):
 garbage-first heap   total 86016K, used 70597K [0x0000000080000000, 0x0000000100000000)
  region size 1024K, 29 young (29696K), 1 survivors (1024K)
 Metaspace       used 62281K, committed 64064K, reserved 487424K
  class space    used 8448K, committed 9344K, reserved 421888K
}
Event: 35.421 GC heap after
{Heap after GC invocations=22 (full 0):
 garbage-first heap   total 86016K, used 43245K [0x0000000080000000, 0x0000000100000000)
  region size 1024K, 1 young (1024K), 1 survivors (1024K)
 Metaspace       used 62281K, committed 64064K, reserved 487424K
  class space    used 8448K, committed 9344K, reserved 421888K
}
Event: 36.810 GC heap before
{Heap before GC invocations=23 (full 0):
 garbage-first heap   total 86016K, used 71917K [0x0000000080000000, 0x0000000100000000)
  region size 1024K, 29 young (29696K), 1 survivors (1024K)
 Metaspace       used 65770K, committed 67584K, reserved 487424K
  class space    used 8880K, committed 9792K, reserved 421888K
}
Event: 36.815 GC heap after
{Heap after GC invocations=24 (full 0):
 garbage-first heap   total 86016K, used 44064K [0x0000000080000000, 0x0000000100000000)
  region size 1024K, 2 young (2048K), 2 survivors (2048K)
 Metaspace       used 65770K, committed 67584K, reserved 487424K
  class space    used 8880K, committed 9792K, reserved 421888K
}
Event: 36.906 GC heap before
{Heap before GC invocations=24 (full 0):
 garbage-first heap   total 86016K, used 46112K [0x0000000080000000, 0x0000000100000000)
  region size 1024K, 4 young (4096K), 2 survivors (2048K)
 Metaspace       used 66155K, committed 67904K, reserved 487424K
  class space    used 8913K, committed 9792K, reserved 421888K
}
Event: 36.911 GC heap after
{Heap after GC invocations=25 (full 0):
 garbage-first heap   total 86016K, used 44028K [0x0000000080000000, 0x0000000100000000)
  region size 1024K, 1 young (1024K), 1 survivors (1024K)
 Metaspace       used 66155K, committed 67904K, reserved 487424K
  class space    used 8913K, committed 9792K, reserved 421888K
}
Event: 38.352 GC heap before
{Heap before GC invocations=25 (full 0):
 garbage-first heap   total 86016K, used 78844K [0x0000000080000000, 0x0000000100000000)
  region size 1024K, 29 young (29696K), 1 survivors (1024K)
 Metaspace       used 70683K, committed 72512K, reserved 487424K
  class space    used 9895K, committed 10816K, reserved 421888K
}
Event: 38.356 GC heap after
{Heap after GC invocations=26 (full 0):
 garbage-first heap   total 86016K, used 52875K [0x0000000080000000, 0x0000000100000000)
  region size 1024K, 2 young (2048K), 2 survivors (2048K)
 Metaspace       used 70683K, committed 72512K, reserved 487424K
  class space    used 9895K, committed 10816K, reserved 421888K
}
Event: 38.582 GC heap before
{Heap before GC invocations=26 (full 0):
 garbage-first heap   total 86016K, used 72331K [0x0000000080000000, 0x0000000100000000)
  region size 1024K, 21 young (21504K), 2 survivors (2048K)
 Metaspace       used 70683K, committed 72512K, reserved 487424K
  class space    used 9895K, committed 10816K, reserved 421888K
}
Event: 38.591 GC heap after
{Heap after GC invocations=27 (full 0):
 garbage-first heap   total 86016K, used 57425K [0x0000000080000000, 0x0000000100000000)
  region size 1024K, 3 young (3072K), 3 survivors (3072K)
 Metaspace       used 70683K, committed 72512K, reserved 487424K
  class space    used 9895K, committed 10816K, reserved 421888K
}
Event: 38.767 GC heap before
{Heap before GC invocations=27 (full 0):
 garbage-first heap   total 86016K, used 64593K [0x0000000080000000, 0x0000000100000000)
  region size 1024K, 11 young (11264K), 3 survivors (3072K)
 Metaspace       used 70792K, committed 72640K, reserved 487424K
  class space    used 9899K, committed 10816K, reserved 421888K
}
Event: 38.787 GC heap after
{Heap after GC invocations=28 (full 0):
 garbage-first heap   total 86016K, used 62988K [0x0000000080000000, 0x0000000100000000)
  region size 1024K, 2 young (2048K), 2 survivors (2048K)
 Metaspace       used 70792K, committed 72640K, reserved 487424K
  class space    used 9899K, committed 10816K, reserved 421888K
}
Event: 39.062 GC heap before
{Heap before GC invocations=29 (full 0):
 garbage-first heap   total 116736K, used 70156K [0x0000000080000000, 0x0000000100000000)
  region size 1024K, 8 young (8192K), 2 survivors (2048K)
 Metaspace       used 70800K, committed 72640K, reserved 487424K
  class space    used 9900K, committed 10816K, reserved 421888K
}
Event: 39.072 GC heap after
{Heap after GC invocations=30 (full 0):
 garbage-first heap   total 116736K, used 58634K [0x0000000080000000, 0x0000000100000000)
  region size 1024K, 1 young (1024K), 1 survivors (1024K)
 Metaspace       used 70800K, committed 72640K, reserved 487424K
  class space    used 9900K, committed 10816K, reserved 421888K
}
Event: 39.230 GC heap before
{Heap before GC invocations=30 (full 0):
 garbage-first heap   total 116736K, used 62730K [0x0000000080000000, 0x0000000100000000)
  region size 1024K, 5 young (5120K), 1 survivors (1024K)
 Metaspace       used 70873K, committed 72640K, reserved 487424K
  class space    used 9915K, committed 10816K, reserved 421888K
}

Dll operation events (15 events):
Event: 0.038 Loaded shared library C:\Program Files\Java\jdk-19\bin\java.dll
Event: 0.077 Loaded shared library C:\Program Files\Java\jdk-19\bin\jsvml.dll
Event: 0.262 Loaded shared library C:\Program Files\Java\jdk-19\bin\zip.dll
Event: 0.271 Loaded shared library C:\Program Files\Java\jdk-19\bin\instrument.dll
Event: 0.290 Loaded shared library C:\Program Files\Java\jdk-19\bin\net.dll
Event: 0.299 Loaded shared library C:\Program Files\Java\jdk-19\bin\nio.dll
Event: 0.309 Loaded shared library C:\Program Files\Java\jdk-19\bin\zip.dll
Event: 1.297 Loaded shared library C:\Program Files\Java\jdk-19\bin\jimage.dll
Event: 1.916 Loaded shared library C:\Program Files\Java\jdk-19\bin\verify.dll
Event: 2.245 Loaded shared library C:\Users\denni\.gradle\native\1def1411415f61bf3af743bc5b6707747c0891f09f0c88961ee8f79bc544acac\windows-amd64\native-platform.dll
Event: 2.283 Loaded shared library C:\Users\denni\.gradle\native\0.2.7\x86_64-windows-gnu\gradle-fileevents.dll
Event: 6.641 Loaded shared library C:\Program Files\Java\jdk-19\bin\management.dll
Event: 6.649 Loaded shared library C:\Program Files\Java\jdk-19\bin\management_ext.dll
Event: 8.070 Loaded shared library C:\Program Files\Java\jdk-19\bin\extnet.dll
Event: 8.810 Loaded shared library C:\Program Files\Java\jdk-19\bin\sunmscapi.dll

Deoptimization events (20 events):
Event: 38.869 Thread 0x0000015c9a5355c0 DEOPT PACKING pc=0x0000015c87df3d08 sp=0x0000004dc5bf32d0
Event: 38.869 Thread 0x0000015c9a5355c0 DEOPT UNPACKING pc=0x0000015c87596da3 sp=0x0000004dc5bf3290 mode 2
Event: 38.903 Thread 0x0000015c9a5355c0 Uncommon trap: trap_request=0xffffff45 fr.pc=0x0000015c87e00a60 relative=0x0000000000002060
Event: 38.903 Thread 0x0000015c9a5355c0 Uncommon trap: reason=unstable_if action=reinterpret pc=0x0000015c87e00a60 method=org.jetbrains.kotlin.com.intellij.openapi.vfs.impl.jar.CoreJarHandler.getOrCreateFile(Lorg/jetbrains/kotlin/com/intellij/openapi/vfs/impl/ArchiveHandler$EntryInfo;Ljava/util
Event: 38.903 Thread 0x0000015c9a5355c0 DEOPT PACKING pc=0x0000015c87e00a60 sp=0x0000004dc5bf33d0
Event: 38.903 Thread 0x0000015c9a5355c0 DEOPT UNPACKING pc=0x0000015c87596da3 sp=0x0000004dc5bf33f0 mode 2
Event: 39.097 Thread 0x0000015c9a5355c0 DEOPT PACKING pc=0x0000015c808f3136 sp=0x0000004dc5bf29d0
Event: 39.097 Thread 0x0000015c9a5355c0 DEOPT UNPACKING pc=0x0000015c87597543 sp=0x0000004dc5bf1f50 mode 0
Event: 39.183 Thread 0x0000015c9a5355c0 Uncommon trap: trap_request=0xffffffbe fr.pc=0x0000015c87dd4620 relative=0x00000000000002e0
Event: 39.183 Thread 0x0000015c9a5355c0 Uncommon trap: reason=profile_predicate action=maybe_recompile pc=0x0000015c87dd4620 method=java.util.regex.Pattern$BnM.optimize(Ljava/util/regex/Pattern$Node;)Ljava/util/regex/Pattern$Node; @ 67 c2
Event: 39.183 Thread 0x0000015c9a5355c0 DEOPT PACKING pc=0x0000015c87dd4620 sp=0x0000004dc5bf2950
Event: 39.183 Thread 0x0000015c9a5355c0 DEOPT UNPACKING pc=0x0000015c87596da3 sp=0x0000004dc5bf28f8 mode 2
Event: 39.183 Thread 0x0000015c9a5355c0 Uncommon trap: trap_request=0xffffff45 fr.pc=0x0000015c87dd3770 relative=0x0000000000000930
Event: 39.183 Thread 0x0000015c9a5355c0 Uncommon trap: reason=unstable_if action=reinterpret pc=0x0000015c87dd3770 method=java.util.regex.Pattern.atom()Ljava/util/regex/Pattern$Node; @ 14 c2
Event: 39.183 Thread 0x0000015c9a5355c0 DEOPT PACKING pc=0x0000015c87dd3770 sp=0x0000004dc5bf1c70
Event: 39.184 Thread 0x0000015c9a5355c0 DEOPT UNPACKING pc=0x0000015c87596da3 sp=0x0000004dc5bf1c18 mode 2
Event: 39.187 Thread 0x0000015c9a5355c0 Uncommon trap: trap_request=0xffffff45 fr.pc=0x0000015c87b92f24 relative=0x00000000000005e4
Event: 39.187 Thread 0x0000015c9a5355c0 Uncommon trap: reason=unstable_if action=reinterpret pc=0x0000015c87b92f24 method=java.lang.String.replace(CC)Ljava/lang/String; @ 2 c2
Event: 39.188 Thread 0x0000015c9a5355c0 DEOPT PACKING pc=0x0000015c87b92f24 sp=0x0000004dc5bf3580
Event: 39.188 Thread 0x0000015c9a5355c0 DEOPT UNPACKING pc=0x0000015c87596da3 sp=0x0000004dc5bf3530 mode 2

Classes loaded (20 events):
Event: 36.872 Loading class java/nio/charset/UnsupportedCharsetException
Event: 36.872 Loading class java/nio/charset/UnsupportedCharsetException done
Event: 36.873 Loading class sun/nio/cs/UTF_32BE
Event: 36.873 Loading class sun/nio/cs/UTF_32BE done
Event: 36.873 Loading class sun/nio/cs/UTF_32LE
Event: 36.874 Loading class sun/nio/cs/UTF_32LE done
Event: 36.874 Loading class sun/nio/cs/MS1251
Event: 36.874 Loading class sun/nio/cs/MS1251 done
Event: 37.955 Loading class java/util/function/IntUnaryOperator
Event: 37.955 Loading class java/util/function/IntUnaryOperator done
Event: 38.141 Loading class java/beans/PropertyChangeSupport
Event: 38.142 Loading class java/beans/PropertyChangeSupport done
Event: 38.142 Loading class java/beans/PropertyChangeSupport$PropertyChangeListenerMap
Event: 38.142 Loading class java/beans/ChangeListenerMap
Event: 38.142 Loading class java/beans/ChangeListenerMap done
Event: 38.142 Loading class java/beans/PropertyChangeSupport$PropertyChangeListenerMap done
Event: 38.268 Loading class java/util/zip/ZipFile$ZipEntryIterator
Event: 38.268 Loading class java/util/zip/ZipFile$ZipEntryIterator done
Event: 39.183 Loading class java/util/regex/Pattern$Bound
Event: 39.183 Loading class java/util/regex/Pattern$Bound done

Classes unloaded (0 events):
No events

Classes redefined (0 events):
No events

Internal exceptions (20 events):
Event: 34.305 Thread 0x0000015c9a5355c0 Exception <a 'java/lang/NoSuchMethodError'{0x0000000088800368}: 'long java.lang.invoke.DirectMethodHandle$Holder.invokeStaticInit(java.lang.Object)'> (0x0000000088800368) 
thrown [s\open\src\hotspot\share\interpreter\linkResolver.cpp, line 774]
Event: 34.544 Thread 0x0000015c9a5355c0 Exception <a 'java/lang/NoSuchMethodError'{0x0000000084aeb660}: 'void java.lang.invoke.DirectMethodHandle$Holder.invokeStaticInit(java.lang.Object)'> (0x0000000084aeb660) 
thrown [s\open\src\hotspot\share\interpreter\linkResolver.cpp, line 774]
Event: 34.565 Thread 0x0000015c9a5355c0 Exception <a 'java/lang/NoSuchMethodError'{0x000000008497a158}: 'void java.lang.invoke.DelegatingMethodHandle$Holder.reinvoke_L(java.lang.Object, java.lang.Object, java.lang.Object, long, java.lang.Object)'> (0x000000008497a158) 
thrown [s\open\src\hotspot\share\interpreter\linkResolver.cpp, line 774]
Event: 34.566 Thread 0x0000015c9a5355c0 Exception <a 'java/lang/NoSuchMethodError'{0x0000000084982e08}: 'java.lang.Object java.lang.invoke.DirectMethodHandle$Holder.invokeSpecial(java.lang.Object, java.lang.Object, java.lang.Object, java.lang.Object, long)'> (0x0000000084982e08) 
thrown [s\open\src\hotspot\share\interpreter\linkResolver.cpp, line 774]
Event: 34.568 Thread 0x0000015c9a5355c0 Exception <a 'java/lang/NoSuchMethodError'{0x0000000084993eb8}: 'int java.lang.invoke.DelegatingMethodHandle$Holder.reinvoke_L(java.lang.Object, java.lang.Object, java.lang.Object, long, java.lang.Object, java.lang.Object)'> (0x0000000084993eb8) 
thrown [s\open\src\hotspot\share\interpreter\linkResolver.cpp, line 774]
Event: 34.570 Thread 0x0000015c9a5355c0 Exception <a 'java/lang/NoSuchMethodError'{0x00000000849a4838}: 'int java.lang.invoke.DelegatingMethodHandle$Holder.reinvoke_L(java.lang.Object, java.lang.Object, java.lang.Object, long, int, int)'> (0x00000000849a4838) 
thrown [s\open\src\hotspot\share\interpreter\linkResolver.cpp, line 774]
Event: 34.572 Thread 0x0000015c9a5355c0 Exception <a 'java/lang/NoSuchMethodError'{0x00000000849b4d10}: 'int java.lang.invoke.DelegatingMethodHandle$Holder.reinvoke_L(java.lang.Object, java.lang.Object, java.lang.Object, long, long, long)'> (0x00000000849b4d10) 
thrown [s\open\src\hotspot\share\interpreter\linkResolver.cpp, line 774]
Event: 34.573 Thread 0x0000015c9a5355c0 Exception <a 'java/lang/NoSuchMethodError'{0x00000000849c4fb0}: 'int java.lang.invoke.DelegatingMethodHandle$Holder.reinvoke_L(java.lang.Object, java.lang.Object, java.lang.Object, long, int)'> (0x00000000849c4fb0) 
thrown [s\open\src\hotspot\share\interpreter\linkResolver.cpp, line 774]
Event: 34.576 Thread 0x0000015c9a5355c0 Exception <a 'java/lang/NoSuchMethodError'{0x00000000849dcbc8}: 'void java.lang.invoke.DelegatingMethodHandle$Holder.reinvoke_L(java.lang.Object, java.lang.Object, java.lang.Object, long, java.lang.Object, long, long)'> (0x00000000849dcbc8) 
thrown [s\open\src\hotspot\share\interpreter\linkResolver.cpp, line 774]
Event: 34.577 Thread 0x0000015c9a5355c0 Exception <a 'java/lang/NoSuchMethodError'{0x00000000849e5788}: 'long java.lang.invoke.Invokers$Holder.invokeExact_MT(java.lang.Object, java.lang.Object, java.lang.Object)'> (0x00000000849e5788) 
thrown [s\open\src\hotspot\share\interpreter\linkResolver.cpp, line 774]
Event: 34.579 Thread 0x0000015c9a5355c0 Exception <a 'java/lang/NoSuchMethodError'{0x00000000849ead78}: 'int java.lang.invoke.Invokers$Holder.invokeExact_MT(java.lang.Object, java.lang.Object, java.lang.Object)'> (0x00000000849ead78) 
thrown [s\open\src\hotspot\share\interpreter\linkResolver.cpp, line 774]
Event: 36.372 Thread 0x0000015c9a5355c0 Exception <a 'java/lang/NoSuchMethodError'{0x00000000841c2160}: 'java.lang.Object java.lang.invoke.DirectMethodHandle$Holder.invokeStatic(java.lang.Object, java.lang.Object, java.lang.Object, java.lang.Object, int, java.lang.Object)'> (0x00000000841c2160) 
thrown [s\open\src\hotspot\share\interpreter\linkResolver.cpp, line 774]
Event: 36.442 Thread 0x0000015c9a5355c0 Exception <a 'java/lang/NoSuchMethodError'{0x00000000840cc3e0}: 'long java.lang.invoke.DirectMethodHandle$Holder.invokeStatic(java.lang.Object, java.lang.Object, int)'> (0x00000000840cc3e0) 
thrown [s\open\src\hotspot\share\interpreter\linkResolver.cpp, line 774]
Event: 36.443 Thread 0x0000015c9a5355c0 Exception <a 'java/lang/NoSuchMethodError'{0x00000000840d9618}: 'java.lang.Object java.lang.invoke.DelegatingMethodHandle$Holder.reinvoke_L(java.lang.Object, int, long, java.lang.Object, java.lang.Object, int, java.lang.Object)'> (0x00000000840d9618) 
thrown [s\open\src\hotspot\share\interpreter\linkResolver.cpp, line 774]
Event: 36.466 Thread 0x0000015c9a5355c0 Exception <a 'sun/nio/fs/WindowsException'{0x0000000083f561a0}> (0x0000000083f561a0) 
thrown [s\open\src\hotspot\share\prims\jni.cpp, line 517]
Event: 38.001 Thread 0x0000015c9a5355c0 Exception <a 'java/lang/NoSuchMethodError'{0x00000000840b8f60}: 'java.lang.Object java.lang.invoke.Invokers$Holder.invokeExact_MT(java.lang.Object, java.lang.Object, long, java.lang.Object)'> (0x00000000840b8f60) 
thrown [s\open\src\hotspot\share\interpreter\linkResolver.cpp, line 774]
Event: 38.005 Thread 0x0000015c9a5355c0 Exception <a 'java/lang/NoSuchMethodError'{0x00000000840cfc90}: 'void java.lang.invoke.Invokers$Holder.invokeExact_MT(java.lang.Object, java.lang.Object, long, java.lang.Object, java.lang.Object)'> (0x00000000840cfc90) 
thrown [s\open\src\hotspot\share\interpreter\linkResolver.cpp, line 774]
Event: 38.268 Thread 0x0000015c9a5355c0 Implicit null exception at 0x0000015c87c89c9e to 0x0000015c87c8a788
Event: 38.903 Thread 0x0000015c9a5355c0 Implicit null exception at 0x0000015c87dfeb42 to 0x0000015c87e00a3c
Event: 39.108 Thread 0x0000015c9a5355c0 Exception <a 'sun/nio/fs/WindowsException'{0x0000000088b2c1f8}> (0x0000000088b2c1f8) 
thrown [s\open\src\hotspot\share\prims\jni.cpp, line 517]

VM Operations (20 events):
Event: 36.911 Executing VM operation: G1CollectForAllocation done
Event: 37.918 Executing VM operation: Cleanup
Event: 37.918 Executing VM operation: Cleanup done
Event: 38.129 Executing VM operation: HandshakeAllThreads
Event: 38.129 Executing VM operation: HandshakeAllThreads done
Event: 38.352 Executing VM operation: G1CollectForAllocation
Event: 38.356 Executing VM operation: G1CollectForAllocation done
Event: 38.582 Executing VM operation: G1CollectForAllocation
Event: 38.591 Executing VM operation: G1CollectForAllocation done
Event: 38.656 Executing VM operation: HandshakeAllThreads
Event: 38.656 Executing VM operation: HandshakeAllThreads done
Event: 38.767 Executing VM operation: G1TryInitiateConcMark
Event: 38.787 Executing VM operation: G1TryInitiateConcMark done
Event: 38.969 Executing VM operation: G1PauseRemark
Event: 38.980 Executing VM operation: G1PauseRemark done
Event: 39.049 Executing VM operation: G1PauseCleanup
Event: 39.059 Executing VM operation: G1PauseCleanup done
Event: 39.062 Executing VM operation: G1CollectForAllocation
Event: 39.072 Executing VM operation: G1CollectForAllocation done
Event: 39.230 Executing VM operation: G1CollectForAllocation

Events (20 events):
Event: 24.949 Thread 0x0000015cff2fbf20 flushing nmethod 0x0000015c80865a90
Event: 24.949 Thread 0x0000015cff2fbf20 flushing nmethod 0x0000015c8086a590
Event: 24.949 Thread 0x0000015cff2fbf20 flushing nmethod 0x0000015c80872690
Event: 24.949 Thread 0x0000015cff2fbf20 flushing nmethod 0x0000015c8089c410
Event: 24.949 Thread 0x0000015cff2fbf20 flushing nmethod 0x0000015c808ad910
Event: 25.175 Thread 0x0000015c99ca9c90 Thread exited: 0x0000015c99ca9c90
Event: 25.832 Thread 0x0000015cff5cc6c0 Thread added: 0x0000015cff5cc6c0
Event: 25.961 Thread 0x0000015cff5c8c50 Thread added: 0x0000015cff5c8c50
Event: 26.641 Thread 0x0000015cff5ccc10 Thread added: 0x0000015cff5ccc10
Event: 27.306 Thread 0x0000015c99230ca0 Thread added: 0x0000015c99230ca0
Event: 29.133 Thread 0x0000015c99230ca0 Thread exited: 0x0000015c99230ca0
Event: 30.268 Thread 0x0000015c9b79dba0 Thread added: 0x0000015c9b79dba0
Event: 30.295 Thread 0x0000015cff5cd6b0 Thread added: 0x0000015cff5cd6b0
Event: 30.295 Thread 0x0000015cff5ce150 Thread added: 0x0000015cff5ce150
Event: 30.560 Thread 0x0000015cff5cdc00 Thread added: 0x0000015cff5cdc00
Event: 30.571 Thread 0x0000015cff5cf140 Thread added: 0x0000015cff5cf140
Event: 30.937 Thread 0x0000015c9ad91590 Thread added: 0x0000015c9ad91590
Event: 30.943 Thread 0x0000015c9ad90050 Thread added: 0x0000015c9ad90050
Event: 31.429 Thread 0x0000015c9b79dba0 Thread exited: 0x0000015c9b79dba0
Event: 38.308 Thread 0x0000015c9c8245a0 Thread added: 0x0000015c9c8245a0


Dynamic libraries:
0x00007ff77f5c0000 - 0x00007ff77f5d0000 	C:\Program Files\Java\jdk-19\bin\java.exe
0x00007fff7ed80000 - 0x00007fff7efe7000 	C:\WINDOWS\SYSTEM32\ntdll.dll
0x00007fff7d030000 - 0x00007fff7d0f9000 	C:\WINDOWS\System32\KERNEL32.DLL
0x00007fff7c310000 - 0x00007fff7c6ff000 	C:\WINDOWS\System32\KERNELBASE.dll
0x00007fff7c190000 - 0x00007fff7c2db000 	C:\WINDOWS\System32\ucrtbase.dll
0x00007fff6ba50000 - 0x00007fff6ba68000 	C:\Program Files\Java\jdk-19\bin\jli.dll
0x00007fff71fc0000 - 0x00007fff71fdb000 	C:\Program Files\Java\jdk-19\bin\VCRUNTIME140.dll
0x00007fff7cd00000 - 0x00007fff7cdb4000 	C:\WINDOWS\System32\ADVAPI32.dll
0x00007fff7cf70000 - 0x00007fff7d019000 	C:\WINDOWS\System32\msvcrt.dll
0x00007fff7e430000 - 0x00007fff7e4d6000 	C:\WINDOWS\System32\sechost.dll
0x00007fff7d5b0000 - 0x00007fff7d6c8000 	C:\WINDOWS\System32\RPCRT4.dll
0x00007fff7dbf0000 - 0x00007fff7ddb5000 	C:\WINDOWS\System32\USER32.dll
0x00007fff7c2e0000 - 0x00007fff7c307000 	C:\WINDOWS\System32\win32u.dll
0x00007fff7d7b0000 - 0x00007fff7d7db000 	C:\WINDOWS\System32\GDI32.dll
0x00007fff7c940000 - 0x00007fff7ca6c000 	C:\WINDOWS\System32\gdi32full.dll
0x00007fff7ca70000 - 0x00007fff7cb13000 	C:\WINDOWS\System32\msvcp_win.dll
0x00007fff63c70000 - 0x00007fff63f03000 	C:\WINDOWS\WinSxS\amd64_microsoft.windows.common-controls_6595b64144ccf1df_6.0.26100.7262_none_3e0ca042e3308496\COMCTL32.dll
0x00007fff6eba0000 - 0x00007fff6ebab000 	C:\WINDOWS\SYSTEM32\VERSION.dll
0x00007fff7e3d0000 - 0x00007fff7e401000 	C:\WINDOWS\System32\IMM32.DLL
0x00007fff78b40000 - 0x00007fff78b4c000 	C:\Program Files\Java\jdk-19\bin\vcruntime140_1.dll
0x00007fff22630000 - 0x00007fff226be000 	C:\Program Files\Java\jdk-19\bin\msvcp140.dll
0x00007ffedd670000 - 0x00007ffede330000 	C:\Program Files\Java\jdk-19\bin\server\jvm.dll
0x00007fff79990000 - 0x00007fff7999a000 	C:\WINDOWS\SYSTEM32\WSOCK32.dll
0x00007fff6c380000 - 0x00007fff6c3b5000 	C:\WINDOWS\SYSTEM32\WINMM.dll
0x00007fff7e4e0000 - 0x00007fff7e554000 	C:\WINDOWS\System32\WS2_32.dll
0x00007fff7ac40000 - 0x00007fff7ac5b000 	C:\WINDOWS\SYSTEM32\kernel.appcore.dll
0x00007fff71560000 - 0x00007fff7156a000 	C:\Program Files\Java\jdk-19\bin\jimage.dll
0x00007fff79710000 - 0x00007fff79952000 	C:\WINDOWS\SYSTEM32\DBGHELP.DLL
0x00007fff7d860000 - 0x00007fff7dbe5000 	C:\WINDOWS\System32\combase.dll
0x00007fff7d6d0000 - 0x00007fff7d7a7000 	C:\WINDOWS\System32\OLEAUT32.dll
0x00007fff69730000 - 0x00007fff6976c000 	C:\WINDOWS\SYSTEM32\dbgcore.DLL
0x00007fff7c710000 - 0x00007fff7c7b5000 	C:\WINDOWS\System32\bcryptPrimitives.dll
0x00007fff6bfd0000 - 0x00007fff6bfde000 	C:\Program Files\Java\jdk-19\bin\instrument.dll
0x00007fff6b9d0000 - 0x00007fff6b9f6000 	C:\Program Files\Java\jdk-19\bin\java.dll
0x00007fff211f0000 - 0x00007fff212c7000 	C:\Program Files\Java\jdk-19\bin\jsvml.dll
0x00007fff7e5e0000 - 0x00007fff7ed33000 	C:\WINDOWS\System32\SHELL32.dll
0x00007fff7c020000 - 0x00007fff7c18a000 	C:\WINDOWS\System32\wintypes.dll
0x00007fff799a0000 - 0x00007fff7a1fe000 	C:\WINDOWS\SYSTEM32\windows.storage.dll
0x00007fff7ddc0000 - 0x00007fff7deb5000 	C:\WINDOWS\System32\SHCORE.dll
0x00007fff7d7e0000 - 0x00007fff7d846000 	C:\WINDOWS\System32\shlwapi.dll
0x00007fff7bdc0000 - 0x00007fff7bde8000 	C:\WINDOWS\SYSTEM32\profapi.dll
0x00007fff6b9b0000 - 0x00007fff6b9c8000 	C:\Program Files\Java\jdk-19\bin\zip.dll
0x00007fff6b650000 - 0x00007fff6b663000 	C:\Program Files\Java\jdk-19\bin\net.dll
0x00007fff70c90000 - 0x00007fff70db8000 	C:\WINDOWS\SYSTEM32\WINHTTP.dll
0x00007fff7b190000 - 0x00007fff7b1fb000 	C:\WINDOWS\system32\mswsock.dll
0x00007fff69aa0000 - 0x00007fff69ab6000 	C:\Program Files\Java\jdk-19\bin\nio.dll
0x00007fff6beb0000 - 0x00007fff6bec0000 	C:\Program Files\Java\jdk-19\bin\verify.dll
0x00007fff6bec0000 - 0x00007fff6bee7000 	C:\Users\denni\.gradle\native\1def1411415f61bf3af743bc5b6707747c0891f09f0c88961ee8f79bc544acac\windows-amd64\native-platform.dll
0x00007fff225b0000 - 0x00007fff22628000 	C:\Users\denni\.gradle\native\0.2.7\x86_64-windows-gnu\gradle-fileevents.dll
0x00007fff6bbe0000 - 0x00007fff6bbea000 	C:\Program Files\Java\jdk-19\bin\management.dll
0x00007fff5f8e0000 - 0x00007fff5f8eb000 	C:\Program Files\Java\jdk-19\bin\management_ext.dll
0x00007fff7ccf0000 - 0x00007fff7ccf8000 	C:\WINDOWS\System32\PSAPI.DLL
0x00007fff7a620000 - 0x00007fff7a654000 	C:\WINDOWS\SYSTEM32\IPHLPAPI.DLL
0x00007fff7d020000 - 0x00007fff7d02a000 	C:\WINDOWS\System32\NSI.dll
0x00007fff70c10000 - 0x00007fff70c2e000 	C:\WINDOWS\SYSTEM32\dhcpcsvc6.DLL
0x00007fff70be0000 - 0x00007fff70c03000 	C:\WINDOWS\SYSTEM32\dhcpcsvc.DLL
0x00007fff7a6b0000 - 0x00007fff7a7dc000 	C:\WINDOWS\SYSTEM32\DNSAPI.dll
0x00007fff5f8d0000 - 0x00007fff5f8d8000 	C:\Program Files\Java\jdk-19\bin\extnet.dll
0x00007fff7b490000 - 0x00007fff7b4ab000 	C:\WINDOWS\SYSTEM32\CRYPTSP.dll
0x00007fff7aba0000 - 0x00007fff7abda000 	C:\WINDOWS\system32\rsaenh.dll
0x00007fff7b240000 - 0x00007fff7b26b000 	C:\WINDOWS\SYSTEM32\USERENV.dll
0x00007fff7bdf0000 - 0x00007fff7be1a000 	C:\WINDOWS\SYSTEM32\bcrypt.dll
0x00007fff7b3e0000 - 0x00007fff7b3ec000 	C:\WINDOWS\SYSTEM32\CRYPTBASE.dll
0x00007fff5f8c0000 - 0x00007fff5f8ce000 	C:\Program Files\Java\jdk-19\bin\sunmscapi.dll
0x00007fff7c7c0000 - 0x00007fff7c937000 	C:\WINDOWS\System32\CRYPT32.dll
0x00007fff7b6d0000 - 0x00007fff7b700000 	C:\WINDOWS\SYSTEM32\ncrypt.dll
0x00007fff7b680000 - 0x00007fff7b6bf000 	C:\WINDOWS\SYSTEM32\NTASN1.dll
0x00007fff5e8f0000 - 0x00007fff5e8f8000 	C:\WINDOWS\system32\wshunix.dll

dbghelp: loaded successfully - version: 4.0.5 - missing functions: none
symbol engine: initialized successfully - sym options: 0x614 - pdb path: .;C:\Program Files\Java\jdk-19\bin;C:\WINDOWS\SYSTEM32;C:\WINDOWS\WinSxS\amd64_microsoft.windows.common-controls_6595b64144ccf1df_6.0.26100.7262_none_3e0ca042e3308496;C:\Program Files\Java\jdk-19\bin\server;C:\Users\denni\.gradle\native\1def1411415f61bf3af743bc5b6707747c0891f09f0c88961ee8f79bc544acac\windows-amd64;C:\Users\denni\.gradle\native\0.2.7\x86_64-windows-gnu

VM Arguments:
jvm_args: --add-opens=java.base/java.lang=ALL-UNNAMED --add-opens=java.base/java.lang.invoke=ALL-UNNAMED --add-opens=java.base/java.util=ALL-UNNAMED --add-opens=java.prefs/java.util.prefs=ALL-UNNAMED --add-exports=jdk.compiler/com.sun.tools.javac.api=ALL-UNNAMED --add-exports=jdk.compiler/com.sun.tools.javac.util=ALL-UNNAMED --add-opens=java.base/java.util=ALL-UNNAMED --add-opens=java.prefs/java.util.prefs=ALL-UNNAMED --add-opens=java.base/java.nio.charset=ALL-UNNAMED --add-opens=java.base/java.net=ALL-UNNAMED --add-opens=java.base/java.util.concurrent.atomic=ALL-UNNAMED --add-opens=java.xml/javax.xml.namespace=ALL-UNNAMED -XX:MaxMetaspaceSize=512m -Xmx2048m -Dfile.encoding=UTF-8 -Duser.country=US -Duser.language=en -Duser.variant -javaagent:C:\Users\denni\.gradle\wrapper\dists\gradle-8.14.3-bin\cv11ve7ro1n3o1j4so8xd9n66\gradle-8.14.3\lib\agents\gradle-instrumentation-agent-8.14.3.jar 
java_command: org.gradle.launcher.daemon.bootstrap.GradleDaemon 8.14.3
java_class_path (initial): C:\Users\denni\.gradle\wrapper\dists\gradle-8.14.3-bin\cv11ve7ro1n3o1j4so8xd9n66\gradle-8.14.3\lib\gradle-daemon-main-8.14.3.jar
Launcher Type: SUN_STANDARD

[Global flags]
     intx CICompilerCount                          = 3                                         {product} {ergonomic}
   size_t CompressedClassSpaceSize                 = 432013312                                 {product} {ergonomic}
     uint ConcGCThreads                            = 1                                         {product} {ergonomic}
     uint G1ConcRefinementThreads                  = 4                                         {product} {ergonomic}
   size_t G1HeapRegionSize                         = 1048576                                   {product} {ergonomic}
    uintx GCDrainStackTargetSize                   = 64                                        {product} {ergonomic}
   size_t InitialHeapSize                          = 201326592                                 {product} {ergonomic}
   size_t MarkStackSize                            = 4194304                                   {product} {ergonomic}
   size_t MaxHeapSize                              = 2147483648                                {product} {command line}
   size_t MaxMetaspaceSize                         = 536870912                                 {product} {command line}
   size_t MaxNewSize                               = 1287651328                                {product} {ergonomic}
   size_t MinHeapDeltaBytes                        = 1048576                                   {product} {ergonomic}
   size_t MinHeapSize                              = 8388608                                   {product} {ergonomic}
    uintx NonNMethodCodeHeapSize                   = 5832780                                {pd product} {ergonomic}
    uintx NonProfiledCodeHeapSize                  = 122912730                              {pd product} {ergonomic}
    uintx ProfiledCodeHeapSize                     = 122912730                              {pd product} {ergonomic}
    uintx ReservedCodeCacheSize                    = 251658240                              {pd product} {ergonomic}
     bool SegmentedCodeCache                       = true                                      {product} {ergonomic}
   size_t SoftMaxHeapSize                          = 2147483648                             {manageable} {ergonomic}
     bool UseCompressedClassPointers               = true                           {product lp64_product} {ergonomic}
     bool UseCompressedOops                        = true                           {product lp64_product} {ergonomic}
     bool UseG1GC                                  = true                                      {product} {ergonomic}
     bool UseLargePagesIndividualAllocation        = false                                  {pd product} {ergonomic}

Logging:
Log output configuration:
 #0: stdout all=warning uptime,level,tags foldmultilines=false
 #1: stderr all=off uptime,level,tags foldmultilines=false

Environment Variables:
PATH=C:\Python314\Scripts\;C:\Python314\;C:\Program Files\Common Files\Oracle\Java\javapath;C:\WINDOWS\system32;C:\WINDOWS;C:\WINDOWS\System32\Wbem;C:\WINDOWS\System32\WindowsPowerShell\v1.0\;C:\WINDOWS\System32\OpenSSH\;C:\Program Files\PowerShell\7-preview\preview;C:\Program Files (x86)\Common Files\Acronis\SnapAPI\;C:\Program Files (x86)\Common Files\Acronis\VirtualFile\;C:\Program Files (x86)\Common Files\Acronis\VirtualFile64\;C:\Program Files (x86)\Common Files\Acronis\FileProtector\;C:\Program Files (x86)\Common Files\Acronis\FileProtector64\;C:\Program Files\PowerShell\7\;C:\Program Files\nodejs\;C:\ProgramData\chocolatey\bin;C:\Program Files\Git\cmd;C:\Program Files\Go\bin;C:\Users\denni\AppData\Local\Microsoft\WindowsApps;C:\Program Files\Java\jdk-19\bin;C:\Users\denni\AppData\Local\GitHubDesktop\bin;C:\Users\denni\AppData\Local\Programs\Antigravity\bin;C:\Users\denni\AppData\Roaming\npm;C:\Users\denni\go\bin
USERNAME=dennis
OS=Windows_NT
PROCESSOR_IDENTIFIER=Intel64 Family 6 Model 61 Stepping 4, GenuineIntel
TMP=C:\Users\denni\AppData\Local\Temp
TEMP=C:\Users\denni\AppData\Local\Temp



---------------  S Y S T E M  ---------------

OS:
 Windows 11 , 64 bit Build 26100 (10.0.26100.7262)
OS uptime: 0 days 7:56 hours
Hyper-V role detected

CPU: total 4 (initial active 4) (2 cores per cpu, 2 threads per core) family 6 model 61 stepping 4 microcode 0x2f, cx8, cmov, fxsr, ht, mmx, 3dnowpref, sse, sse2, sse3, ssse3, sse4.1, sse4.2, popcnt, lzcnt, tsc, tscinvbit, avx, avx2, aes, erms, clmul, bmi1, bmi2, adx, fma, vzeroupper, clflush, hv, rdtscp

Memory: 4k page, system-wide physical 12202M (829M free)
TotalPageFile size 16298M (AvailPageFile size 15M)
current process WorkingSet (physical memory assigned to process): 268M, peak: 278M
current process commit charge ("private bytes"): 354M, peak: 415M

vm_info: Java HotSpot(TM) 64-Bit Server VM (19.0.2+7-44) for windows-amd64 JRE (19.0.2+7-44), built on 2022-11-30T18:02:09Z by "mach5one" with MS VC++ 17.1 (VS2022)

END.
