#
# There is insufficient memory for the Java Runtime Environment to continue.
# Native memory allocation (malloc) failed to allocate 1127776 bytes for Chunk::new
# Possible reasons:
#   The system is out of physical RAM or swap space
#   The process is running with CompressedOops enabled, and the Java Heap may be blocking the growth of the native heap
# Possible solutions:
#   Reduce memory load on the system
#   Increase physical memory or swap space
#   Check if swap backing store is full
#   Decrease Java heap size (-Xmx/-Xms)
#   Decrease number of Java threads
#   Decrease Java thread stack sizes (-Xss)
#   Set larger code cache with -XX:ReservedCodeCacheSize=
#   JVM is running with Unscaled Compressed Oops mode in which the Java heap is
#     placed in the first 4GB address space. The Java Heap base address is the
#     maximum limit for the native heap growth. Please use -XX:HeapBaseMinAddress
#     to set the Java Heap base and to place the Java Heap above 4GB virtual address.
# This output file may be truncated or incomplete.
#
#  Out of Memory Error (arena.cpp:184), pid=15568, tid=20576
#
# JRE version: Java(TM) SE Runtime Environment (19.0.2+7) (build 19.0.2+7-44)
# Java VM: Java HotSpot(TM) 64-Bit Server VM (19.0.2+7-44, mixed mode, sharing, tiered, compressed oops, compressed class ptrs, g1 gc, windows-amd64)
# No core dump will be written. Minidumps are not enabled by default on client versions of Windows
#

---------------  S U M M A R Y ------------

Command Line: --add-opens=java.base/java.lang=ALL-UNNAMED --add-opens=java.base/java.lang.invoke=ALL-UNNAMED --add-opens=java.base/java.util=ALL-UNNAMED --add-opens=java.prefs/java.util.prefs=ALL-UNNAMED --add-exports=jdk.compiler/com.sun.tools.javac.api=ALL-UNNAMED --add-exports=jdk.compiler/com.sun.tools.javac.util=ALL-UNNAMED --add-opens=java.base/java.util=ALL-UNNAMED --add-opens=java.prefs/java.util.prefs=ALL-UNNAMED --add-opens=java.base/java.nio.charset=ALL-UNNAMED --add-opens=java.base/java.net=ALL-UNNAMED --add-opens=java.base/java.util.concurrent.atomic=ALL-UNNAMED --add-opens=java.xml/javax.xml.namespace=ALL-UNNAMED -XX:MaxMetaspaceSize=512m -Xmx2048m -Dfile.encoding=UTF-8 -Duser.country=US -Duser.language=en -Duser.variant -javaagent:C:\Users\denni\.gradle\wrapper\dists\gradle-8.14.3-bin\cv11ve7ro1n3o1j4so8xd9n66\gradle-8.14.3\lib\agents\gradle-instrumentation-agent-8.14.3.jar org.gradle.launcher.daemon.bootstrap.GradleDaemon 8.14.3

Host: Intel(R) Core(TM) i7-5500U CPU @ 2.40GHz, 4 cores, 11G,  Windows 11 , 64 bit Build 26100 (10.0.26100.7262)
Time: Tue Dec  2 20:02:38 2025 Pacific Standard Time elapsed time: 188.881491 seconds (0d 0h 3m 8s)

---------------  T H R E A D  ---------------

Current thread (0x00000294d9be73a0):  JavaThread "C2 CompilerThread0" daemon [_thread_in_native, id=20576, stack(0x000000c470500000,0x000000c470600000)]


Current CompileTask:
C2: 188883 12662       4       org.gradle.internal.tools.api.impl.ApiMemberSelector::visitEnd (30 bytes)

Stack: [0x000000c470500000,0x000000c470600000]
Native frames: (J=compiled Java code, j=interpreted, Vv=VM code, C=native code)
V  [jvm.dll+0x6ee21a]
V  [jvm.dll+0x85765e]
V  [jvm.dll+0x85904e]
V  [jvm.dll+0x859703]
V  [jvm.dll+0x28298f]
V  [jvm.dll+0xc9adf]
V  [jvm.dll+0xc9e65]
V  [jvm.dll+0x2f7caf]
V  [jvm.dll+0x5f076b]
V  [jvm.dll+0x25590c]
V  [jvm.dll+0x24e1a7]
V  [jvm.dll+0x24b673]
V  [jvm.dll+0x1d6ce1]
V  [jvm.dll+0x25b25a]
V  [jvm.dll+0x2596e8]
V  [jvm.dll+0x807588]
V  [jvm.dll+0x80125a]
V  [jvm.dll+0x6ecf0b]
C  [ucrtbase.dll+0x37b0]
C  [KERNEL32.DLL+0x2e8d7]
C  [ntdll.dll+0x8c53c]


---------------  P R O C E S S  ---------------

Threads class SMR info:
_java_thread_list=0x00000294e4084d10, length=46, elements={
0x00000294bbb72dc0, 0x00000294d9bdf120, 0x00000294d9be07c0, 0x00000294d9be4410,
0x00000294d9be4d40, 0x00000294d9be5670, 0x00000294d9be5fa0, 0x00000294d9be73a0,
0x00000294d9bf0160, 0x00000294d9bfda60, 0x00000294d9bb33d0, 0x00000294ddedd5b0,
0x00000294df62ef20, 0x00000294df843490, 0x00000294dde6da70, 0x00000294ddd9f840,
0x00000294de06fc20, 0x00000294ddf8d390, 0x00000294ddf8dce0, 0x00000294df84c570,
0x00000294df84a590, 0x00000294df84b580, 0x00000294df84a040, 0x00000294df849050,
0x00000294df84c020, 0x00000294df849af0, 0x00000294de016060, 0x00000294de0175a0,
0x00000294de01a020, 0x00000294de018040, 0x00000294de0165b0, 0x00000294de01a570,
0x00000294de01aac0, 0x00000294de017050, 0x00000294de01b010, 0x00000294de019580,
0x00000294de018590, 0x00000294de01c550, 0x00000294e151b2c0, 0x00000294e151d2a0,
0x00000294e1521260, 0x00000294e151ed30, 0x00000294e151f7d0, 0x00000294e1520270,
0x00000294e151f280, 0x00000294e377a340
}

Java Threads: ( => current thread )
  0x00000294bbb72dc0 JavaThread "main" [_thread_blocked, id=7848, stack(0x000000c46f800000,0x000000c46f900000)]
  0x00000294d9bdf120 JavaThread "Reference Handler" daemon [_thread_blocked, id=19836, stack(0x000000c46ff00000,0x000000c470000000)]
  0x00000294d9be07c0 JavaThread "Finalizer" daemon [_thread_blocked, id=21788, stack(0x000000c470000000,0x000000c470100000)]
  0x00000294d9be4410 JavaThread "Signal Dispatcher" daemon [_thread_blocked, id=19188, stack(0x000000c470100000,0x000000c470200000)]
  0x00000294d9be4d40 JavaThread "Attach Listener" daemon [_thread_blocked, id=23228, stack(0x000000c470200000,0x000000c470300000)]
  0x00000294d9be5670 JavaThread "Service Thread" daemon [_thread_blocked, id=13628, stack(0x000000c470300000,0x000000c470400000)]
  0x00000294d9be5fa0 JavaThread "Monitor Deflation Thread" daemon [_thread_blocked, id=21532, stack(0x000000c470400000,0x000000c470500000)]
=>0x00000294d9be73a0 JavaThread "C2 CompilerThread0" daemon [_thread_in_native, id=20576, stack(0x000000c470500000,0x000000c470600000)]
  0x00000294d9bf0160 JavaThread "C1 CompilerThread0" daemon [_thread_blocked, id=21048, stack(0x000000c470600000,0x000000c470700000)]
  0x00000294d9bfda60 JavaThread "Sweeper thread" daemon [_thread_blocked, id=20544, stack(0x000000c470700000,0x000000c470800000)]
  0x00000294d9bb33d0 JavaThread "Common-Cleaner" daemon [_thread_blocked, id=21220, stack(0x000000c470800000,0x000000c470900000)]
  0x00000294ddedd5b0 JavaThread "Notification Thread" daemon [_thread_blocked, id=15756, stack(0x000000c470900000,0x000000c470a00000)]
  0x00000294df62ef20 JavaThread "Daemon health stats" [_thread_blocked, id=19124, stack(0x000000c470e00000,0x000000c470f00000)]
  0x00000294df843490 JavaThread "Incoming local TCP Connector on port 64304" [_thread_in_native, id=14244, stack(0x000000c470f00000,0x000000c471000000)]
  0x00000294dde6da70 JavaThread "Daemon periodic checks" [_thread_blocked, id=19840, stack(0x000000c471000000,0x000000c471100000)]
  0x00000294ddd9f840 JavaThread "Daemon" [_thread_blocked, id=15472, stack(0x000000c471100000,0x000000c471200000)]
  0x00000294de06fc20 JavaThread "Handler for socket connection from /127.0.0.1:64304 to /127.0.0.1:64306" [_thread_in_native, id=21172, stack(0x000000c471200000,0x000000c471300000)]
  0x00000294ddf8d390 JavaThread "Cancel handler" [_thread_blocked, id=13616, stack(0x000000c471300000,0x000000c471400000)]
  0x00000294ddf8dce0 JavaThread "Daemon worker" [_thread_in_native, id=15428, stack(0x000000c471400000,0x000000c471500000)]
  0x00000294df84c570 JavaThread "Asynchronous log dispatcher for DefaultDaemonConnection: socket connection from /127.0.0.1:64304 to /127.0.0.1:64306" [_thread_blocked, id=17996, stack(0x000000c471500000,0x000000c471600000)]
  0x00000294df84a590 JavaThread "Stdin handler" [_thread_blocked, id=4432, stack(0x000000c471600000,0x000000c471700000)]
  0x00000294df84b580 JavaThread "Daemon client event forwarder" [_thread_blocked, id=7428, stack(0x000000c471700000,0x000000c471800000)]
  0x00000294df84a040 JavaThread "Cache worker for journal cache (C:\Users\denni\.gradle\caches\journal-1)" [_thread_blocked, id=20120, stack(0x000000c471800000,0x000000c471900000)]
  0x00000294df849050 JavaThread "File lock request listener" [_thread_in_native, id=19948, stack(0x000000c471900000,0x000000c471a00000)]
  0x00000294df84c020 JavaThread "Cache worker for file hash cache (C:\Users\denni\.gradle\caches\8.14.3\fileHashes)" [_thread_blocked, id=21952, stack(0x000000c471a00000,0x000000c471b00000)]
  0x00000294df849af0 JavaThread "Cache worker for file hash cache (C:\Users\denni\github\SparksApp\android\.gradle\8.14.3\fileHashes)" [_thread_blocked, id=22308, stack(0x000000c471b00000,0x000000c471c00000)]
  0x00000294de016060 JavaThread "Cache worker for Build Output Cleanup Cache (C:\Users\denni\github\SparksApp\android\.gradle\buildOutputCleanup)" [_thread_blocked, id=22232, stack(0x000000c471c00000,0x000000c471d00000)]
  0x00000294de0175a0 JavaThread "File watcher server" daemon [_thread_in_native, id=14944, stack(0x000000c471d00000,0x000000c471e00000)]
  0x00000294de01a020 JavaThread "File watcher consumer" daemon [_thread_blocked, id=16940, stack(0x000000c471e00000,0x000000c471f00000)]
  0x00000294de018040 JavaThread "jar transforms" [_thread_blocked, id=18924, stack(0x000000c471f00000,0x000000c472000000)]
  0x00000294de0165b0 JavaThread "jar transforms Thread 2" [_thread_blocked, id=22176, stack(0x000000c472000000,0x000000c472100000)]
  0x00000294de01a570 JavaThread "jar transforms Thread 3" [_thread_blocked, id=21276, stack(0x000000c472100000,0x000000c472200000)]
  0x00000294de01aac0 JavaThread "jar transforms Thread 4" [_thread_blocked, id=19868, stack(0x000000c472200000,0x000000c472300000)]
  0x00000294de017050 JavaThread "Cache worker for checksums cache (C:\Users\denni\github\SparksApp\android\.gradle\8.14.3\checksums)" [_thread_blocked, id=23180, stack(0x000000c472300000,0x000000c472400000)]
  0x00000294de01b010 JavaThread "Cache worker for file content cache (C:\Users\denni\.gradle\caches\8.14.3\fileContent)" [_thread_blocked, id=23176, stack(0x000000c472400000,0x000000c472500000)]
  0x00000294de019580 JavaThread "Cache worker for cache directory md-supplier (C:\Users\denni\.gradle\caches\8.14.3\md-supplier)" [_thread_blocked, id=14740, stack(0x000000c472800000,0x000000c472900000)]
  0x00000294de018590 JavaThread "Cache worker for cache directory md-rule (C:\Users\denni\.gradle\caches\8.14.3\md-rule)" [_thread_blocked, id=11884, stack(0x000000c472900000,0x000000c472a00000)]
  0x00000294de01c550 JavaThread "Cache worker for Build Output Cleanup Cache (C:\Users\denni\github\SparksApp\node_modules\@react-native\gradle-plugin\.gradle\buildOutputCleanup)" [_thread_blocked, id=3096, stack(0x000000c472a00000,0x000000c472b00000)]
  0x00000294e151b2c0 JavaThread "Unconstrained build operations" [_thread_blocked, id=21672, stack(0x000000c46f600000,0x000000c46f700000)]
  0x00000294e151d2a0 JavaThread "Unconstrained build operations Thread 2" [_thread_blocked, id=18200, stack(0x000000c46f700000,0x000000c46f800000)]
  0x00000294e1521260 JavaThread "Unconstrained build operations Thread 3" [_thread_blocked, id=21720, stack(0x000000c472500000,0x000000c472600000)]
  0x00000294e151ed30 JavaThread "Unconstrained build operations Thread 4" [_thread_blocked, id=23416, stack(0x000000c472600000,0x000000c472700000)]
  0x00000294e151f7d0 JavaThread "Unconstrained build operations Thread 5" [_thread_blocked, id=19440, stack(0x000000c472b00000,0x000000c472c00000)]
  0x00000294e1520270 JavaThread "Unconstrained build operations Thread 6" [_thread_blocked, id=14576, stack(0x000000c472e00000,0x000000c472f00000)]
  0x00000294e151f280 JavaThread "Kotlin DSL Writer" [_thread_blocked, id=15836, stack(0x000000c472700000,0x000000c472800000)]
  0x00000294e377a340 JavaThread "C2 CompilerThread1" daemon [_thread_in_native, id=22044, stack(0x000000c472f00000,0x000000c473000000)]

Other Threads:
  0x00000294d9bc1440 VMThread "VM Thread" [stack: 0x000000c46fe00000,0x000000c46ff00000] [id=17936]
  0x00000294ddeddaf0 WatcherThread "VM Periodic Task Thread" [stack: 0x000000c470a00000,0x000000c470b00000] [id=20680]
  0x00000294bbbd3a00 WorkerThread "GC Thread#0" [stack: 0x000000c46f900000,0x000000c46fa00000] [id=15212]
  0x00000294de0e1770 WorkerThread "GC Thread#1" [stack: 0x000000c470b00000,0x000000c470c00000] [id=18380]
  0x00000294de0e1a40 WorkerThread "GC Thread#2" [stack: 0x000000c470c00000,0x000000c470d00000] [id=3212]
  0x00000294de0e1d10 WorkerThread "GC Thread#3" [stack: 0x000000c470d00000,0x000000c470e00000] [id=9744]
  0x00000294bbbe4710 ConcurrentGCThread "G1 Main Marker" [stack: 0x000000c46fa00000,0x000000c46fb00000] [id=16060]
  0x00000294bbbe4ef0 WorkerThread "G1 Conc#0" [stack: 0x000000c46fb00000,0x000000c46fc00000] [id=9756]
  0x00000294bbc2eb50 ConcurrentGCThread "G1 Refine#0" [stack: 0x000000c46fc00000,0x000000c46fd00000] [id=22992]
  0x00000294d9a7a6b0 ConcurrentGCThread "G1 Service" [stack: 0x000000c46fd00000,0x000000c46fe00000] [id=2652]

Threads with active compile tasks:
C2 CompilerThread0   189460 12662       4       org.gradle.internal.tools.api.impl.ApiMemberSelector::visitEnd (30 bytes)
C2 CompilerThread1   189462 12640       4       org.gradle.internal.tools.api.impl.JavaApiMemberWriter::writeClass (310 bytes)

VM state: not at safepoint (normal execution)

VM Mutex/Monitor currently owned by a thread: None

Heap address: 0x0000000080000000, size: 2048 MB, Compressed Oops mode: 32-bit

CDS archive(s) mapped at: [0x0000000800000000-0x0000000800c40000-0x0000000800c40000), size 12845056, SharedBaseAddress: 0x0000000800000000, ArchiveRelocationMode: 0.
Compressed class space mapped at: 0x0000000801000000-0x000000081ac00000, reserved size: 432013312
Narrow klass base: 0x0000000800000000, Narrow klass shift: 0, Narrow klass range: 0x100000000

GC Precious Log:
 CardTable entry size: 512
 Card Set container configuration: InlinePtr #cards 5 size 8 Array Of Cards #cards 12 size 40 Howl #buckets 4 coarsen threshold 1843 Howl Bitmap #cards 512 size 80 coarsen threshold 460 Card regions per heap region 1 cards per card region 2048
 CPUs: 4 total, 4 available
 Memory: 12202M
 Large Page Support: Disabled
 NUMA Support: Disabled
 Compressed Oops: Enabled (32-bit)
 Heap Region Size: 1M
 Heap Min Capacity: 8M
 Heap Initial Capacity: 192M
 Heap Max Capacity: 2G
 Pre-touch: Disabled
 Parallel Workers: 4
 Concurrent Workers: 1
 Concurrent Refinement Workers: 4
 Periodic GC: Disabled

Heap:
 garbage-first heap   total 262144K, used 135575K [0x0000000080000000, 0x0000000100000000)
  region size 1024K, 35 young (35840K), 1 survivors (1024K)
 Metaspace       used 126408K, committed 128768K, reserved 552960K
  class space    used 15864K, committed 17088K, reserved 421888K

Heap Regions: E=young(eden), S=young(survivor), O=old, HS=humongous(starts), HC=humongous(continues), CS=collection set, F=free, OA=open archive, CA=closed archive, TAMS=top-at-mark-start (previous, next)
|   0|0x0000000080000000, 0x0000000080100000, 0x0000000080100000|100%|HS|  |TAMS 0x0000000080100000, 0x0000000080000000| Complete 
|   1|0x0000000080100000, 0x0000000080200000, 0x0000000080200000|100%|HC|  |TAMS 0x0000000080200000, 0x0000000080100000| Complete 
|   2|0x0000000080200000, 0x0000000080300000, 0x0000000080300000|100%|HC|  |TAMS 0x0000000080300000, 0x0000000080200000| Complete 
|   3|0x0000000080300000, 0x0000000080400000, 0x0000000080400000|100%| O|  |TAMS 0x0000000080400000, 0x0000000080300000| Untracked 
|   4|0x0000000080400000, 0x0000000080500000, 0x0000000080500000|100%| O|  |TAMS 0x0000000080500000, 0x0000000080400000| Untracked 
|   5|0x0000000080500000, 0x0000000080600000, 0x0000000080600000|100%| O|  |TAMS 0x0000000080600000, 0x0000000080500000| Untracked 
|   6|0x0000000080600000, 0x0000000080700000, 0x0000000080700000|100%| O|  |TAMS 0x0000000080700000, 0x0000000080600000| Untracked 
|   7|0x0000000080700000, 0x0000000080800000, 0x0000000080800000|100%|HS|  |TAMS 0x0000000080800000, 0x0000000080700000| Complete 
|   8|0x0000000080800000, 0x0000000080900000, 0x0000000080900000|100%| O|  |TAMS 0x0000000080900000, 0x0000000080800000| Untracked 
|   9|0x0000000080900000, 0x0000000080a00000, 0x0000000080a00000|100%| O|  |TAMS 0x0000000080a00000, 0x0000000080900000| Untracked 
|  10|0x0000000080a00000, 0x0000000080b00000, 0x0000000080b00000|100%| O|  |TAMS 0x0000000080b00000, 0x0000000080a00000| Untracked 
|  11|0x0000000080b00000, 0x0000000080c00000, 0x0000000080c00000|100%| O|  |TAMS 0x0000000080c00000, 0x0000000080b00000| Untracked 
|  12|0x0000000080c00000, 0x0000000080d00000, 0x0000000080d00000|100%| O|  |TAMS 0x0000000080d00000, 0x0000000080c00000| Untracked 
|  13|0x0000000080d00000, 0x0000000080e00000, 0x0000000080e00000|100%| O|  |TAMS 0x0000000080e00000, 0x0000000080d00000| Untracked 
|  14|0x0000000080e00000, 0x0000000080f00000, 0x0000000080f00000|100%| O|  |TAMS 0x0000000080f00000, 0x0000000080e00000| Untracked 
|  15|0x0000000080f00000, 0x0000000081000000, 0x0000000081000000|100%| O|  |TAMS 0x0000000081000000, 0x0000000080f00000| Untracked 
|  16|0x0000000081000000, 0x0000000081100000, 0x0000000081100000|100%| O|  |TAMS 0x0000000081100000, 0x0000000081000000| Untracked 
|  17|0x0000000081100000, 0x0000000081200000, 0x0000000081200000|100%| O|  |TAMS 0x0000000081200000, 0x0000000081100000| Untracked 
|  18|0x0000000081200000, 0x0000000081300000, 0x0000000081300000|100%| O|  |TAMS 0x0000000081300000, 0x0000000081200000| Untracked 
|  19|0x0000000081300000, 0x0000000081400000, 0x0000000081400000|100%| O|  |TAMS 0x0000000081400000, 0x0000000081300000| Untracked 
|  20|0x0000000081400000, 0x0000000081500000, 0x0000000081500000|100%| O|  |TAMS 0x0000000081500000, 0x0000000081400000| Untracked 
|  21|0x0000000081500000, 0x0000000081600000, 0x0000000081600000|100%| O|  |TAMS 0x0000000081600000, 0x0000000081500000| Untracked 
|  22|0x0000000081600000, 0x0000000081700000, 0x0000000081700000|100%| O|  |TAMS 0x0000000081700000, 0x0000000081600000| Untracked 
|  23|0x0000000081700000, 0x0000000081800000, 0x0000000081800000|100%| O|  |TAMS 0x0000000081800000, 0x0000000081700000| Untracked 
|  24|0x0000000081800000, 0x0000000081900000, 0x0000000081900000|100%| O|  |TAMS 0x0000000081900000, 0x0000000081800000| Untracked 
|  25|0x0000000081900000, 0x0000000081a00000, 0x0000000081a00000|100%| O|  |TAMS 0x0000000081a00000, 0x0000000081900000| Untracked 
|  26|0x0000000081a00000, 0x0000000081b00000, 0x0000000081b00000|100%| O|  |TAMS 0x0000000081b00000, 0x0000000081a00000| Untracked 
|  27|0x0000000081b00000, 0x0000000081c00000, 0x0000000081c00000|100%| O|  |TAMS 0x0000000081c00000, 0x0000000081b00000| Untracked 
|  28|0x0000000081c00000, 0x0000000081d00000, 0x0000000081d00000|100%| O|  |TAMS 0x0000000081d00000, 0x0000000081c00000| Untracked 
|  29|0x0000000081d00000, 0x0000000081e00000, 0x0000000081e00000|100%| O|  |TAMS 0x0000000081e00000, 0x0000000081d00000| Untracked 
|  30|0x0000000081e00000, 0x0000000081f00000, 0x0000000081f00000|100%| O|  |TAMS 0x0000000081f00000, 0x0000000081e00000| Untracked 
|  31|0x0000000081f00000, 0x0000000082000000, 0x0000000082000000|100%| O|  |TAMS 0x0000000082000000, 0x0000000081f00000| Untracked 
|  32|0x0000000082000000, 0x0000000082100000, 0x0000000082100000|100%| O|  |TAMS 0x0000000082100000, 0x0000000082000000| Untracked 
|  33|0x0000000082100000, 0x0000000082200000, 0x0000000082200000|100%| O|  |TAMS 0x0000000082200000, 0x0000000082100000| Untracked 
|  34|0x0000000082200000, 0x0000000082300000, 0x0000000082300000|100%| O|  |TAMS 0x0000000082300000, 0x0000000082200000| Untracked 
|  35|0x0000000082300000, 0x0000000082400000, 0x0000000082400000|100%| O|  |TAMS 0x0000000082400000, 0x0000000082300000| Untracked 
|  36|0x0000000082400000, 0x0000000082500000, 0x0000000082500000|100%| O|  |TAMS 0x0000000082500000, 0x0000000082400000| Untracked 
|  37|0x0000000082500000, 0x0000000082600000, 0x0000000082600000|100%| O|  |TAMS 0x0000000082600000, 0x0000000082500000| Untracked 
|  38|0x0000000082600000, 0x0000000082700000, 0x0000000082700000|100%| O|  |TAMS 0x0000000082700000, 0x0000000082600000| Untracked 
|  39|0x0000000082700000, 0x0000000082800000, 0x0000000082800000|100%| O|  |TAMS 0x0000000082800000, 0x0000000082700000| Untracked 
|  40|0x0000000082800000, 0x0000000082900000, 0x0000000082900000|100%| O|  |TAMS 0x0000000082900000, 0x0000000082800000| Untracked 
|  41|0x0000000082900000, 0x0000000082a00000, 0x0000000082a00000|100%| O|  |TAMS 0x0000000082a00000, 0x0000000082900000| Untracked 
|  42|0x0000000082a00000, 0x0000000082b00000, 0x0000000082b00000|100%| O|  |TAMS 0x0000000082a00000, 0x0000000082a00000| Untracked 
|  43|0x0000000082b00000, 0x0000000082c00000, 0x0000000082c00000|100%| O|  |TAMS 0x0000000082b00000, 0x0000000082b00000| Untracked 
|  44|0x0000000082c00000, 0x0000000082d00000, 0x0000000082d00000|100%| O|  |TAMS 0x0000000082d00000, 0x0000000082c00000| Untracked 
|  45|0x0000000082d00000, 0x0000000082e00000, 0x0000000082e00000|100%| O|  |TAMS 0x0000000082d00000, 0x0000000082d00000| Untracked 
|  46|0x0000000082e00000, 0x0000000082f00000, 0x0000000082f00000|100%| O|  |TAMS 0x0000000082f00000, 0x0000000082e00000| Untracked 
|  47|0x0000000082f00000, 0x0000000083000000, 0x0000000083000000|100%| O|  |TAMS 0x0000000083000000, 0x0000000082f00000| Untracked 
|  48|0x0000000083000000, 0x0000000083100000, 0x0000000083100000|100%| O|  |TAMS 0x0000000083000000, 0x0000000083000000| Untracked 
|  49|0x0000000083100000, 0x0000000083200000, 0x0000000083200000|100%| O|  |TAMS 0x0000000083100000, 0x0000000083100000| Untracked 
|  50|0x0000000083200000, 0x0000000083300000, 0x0000000083300000|100%| O|  |TAMS 0x0000000083200000, 0x0000000083200000| Untracked 
|  51|0x0000000083300000, 0x0000000083400000, 0x0000000083400000|100%| O|  |TAMS 0x0000000083300000, 0x0000000083300000| Untracked 
|  52|0x0000000083400000, 0x0000000083500000, 0x0000000083500000|100%| O|  |TAMS 0x0000000083400000, 0x0000000083400000| Untracked 
|  53|0x0000000083500000, 0x0000000083600000, 0x0000000083600000|100%| O|  |TAMS 0x0000000083500000, 0x0000000083500000| Untracked 
|  54|0x0000000083600000, 0x0000000083700000, 0x0000000083700000|100%| O|  |TAMS 0x0000000083600000, 0x0000000083600000| Untracked 
|  55|0x0000000083700000, 0x0000000083800000, 0x0000000083800000|100%| O|  |TAMS 0x0000000083700000, 0x0000000083700000| Untracked 
|  56|0x0000000083800000, 0x0000000083900000, 0x0000000083900000|100%| O|  |TAMS 0x0000000083900000, 0x0000000083800000| Untracked 
|  57|0x0000000083900000, 0x0000000083a00000, 0x0000000083a00000|100%| O|  |TAMS 0x0000000083900000, 0x0000000083900000| Untracked 
|  58|0x0000000083a00000, 0x0000000083b00000, 0x0000000083b00000|100%| O|  |TAMS 0x0000000083b00000, 0x0000000083a00000| Untracked 
|  59|0x0000000083b00000, 0x0000000083c00000, 0x0000000083c00000|100%| O|  |TAMS 0x0000000083b00000, 0x0000000083b00000| Untracked 
|  60|0x0000000083c00000, 0x0000000083d00000, 0x0000000083d00000|100%| O|  |TAMS 0x0000000083d00000, 0x0000000083c00000| Untracked 
|  61|0x0000000083d00000, 0x0000000083e00000, 0x0000000083e00000|100%| O|  |TAMS 0x0000000083d13e00, 0x0000000083d00000| Untracked 
|  62|0x0000000083e00000, 0x0000000083f00000, 0x0000000083f00000|100%| O|  |TAMS 0x0000000083e00000, 0x0000000083e00000| Untracked 
|  63|0x0000000083f00000, 0x0000000084000000, 0x0000000084000000|100%|HS|  |TAMS 0x0000000084000000, 0x0000000083f00000| Complete 
|  64|0x0000000084000000, 0x0000000084100000, 0x0000000084100000|100%| O|  |TAMS 0x0000000084000000, 0x0000000084000000| Untracked 
|  65|0x0000000084100000, 0x0000000084200000, 0x0000000084200000|100%| O|  |TAMS 0x0000000084200000, 0x0000000084100000| Untracked 
|  66|0x0000000084200000, 0x0000000084300000, 0x0000000084300000|100%| O|  |TAMS 0x0000000084200000, 0x0000000084200000| Untracked 
|  67|0x0000000084300000, 0x0000000084400000, 0x0000000084400000|100%| O|  |TAMS 0x0000000084300000, 0x0000000084300000| Untracked 
|  68|0x0000000084400000, 0x0000000084500000, 0x0000000084500000|100%| O|  |TAMS 0x0000000084400000, 0x0000000084400000| Untracked 
|  69|0x0000000084500000, 0x0000000084600000, 0x0000000084600000|100%| O|  |TAMS 0x0000000084500000, 0x0000000084500000| Untracked 
|  70|0x0000000084600000, 0x0000000084700000, 0x0000000084700000|100%| O|  |TAMS 0x0000000084600000, 0x0000000084600000| Untracked 
|  71|0x0000000084700000, 0x0000000084800000, 0x0000000084800000|100%| O|  |TAMS 0x0000000084700000, 0x0000000084700000| Untracked 
|  72|0x0000000084800000, 0x0000000084900000, 0x0000000084900000|100%|HS|  |TAMS 0x0000000084900000, 0x0000000084800000| Complete 
|  73|0x0000000084900000, 0x0000000084a00000, 0x0000000084a00000|100%|HC|  |TAMS 0x0000000084a00000, 0x0000000084900000| Complete 
|  74|0x0000000084a00000, 0x0000000084b00000, 0x0000000084b00000|100%|HC|  |TAMS 0x0000000084b00000, 0x0000000084a00000| Complete 
|  75|0x0000000084b00000, 0x0000000084c00000, 0x0000000084c00000|100%|HC|  |TAMS 0x0000000084c00000, 0x0000000084b00000| Complete 
|  76|0x0000000084c00000, 0x0000000084d00000, 0x0000000084d00000|100%|HC|  |TAMS 0x0000000084d00000, 0x0000000084c00000| Complete 
|  77|0x0000000084d00000, 0x0000000084e00000, 0x0000000084e00000|100%|HC|  |TAMS 0x0000000084e00000, 0x0000000084d00000| Complete 
|  78|0x0000000084e00000, 0x0000000084f00000, 0x0000000084f00000|100%| O|  |TAMS 0x0000000084e00000, 0x0000000084e00000| Untracked 
|  79|0x0000000084f00000, 0x0000000085000000, 0x0000000085000000|100%| O|  |TAMS 0x0000000084f00000, 0x0000000084f00000| Untracked 
|  80|0x0000000085000000, 0x0000000085100000, 0x0000000085100000|100%| O|  |TAMS 0x0000000085000000, 0x0000000085000000| Untracked 
|  81|0x0000000085100000, 0x0000000085200000, 0x0000000085200000|100%| O|  |TAMS 0x0000000085100000, 0x0000000085100000| Untracked 
|  82|0x0000000085200000, 0x0000000085300000, 0x0000000085300000|100%| O|  |TAMS 0x0000000085200000, 0x0000000085200000| Untracked 
|  83|0x0000000085300000, 0x0000000085400000, 0x0000000085400000|100%| O|  |TAMS 0x0000000085300000, 0x0000000085300000| Untracked 
|  84|0x0000000085400000, 0x0000000085500000, 0x0000000085500000|100%| O|  |TAMS 0x0000000085400000, 0x0000000085400000| Untracked 
|  85|0x0000000085500000, 0x0000000085600000, 0x0000000085600000|100%| O|  |TAMS 0x0000000085500000, 0x0000000085500000| Untracked 
|  86|0x0000000085600000, 0x0000000085700000, 0x0000000085700000|100%| O|  |TAMS 0x0000000085600000, 0x0000000085600000| Untracked 
|  87|0x0000000085700000, 0x0000000085800000, 0x0000000085800000|100%| O|  |TAMS 0x0000000085700000, 0x0000000085700000| Untracked 
|  88|0x0000000085800000, 0x0000000085900000, 0x0000000085900000|100%| O|  |TAMS 0x0000000085800000, 0x0000000085800000| Untracked 
|  89|0x0000000085900000, 0x0000000085a00000, 0x0000000085a00000|100%| O|  |TAMS 0x0000000085900000, 0x0000000085900000| Untracked 
|  90|0x0000000085a00000, 0x0000000085b00000, 0x0000000085b00000|100%| O|  |TAMS 0x0000000085a00000, 0x0000000085a00000| Untracked 
|  91|0x0000000085b00000, 0x0000000085c00000, 0x0000000085c00000|100%| O|  |TAMS 0x0000000085b00000, 0x0000000085b00000| Untracked 
|  92|0x0000000085c00000, 0x0000000085d00000, 0x0000000085d00000|100%| O|  |TAMS 0x0000000085c00000, 0x0000000085c00000| Untracked 
|  93|0x0000000085d00000, 0x0000000085df2400, 0x0000000085e00000| 94%| O|  |TAMS 0x0000000085d00000, 0x0000000085d00000| Untracked 
|  94|0x0000000085e00000, 0x0000000085e00000, 0x0000000085f00000|  0%| F|  |TAMS 0x0000000085e00000, 0x0000000085e00000| Untracked 
|  95|0x0000000085f00000, 0x0000000085f00000, 0x0000000086000000|  0%| F|  |TAMS 0x0000000085f00000, 0x0000000085f00000| Untracked 
|  96|0x0000000086000000, 0x0000000086000000, 0x0000000086100000|  0%| F|  |TAMS 0x0000000086000000, 0x0000000086000000| Untracked 
|  97|0x0000000086100000, 0x0000000086100000, 0x0000000086200000|  0%| F|  |TAMS 0x0000000086100000, 0x0000000086100000| Untracked 
|  98|0x0000000086200000, 0x0000000086200000, 0x0000000086300000|  0%| F|  |TAMS 0x0000000086200000, 0x0000000086200000| Untracked 
|  99|0x0000000086300000, 0x0000000086400000, 0x0000000086400000|100%| O|  |TAMS 0x0000000086300000, 0x0000000086300000| Untracked 
| 100|0x0000000086400000, 0x0000000086500000, 0x0000000086500000|100%| O|  |TAMS 0x0000000086400000, 0x0000000086400000| Untracked 
| 101|0x0000000086500000, 0x0000000086500000, 0x0000000086600000|  0%| F|  |TAMS 0x0000000086500000, 0x0000000086500000| Untracked 
| 102|0x0000000086600000, 0x0000000086600000, 0x0000000086700000|  0%| F|  |TAMS 0x0000000086600000, 0x0000000086600000| Untracked 
| 103|0x0000000086700000, 0x0000000086800000, 0x0000000086800000|100%| O|  |TAMS 0x0000000086700000, 0x0000000086700000| Untracked 
| 104|0x0000000086800000, 0x0000000086900000, 0x0000000086900000|100%| O|  |TAMS 0x0000000086800000, 0x0000000086800000| Untracked 
| 105|0x0000000086900000, 0x0000000086900000, 0x0000000086a00000|  0%| F|  |TAMS 0x0000000086900000, 0x0000000086900000| Untracked 
| 106|0x0000000086a00000, 0x0000000086a00000, 0x0000000086b00000|  0%| F|  |TAMS 0x0000000086a00000, 0x0000000086a00000| Untracked 
| 107|0x0000000086b00000, 0x0000000086c00000, 0x0000000086c00000|100%| O|  |TAMS 0x0000000086b00000, 0x0000000086b00000| Untracked 
| 108|0x0000000086c00000, 0x0000000086d00000, 0x0000000086d00000|100%| O|  |TAMS 0x0000000086c00000, 0x0000000086c00000| Untracked 
| 109|0x0000000086d00000, 0x0000000086d00000, 0x0000000086e00000|  0%| F|  |TAMS 0x0000000086d00000, 0x0000000086d00000| Untracked 
| 110|0x0000000086e00000, 0x0000000086e00000, 0x0000000086f00000|  0%| F|  |TAMS 0x0000000086e00000, 0x0000000086e00000| Untracked 
| 111|0x0000000086f00000, 0x0000000086f00000, 0x0000000087000000|  0%| F|  |TAMS 0x0000000086f00000, 0x0000000086f00000| Untracked 
| 112|0x0000000087000000, 0x0000000087000000, 0x0000000087100000|  0%| F|  |TAMS 0x0000000087000000, 0x0000000087000000| Untracked 
| 113|0x0000000087100000, 0x0000000087100000, 0x0000000087200000|  0%| F|  |TAMS 0x0000000087100000, 0x0000000087100000| Untracked 
| 114|0x0000000087200000, 0x0000000087200000, 0x0000000087300000|  0%| F|  |TAMS 0x0000000087200000, 0x0000000087200000| Untracked 
| 115|0x0000000087300000, 0x0000000087300000, 0x0000000087400000|  0%| F|  |TAMS 0x0000000087300000, 0x0000000087300000| Untracked 
| 116|0x0000000087400000, 0x0000000087400000, 0x0000000087500000|  0%| F|  |TAMS 0x0000000087400000, 0x0000000087400000| Untracked 
| 117|0x0000000087500000, 0x0000000087500000, 0x0000000087600000|  0%| F|  |TAMS 0x0000000087500000, 0x0000000087500000| Untracked 
| 118|0x0000000087600000, 0x0000000087600000, 0x0000000087700000|  0%| F|  |TAMS 0x0000000087600000, 0x0000000087600000| Untracked 
| 119|0x0000000087700000, 0x0000000087700000, 0x0000000087800000|  0%| F|  |TAMS 0x0000000087700000, 0x0000000087700000| Untracked 
| 120|0x0000000087800000, 0x0000000087800000, 0x0000000087900000|  0%| F|  |TAMS 0x0000000087800000, 0x0000000087800000| Untracked 
| 121|0x0000000087900000, 0x0000000087900000, 0x0000000087a00000|  0%| F|  |TAMS 0x0000000087900000, 0x0000000087900000| Untracked 
| 122|0x0000000087a00000, 0x0000000087a00000, 0x0000000087b00000|  0%| F|  |TAMS 0x0000000087a00000, 0x0000000087a00000| Untracked 
| 123|0x0000000087b00000, 0x0000000087b00000, 0x0000000087c00000|  0%| F|  |TAMS 0x0000000087b00000, 0x0000000087b00000| Untracked 
| 124|0x0000000087c00000, 0x0000000087c00000, 0x0000000087d00000|  0%| F|  |TAMS 0x0000000087c00000, 0x0000000087c00000| Untracked 
| 125|0x0000000087d00000, 0x0000000087d00000, 0x0000000087e00000|  0%| F|  |TAMS 0x0000000087d00000, 0x0000000087d00000| Untracked 
| 126|0x0000000087e00000, 0x0000000087e00000, 0x0000000087f00000|  0%| F|  |TAMS 0x0000000087e00000, 0x0000000087e00000| Untracked 
| 127|0x0000000087f00000, 0x0000000087f00000, 0x0000000088000000|  0%| F|  |TAMS 0x0000000087f00000, 0x0000000087f00000| Untracked 
| 128|0x0000000088000000, 0x0000000088000000, 0x0000000088100000|  0%| F|  |TAMS 0x0000000088000000, 0x0000000088000000| Untracked 
| 129|0x0000000088100000, 0x0000000088100000, 0x0000000088200000|  0%| F|  |TAMS 0x0000000088100000, 0x0000000088100000| Untracked 
| 130|0x0000000088200000, 0x0000000088200000, 0x0000000088300000|  0%| F|  |TAMS 0x0000000088200000, 0x0000000088200000| Untracked 
| 131|0x0000000088300000, 0x0000000088300000, 0x0000000088400000|  0%| F|  |TAMS 0x0000000088300000, 0x0000000088300000| Untracked 
| 132|0x0000000088400000, 0x0000000088400000, 0x0000000088500000|  0%| F|  |TAMS 0x0000000088400000, 0x0000000088400000| Untracked 
| 133|0x0000000088500000, 0x0000000088573ac0, 0x0000000088600000| 45%| S|CS|TAMS 0x0000000088500000, 0x0000000088500000| Complete 
| 134|0x0000000088600000, 0x0000000088600000, 0x0000000088700000|  0%| F|  |TAMS 0x0000000088600000, 0x0000000088600000| Untracked 
| 135|0x0000000088700000, 0x0000000088700000, 0x0000000088800000|  0%| F|  |TAMS 0x0000000088700000, 0x0000000088700000| Untracked 
| 136|0x0000000088800000, 0x0000000088800000, 0x0000000088900000|  0%| F|  |TAMS 0x0000000088800000, 0x0000000088800000| Untracked 
| 137|0x0000000088900000, 0x0000000088900000, 0x0000000088a00000|  0%| F|  |TAMS 0x0000000088900000, 0x0000000088900000| Untracked 
| 138|0x0000000088a00000, 0x0000000088a00000, 0x0000000088b00000|  0%| F|  |TAMS 0x0000000088a00000, 0x0000000088a00000| Untracked 
| 139|0x0000000088b00000, 0x0000000088b00000, 0x0000000088c00000|  0%| F|  |TAMS 0x0000000088b00000, 0x0000000088b00000| Untracked 
| 140|0x0000000088c00000, 0x0000000088c00000, 0x0000000088d00000|  0%| F|  |TAMS 0x0000000088c00000, 0x0000000088c00000| Untracked 
| 141|0x0000000088d00000, 0x0000000088d00000, 0x0000000088e00000|  0%| F|  |TAMS 0x0000000088d00000, 0x0000000088d00000| Untracked 
| 142|0x0000000088e00000, 0x0000000088e00000, 0x0000000088f00000|  0%| F|  |TAMS 0x0000000088e00000, 0x0000000088e00000| Untracked 
| 143|0x0000000088f00000, 0x0000000088f00000, 0x0000000089000000|  0%| F|  |TAMS 0x0000000088f00000, 0x0000000088f00000| Untracked 
| 144|0x0000000089000000, 0x0000000089000000, 0x0000000089100000|  0%| F|  |TAMS 0x0000000089000000, 0x0000000089000000| Untracked 
| 145|0x0000000089100000, 0x0000000089100000, 0x0000000089200000|  0%| F|  |TAMS 0x0000000089100000, 0x0000000089100000| Untracked 
| 146|0x0000000089200000, 0x0000000089200000, 0x0000000089300000|  0%| F|  |TAMS 0x0000000089200000, 0x0000000089200000| Untracked 
| 147|0x0000000089300000, 0x0000000089300000, 0x0000000089400000|  0%| F|  |TAMS 0x0000000089300000, 0x0000000089300000| Untracked 
| 148|0x0000000089400000, 0x0000000089400000, 0x0000000089500000|  0%| F|  |TAMS 0x0000000089400000, 0x0000000089400000| Untracked 
| 149|0x0000000089500000, 0x0000000089500000, 0x0000000089600000|  0%| F|  |TAMS 0x0000000089500000, 0x0000000089500000| Untracked 
| 150|0x0000000089600000, 0x0000000089600000, 0x0000000089700000|  0%| F|  |TAMS 0x0000000089600000, 0x0000000089600000| Untracked 
| 151|0x0000000089700000, 0x0000000089700000, 0x0000000089800000|  0%| F|  |TAMS 0x0000000089700000, 0x0000000089700000| Untracked 
| 152|0x0000000089800000, 0x0000000089800000, 0x0000000089900000|  0%| F|  |TAMS 0x0000000089800000, 0x0000000089800000| Untracked 
| 153|0x0000000089900000, 0x0000000089900000, 0x0000000089a00000|  0%| F|  |TAMS 0x0000000089900000, 0x0000000089900000| Untracked 
| 154|0x0000000089a00000, 0x0000000089a00000, 0x0000000089b00000|  0%| F|  |TAMS 0x0000000089a00000, 0x0000000089a00000| Untracked 
| 155|0x0000000089b00000, 0x0000000089b00000, 0x0000000089c00000|  0%| F|  |TAMS 0x0000000089b00000, 0x0000000089b00000| Untracked 
| 156|0x0000000089c00000, 0x0000000089c00000, 0x0000000089d00000|  0%| F|  |TAMS 0x0000000089c00000, 0x0000000089c00000| Untracked 
| 157|0x0000000089d00000, 0x0000000089d00000, 0x0000000089e00000|  0%| F|  |TAMS 0x0000000089d00000, 0x0000000089d00000| Untracked 
| 158|0x0000000089e00000, 0x0000000089e00000, 0x0000000089f00000|  0%| F|  |TAMS 0x0000000089e00000, 0x0000000089e00000| Untracked 
| 159|0x0000000089f00000, 0x0000000089f00000, 0x000000008a000000|  0%| F|  |TAMS 0x0000000089f00000, 0x0000000089f00000| Untracked 
| 160|0x000000008a000000, 0x000000008a000000, 0x000000008a100000|  0%| F|  |TAMS 0x000000008a000000, 0x000000008a000000| Untracked 
| 161|0x000000008a100000, 0x000000008a100000, 0x000000008a200000|  0%| F|  |TAMS 0x000000008a100000, 0x000000008a100000| Untracked 
| 162|0x000000008a200000, 0x000000008a200000, 0x000000008a300000|  0%| F|  |TAMS 0x000000008a200000, 0x000000008a200000| Untracked 
| 163|0x000000008a300000, 0x000000008a300000, 0x000000008a400000|  0%| F|  |TAMS 0x000000008a300000, 0x000000008a300000| Untracked 
| 164|0x000000008a400000, 0x000000008a400000, 0x000000008a500000|  0%| F|  |TAMS 0x000000008a400000, 0x000000008a400000| Untracked 
| 165|0x000000008a500000, 0x000000008a500000, 0x000000008a600000|  0%| F|  |TAMS 0x000000008a500000, 0x000000008a500000| Untracked 
| 166|0x000000008a600000, 0x000000008a600000, 0x000000008a700000|  0%| F|  |TAMS 0x000000008a600000, 0x000000008a600000| Untracked 
| 167|0x000000008a700000, 0x000000008a700000, 0x000000008a800000|  0%| F|  |TAMS 0x000000008a700000, 0x000000008a700000| Untracked 
| 168|0x000000008a800000, 0x000000008a800000, 0x000000008a900000|  0%| F|  |TAMS 0x000000008a800000, 0x000000008a800000| Untracked 
| 169|0x000000008a900000, 0x000000008a900000, 0x000000008aa00000|  0%| F|  |TAMS 0x000000008a900000, 0x000000008a900000| Untracked 
| 170|0x000000008aa00000, 0x000000008aa00000, 0x000000008ab00000|  0%| F|  |TAMS 0x000000008aa00000, 0x000000008aa00000| Untracked 
| 171|0x000000008ab00000, 0x000000008ab00000, 0x000000008ac00000|  0%| F|  |TAMS 0x000000008ab00000, 0x000000008ab00000| Untracked 
| 172|0x000000008ac00000, 0x000000008ac00000, 0x000000008ad00000|  0%| F|  |TAMS 0x000000008ac00000, 0x000000008ac00000| Untracked 
| 173|0x000000008ad00000, 0x000000008ad00000, 0x000000008ae00000|  0%| F|  |TAMS 0x000000008ad00000, 0x000000008ad00000| Untracked 
| 174|0x000000008ae00000, 0x000000008ae00000, 0x000000008af00000|  0%| F|  |TAMS 0x000000008ae00000, 0x000000008ae00000| Untracked 
| 175|0x000000008af00000, 0x000000008af00000, 0x000000008b000000|  0%| F|  |TAMS 0x000000008af00000, 0x000000008af00000| Untracked 
| 176|0x000000008b000000, 0x000000008b000000, 0x000000008b100000|  0%| F|  |TAMS 0x000000008b000000, 0x000000008b000000| Untracked 
| 177|0x000000008b100000, 0x000000008b100000, 0x000000008b200000|  0%| F|  |TAMS 0x000000008b100000, 0x000000008b100000| Untracked 
| 178|0x000000008b200000, 0x000000008b200000, 0x000000008b300000|  0%| F|  |TAMS 0x000000008b200000, 0x000000008b200000| Untracked 
| 179|0x000000008b300000, 0x000000008b300000, 0x000000008b400000|  0%| F|  |TAMS 0x000000008b300000, 0x000000008b300000| Untracked 
| 180|0x000000008b400000, 0x000000008b400000, 0x000000008b500000|  0%| F|  |TAMS 0x000000008b400000, 0x000000008b400000| Untracked 
| 181|0x000000008b500000, 0x000000008b500000, 0x000000008b600000|  0%| F|  |TAMS 0x000000008b500000, 0x000000008b500000| Untracked 
| 182|0x000000008b600000, 0x000000008b600000, 0x000000008b700000|  0%| F|  |TAMS 0x000000008b600000, 0x000000008b600000| Untracked 
| 183|0x000000008b700000, 0x000000008b700000, 0x000000008b800000|  0%| F|  |TAMS 0x000000008b700000, 0x000000008b700000| Untracked 
| 184|0x000000008b800000, 0x000000008b800000, 0x000000008b900000|  0%| F|  |TAMS 0x000000008b800000, 0x000000008b800000| Untracked 
| 185|0x000000008b900000, 0x000000008b900000, 0x000000008ba00000|  0%| F|  |TAMS 0x000000008b900000, 0x000000008b900000| Untracked 
| 186|0x000000008ba00000, 0x000000008ba00000, 0x000000008bb00000|  0%| F|  |TAMS 0x000000008ba00000, 0x000000008ba00000| Untracked 
| 187|0x000000008bb00000, 0x000000008bb00000, 0x000000008bc00000|  0%| F|  |TAMS 0x000000008bb00000, 0x000000008bb00000| Untracked 
| 188|0x000000008bc00000, 0x000000008bc00000, 0x000000008bd00000|  0%| F|  |TAMS 0x000000008bc00000, 0x000000008bc00000| Untracked 
| 189|0x000000008bd00000, 0x000000008bd00000, 0x000000008be00000|  0%| F|  |TAMS 0x000000008bd00000, 0x000000008bd00000| Untracked 
| 190|0x000000008be00000, 0x000000008be00000, 0x000000008bf00000|  0%| F|  |TAMS 0x000000008be00000, 0x000000008be00000| Untracked 
| 191|0x000000008bf00000, 0x000000008bf00000, 0x000000008c000000|  0%| F|  |TAMS 0x000000008bf00000, 0x000000008bf00000| Untracked 
| 192|0x000000008c000000, 0x000000008c000000, 0x000000008c100000|  0%| F|  |TAMS 0x000000008c000000, 0x000000008c000000| Untracked 
| 193|0x000000008c100000, 0x000000008c100000, 0x000000008c200000|  0%| F|  |TAMS 0x000000008c100000, 0x000000008c100000| Untracked 
| 194|0x000000008c200000, 0x000000008c200000, 0x000000008c300000|  0%| F|  |TAMS 0x000000008c200000, 0x000000008c200000| Untracked 
| 195|0x000000008c300000, 0x000000008c300000, 0x000000008c400000|  0%| F|  |TAMS 0x000000008c300000, 0x000000008c300000| Untracked 
| 196|0x000000008c400000, 0x000000008c400000, 0x000000008c500000|  0%| F|  |TAMS 0x000000008c400000, 0x000000008c400000| Untracked 
| 197|0x000000008c500000, 0x000000008c500000, 0x000000008c600000|  0%| F|  |TAMS 0x000000008c500000, 0x000000008c500000| Untracked 
| 198|0x000000008c600000, 0x000000008c600000, 0x000000008c700000|  0%| F|  |TAMS 0x000000008c600000, 0x000000008c600000| Untracked 
| 199|0x000000008c700000, 0x000000008c700000, 0x000000008c800000|  0%| F|  |TAMS 0x000000008c700000, 0x000000008c700000| Untracked 
| 200|0x000000008c800000, 0x000000008c800000, 0x000000008c900000|  0%| F|  |TAMS 0x000000008c800000, 0x000000008c800000| Untracked 
| 201|0x000000008c900000, 0x000000008c900000, 0x000000008ca00000|  0%| F|  |TAMS 0x000000008c900000, 0x000000008c900000| Untracked 
| 202|0x000000008ca00000, 0x000000008ca00000, 0x000000008cb00000|  0%| F|  |TAMS 0x000000008ca00000, 0x000000008ca00000| Untracked 
| 203|0x000000008cb00000, 0x000000008cb00000, 0x000000008cc00000|  0%| F|  |TAMS 0x000000008cb00000, 0x000000008cb00000| Untracked 
| 204|0x000000008cc00000, 0x000000008cc00000, 0x000000008cd00000|  0%| F|  |TAMS 0x000000008cc00000, 0x000000008cc00000| Untracked 
| 205|0x000000008cd00000, 0x000000008cd00000, 0x000000008ce00000|  0%| F|  |TAMS 0x000000008cd00000, 0x000000008cd00000| Untracked 
| 206|0x000000008ce00000, 0x000000008ce00000, 0x000000008cf00000|  0%| F|  |TAMS 0x000000008ce00000, 0x000000008ce00000| Untracked 
| 207|0x000000008cf00000, 0x000000008cf00000, 0x000000008d000000|  0%| F|  |TAMS 0x000000008cf00000, 0x000000008cf00000| Untracked 
| 208|0x000000008d000000, 0x000000008d000000, 0x000000008d100000|  0%| F|  |TAMS 0x000000008d000000, 0x000000008d000000| Untracked 
| 209|0x000000008d100000, 0x000000008d100000, 0x000000008d200000|  0%| F|  |TAMS 0x000000008d100000, 0x000000008d100000| Untracked 
| 210|0x000000008d200000, 0x000000008d200000, 0x000000008d300000|  0%| F|  |TAMS 0x000000008d200000, 0x000000008d200000| Untracked 
| 211|0x000000008d300000, 0x000000008d300000, 0x000000008d400000|  0%| F|  |TAMS 0x000000008d300000, 0x000000008d300000| Untracked 
| 212|0x000000008d400000, 0x000000008d400000, 0x000000008d500000|  0%| F|  |TAMS 0x000000008d400000, 0x000000008d400000| Untracked 
| 213|0x000000008d500000, 0x000000008d500000, 0x000000008d600000|  0%| F|  |TAMS 0x000000008d500000, 0x000000008d500000| Untracked 
| 214|0x000000008d600000, 0x000000008d600000, 0x000000008d700000|  0%| F|  |TAMS 0x000000008d600000, 0x000000008d600000| Untracked 
| 215|0x000000008d700000, 0x000000008d700000, 0x000000008d800000|  0%| F|  |TAMS 0x000000008d700000, 0x000000008d700000| Untracked 
| 216|0x000000008d800000, 0x000000008d800000, 0x000000008d900000|  0%| F|  |TAMS 0x000000008d800000, 0x000000008d800000| Untracked 
| 217|0x000000008d900000, 0x000000008d900000, 0x000000008da00000|  0%| F|  |TAMS 0x000000008d900000, 0x000000008d900000| Untracked 
| 218|0x000000008da00000, 0x000000008da00000, 0x000000008db00000|  0%| F|  |TAMS 0x000000008da00000, 0x000000008da00000| Untracked 
| 219|0x000000008db00000, 0x000000008db00000, 0x000000008dc00000|  0%| F|  |TAMS 0x000000008db00000, 0x000000008db00000| Untracked 
| 220|0x000000008dc00000, 0x000000008dc00000, 0x000000008dd00000|  0%| F|  |TAMS 0x000000008dc00000, 0x000000008dc00000| Untracked 
| 221|0x000000008dd00000, 0x000000008dd00000, 0x000000008de00000|  0%| F|  |TAMS 0x000000008dd00000, 0x000000008dd00000| Untracked 
| 222|0x000000008de00000, 0x000000008de84790, 0x000000008df00000| 51%| E|  |TAMS 0x000000008de00000, 0x000000008de00000| Complete 
| 223|0x000000008df00000, 0x000000008e000000, 0x000000008e000000|100%| E|CS|TAMS 0x000000008df00000, 0x000000008df00000| Complete 
| 224|0x000000008e000000, 0x000000008e100000, 0x000000008e100000|100%| E|CS|TAMS 0x000000008e000000, 0x000000008e000000| Complete 
| 225|0x000000008e100000, 0x000000008e200000, 0x000000008e200000|100%| E|CS|TAMS 0x000000008e100000, 0x000000008e100000| Complete 
| 226|0x000000008e200000, 0x000000008e300000, 0x000000008e300000|100%| E|CS|TAMS 0x000000008e200000, 0x000000008e200000| Complete 
| 227|0x000000008e300000, 0x000000008e400000, 0x000000008e400000|100%| E|CS|TAMS 0x000000008e300000, 0x000000008e300000| Complete 
| 228|0x000000008e400000, 0x000000008e500000, 0x000000008e500000|100%| E|CS|TAMS 0x000000008e400000, 0x000000008e400000| Complete 
| 229|0x000000008e500000, 0x000000008e600000, 0x000000008e600000|100%| E|CS|TAMS 0x000000008e500000, 0x000000008e500000| Complete 
| 230|0x000000008e600000, 0x000000008e700000, 0x000000008e700000|100%| E|CS|TAMS 0x000000008e600000, 0x000000008e600000| Complete 
| 231|0x000000008e700000, 0x000000008e800000, 0x000000008e800000|100%| E|CS|TAMS 0x000000008e700000, 0x000000008e700000| Complete 
| 232|0x000000008e800000, 0x000000008e900000, 0x000000008e900000|100%| E|CS|TAMS 0x000000008e800000, 0x000000008e800000| Complete 
| 233|0x000000008e900000, 0x000000008ea00000, 0x000000008ea00000|100%| E|CS|TAMS 0x000000008e900000, 0x000000008e900000| Complete 
| 234|0x000000008ea00000, 0x000000008eb00000, 0x000000008eb00000|100%| E|CS|TAMS 0x000000008ea00000, 0x000000008ea00000| Complete 
| 235|0x000000008eb00000, 0x000000008ec00000, 0x000000008ec00000|100%| E|CS|TAMS 0x000000008eb00000, 0x000000008eb00000| Complete 
| 236|0x000000008ec00000, 0x000000008ed00000, 0x000000008ed00000|100%| E|CS|TAMS 0x000000008ec00000, 0x000000008ec00000| Complete 
| 237|0x000000008ed00000, 0x000000008ee00000, 0x000000008ee00000|100%| E|CS|TAMS 0x000000008ed00000, 0x000000008ed00000| Complete 
| 238|0x000000008ee00000, 0x000000008ef00000, 0x000000008ef00000|100%| E|CS|TAMS 0x000000008ee00000, 0x000000008ee00000| Complete 
| 239|0x000000008ef00000, 0x000000008f000000, 0x000000008f000000|100%| E|CS|TAMS 0x000000008ef00000, 0x000000008ef00000| Complete 
| 240|0x000000008f000000, 0x000000008f100000, 0x000000008f100000|100%| E|CS|TAMS 0x000000008f000000, 0x000000008f000000| Complete 
| 241|0x000000008f100000, 0x000000008f200000, 0x000000008f200000|100%| E|CS|TAMS 0x000000008f100000, 0x000000008f100000| Complete 
| 242|0x000000008f200000, 0x000000008f300000, 0x000000008f300000|100%| E|CS|TAMS 0x000000008f200000, 0x000000008f200000| Complete 
| 243|0x000000008f300000, 0x000000008f400000, 0x000000008f400000|100%| E|CS|TAMS 0x000000008f300000, 0x000000008f300000| Complete 
| 244|0x000000008f400000, 0x000000008f500000, 0x000000008f500000|100%| E|  |TAMS 0x000000008f400000, 0x000000008f400000| Complete 
| 245|0x000000008f500000, 0x000000008f600000, 0x000000008f600000|100%| E|CS|TAMS 0x000000008f500000, 0x000000008f500000| Complete 
| 246|0x000000008f600000, 0x000000008f700000, 0x000000008f700000|100%| E|CS|TAMS 0x000000008f600000, 0x000000008f600000| Complete 
| 247|0x000000008f700000, 0x000000008f800000, 0x000000008f800000|100%| E|CS|TAMS 0x000000008f700000, 0x000000008f700000| Complete 
| 248|0x000000008f800000, 0x000000008f900000, 0x000000008f900000|100%| E|CS|TAMS 0x000000008f800000, 0x000000008f800000| Complete 
| 249|0x000000008f900000, 0x000000008fa00000, 0x000000008fa00000|100%| E|CS|TAMS 0x000000008f900000, 0x000000008f900000| Complete 
| 250|0x000000008fa00000, 0x000000008fb00000, 0x000000008fb00000|100%| E|CS|TAMS 0x000000008fa00000, 0x000000008fa00000| Complete 
| 251|0x000000008fb00000, 0x000000008fc00000, 0x000000008fc00000|100%| E|CS|TAMS 0x000000008fb00000, 0x000000008fb00000| Complete 
| 252|0x000000008fc00000, 0x000000008fd00000, 0x000000008fd00000|100%| E|CS|TAMS 0x000000008fc00000, 0x000000008fc00000| Complete 
| 253|0x000000008fd00000, 0x000000008fe00000, 0x000000008fe00000|100%| E|CS|TAMS 0x000000008fd00000, 0x000000008fd00000| Complete 
| 254|0x000000008fe00000, 0x000000008ff00000, 0x000000008ff00000|100%| E|CS|TAMS 0x000000008fe00000, 0x000000008fe00000| Complete 
| 255|0x000000008ff00000, 0x0000000090000000, 0x0000000090000000|100%| E|CS|TAMS 0x000000008ff00000, 0x000000008ff00000| Complete 

Card table byte_map: [0x00000294d2ed0000,0x00000294d32d0000] _byte_map_base: 0x00000294d2ad0000

Marking Bits (Prev, Next): (CMBitMap*) 0x00000294bbbd3e20, (CMBitMap*) 0x00000294bbbd3de0
 Prev Bits: [0x00000294d56d0000, 0x00000294d76d0000)
 Next Bits: [0x00000294d36d0000, 0x00000294d56d0000)

Polling page: 0x00000294b9b20000

Metaspace:

Usage:
  Non-class:    107.95 MB used.
      Class:     15.49 MB used.
       Both:    123.45 MB used.

Virtual space:
  Non-class space:      128.00 MB reserved,     109.06 MB ( 85%) committed,  2 nodes.
      Class space:      412.00 MB reserved,      16.69 MB (  4%) committed,  1 nodes.
             Both:      540.00 MB reserved,     125.75 MB ( 23%) committed. 

Chunk freelists:
   Non-Class:  2.17 MB
       Class:  3.36 MB
        Both:  5.53 MB

MaxMetaspaceSize: 512.00 MB
CompressedClassSpaceSize: 412.00 MB
Initial GC threshold: 21.00 MB
Current GC threshold: 130.44 MB
CDS: on
MetaspaceReclaimPolicy: balanced
 - commit_granule_bytes: 65536.
 - commit_granule_words: 8192.
 - virtual_space_node_default_size: 8388608.
 - enlarge_chunks_in_place: 1.
 - new_chunks_are_fully_committed: 0.
 - uncommit_free_chunks: 1.
 - use_allocation_guard: 0.


Internal statistics:

num_allocs_failed_limit: 12.
num_arena_births: 4162.
num_arena_deaths: 0.
num_vsnodes_births: 3.
num_vsnodes_deaths: 0.
num_space_committed: 2010.
num_space_uncommitted: 0.
num_chunks_returned_to_freelist: 12.
num_chunks_taken_from_freelist: 9353.
num_chunk_merges: 9.
num_chunk_splits: 6525.
num_chunks_enlarged: 4467.
num_inconsistent_stats: 0.

CodeHeap 'non-profiled nmethods': size=120000Kb used=7196Kb max_used=7196Kb free=112803Kb
 bounds [0x00000294cb5a0000, 0x00000294cbcb0000, 0x00000294d2ad0000]
CodeHeap 'profiled nmethods': size=120000Kb used=20806Kb max_used=20806Kb free=99193Kb
 bounds [0x00000294c3ad0000, 0x00000294c4f30000, 0x00000294cb000000]
CodeHeap 'non-nmethods': size=5760Kb used=2682Kb max_used=2733Kb free=3077Kb
 bounds [0x00000294cb000000, 0x00000294cb2c0000, 0x00000294cb5a0000]
 total_blobs=11437 nmethods=10270 adapters=1075
 compilation: enabled
              stopped_count=0, restarted_count=0
 full_count=0

Compilation events (20 events):
Event: 187.789 Thread 0x00000294d9bf0160 nmethod 12748 0x00000294c4f16d90 code [0x00000294c4f16f40, 0x00000294c4f17088]
Event: 187.789 Thread 0x00000294d9bf0160 12749       3       org.jetbrains.kotlin.metadata.jvm.JvmModuleProtoBuf$PackageParts$1::parsePartialFrom (11 bytes)
Event: 187.790 Thread 0x00000294d9bf0160 nmethod 12749 0x00000294c4f17110 code [0x00000294c4f172c0, 0x00000294c4f174c8]
Event: 187.790 Thread 0x00000294d9bf0160 12750       3       org.jetbrains.kotlin.metadata.jvm.JvmModuleProtoBuf$Module::getPackageParts (14 bytes)
Event: 187.790 Thread 0x00000294d9bf0160 nmethod 12750 0x00000294c4f17610 code [0x00000294c4f177c0, 0x00000294c4f17a88]
Event: 187.790 Thread 0x00000294d9bf0160 12751       3       org.jetbrains.kotlin.metadata.jvm.JvmModuleProtoBuf$PackageParts::isInitialized (39 bytes)
Event: 187.791 Thread 0x00000294d9bf0160 nmethod 12751 0x00000294c4f17b90 code [0x00000294c4f17d60, 0x00000294c4f18078]
Event: 187.791 Thread 0x00000294d9bf0160 12752       3       org.jetbrains.kotlin.metadata.jvm.JvmModuleProtoBuf$PackageParts::getPackageFqName (41 bytes)
Event: 187.792 Thread 0x00000294d9bf0160 nmethod 12752 0x00000294c4f18110 code [0x00000294c4f18300, 0x00000294c4f18998]
Event: 187.794 Thread 0x00000294d9bf0160 12753       3       org.jetbrains.kotlin.metadata.jvm.deserialization.PackageParts::<init> (41 bytes)
Event: 187.796 Thread 0x00000294d9bf0160 nmethod 12753 0x00000294c4f18b10 code [0x00000294c4f18da0, 0x00000294c4f197c8]
Event: 187.799 Thread 0x00000294d9bf0160 12754       1       org.jetbrains.kotlin.metadata.jvm.JvmModuleProtoBuf$Module::getQualifiedNameTable (5 bytes)
Event: 187.799 Thread 0x00000294d9bf0160 nmethod 12754 0x00000294cbc9d810 code [0x00000294cbc9d9a0, 0x00000294cbc9da58]
Event: 187.846 Thread 0x00000294d9bf0160 12755       3       org.jetbrains.kotlin.com.intellij.util.containers.LinkedCustomHashMap::get (90 bytes)
Event: 187.847 Thread 0x00000294d9bf0160 nmethod 12755 0x00000294c4f19b90 code [0x00000294c4f19da0, 0x00000294c4f1a428]
Event: 187.860 Thread 0x00000294d9bf0160 12757       2       org.jetbrains.kotlin.protobuf.UnmodifiableLazyStringList::size (10 bytes)
Event: 187.860 Thread 0x00000294d9bf0160 nmethod 12757 0x00000294c4f1a710 code [0x00000294c4f1a8c0, 0x00000294c4f1a9e8]
Event: 187.920 Thread 0x00000294d9bf0160 12758       2       org.jetbrains.kotlin.utils.DeserializationHelpersKt::jvmMetadataVersionOrDefault (37 bytes)
Event: 187.921 Thread 0x00000294d9bf0160 nmethod 12758 0x00000294c4f1aa90 code [0x00000294c4f1ac80, 0x00000294c4f1afc8]
Event: 187.921 Thread 0x00000294d9bf0160 12759   !   2       org.jetbrains.kotlin.metadata.jvm.JvmModuleProtoBuf$PackageParts::<init> (1103 bytes)

GC Heap History (20 events):
Event: 151.339 GC heap before
{Heap before GC invocations=103 (full 0):
 garbage-first heap   total 262144K, used 98535K [0x0000000080000000, 0x0000000100000000)
  region size 1024K, 12 young (12288K), 10 survivors (10240K)
 Metaspace       used 89481K, committed 91456K, reserved 552960K
  class space    used 11696K, committed 12736K, reserved 421888K
}
Event: 151.352 GC heap after
{Heap after GC invocations=104 (full 0):
 garbage-first heap   total 262144K, used 88331K [0x0000000080000000, 0x0000000100000000)
  region size 1024K, 2 young (2048K), 2 survivors (2048K)
 Metaspace       used 89481K, committed 91456K, reserved 552960K
  class space    used 11696K, committed 12736K, reserved 421888K
}
Event: 157.563 GC heap before
{Heap before GC invocations=104 (full 0):
 garbage-first heap   total 262144K, used 213259K [0x0000000080000000, 0x0000000100000000)
  region size 1024K, 125 young (128000K), 2 survivors (2048K)
 Metaspace       used 101866K, committed 103872K, reserved 552960K
  class space    used 13043K, committed 14080K, reserved 421888K
}
Event: 157.579 GC heap after
{Heap after GC invocations=105 (full 0):
 garbage-first heap   total 262144K, used 95399K [0x0000000080000000, 0x0000000100000000)
  region size 1024K, 9 young (9216K), 9 survivors (9216K)
 Metaspace       used 101866K, committed 103872K, reserved 552960K
  class space    used 13043K, committed 14080K, reserved 421888K
}
Event: 165.991 GC heap before
{Heap before GC invocations=105 (full 0):
 garbage-first heap   total 262144K, used 213159K [0x0000000080000000, 0x0000000100000000)
  region size 1024K, 124 young (126976K), 9 survivors (9216K)
 Metaspace       used 119593K, committed 121856K, reserved 552960K
  class space    used 15021K, committed 16192K, reserved 421888K
}
Event: 166.010 GC heap after
{Heap after GC invocations=106 (full 0):
 garbage-first heap   total 262144K, used 100679K [0x0000000080000000, 0x0000000100000000)
  region size 1024K, 6 young (6144K), 6 survivors (6144K)
 Metaspace       used 119593K, committed 121856K, reserved 552960K
  class space    used 15021K, committed 16192K, reserved 421888K
}
Event: 175.229 GC heap before
{Heap before GC invocations=106 (full 0):
 garbage-first heap   total 262144K, used 215367K [0x0000000080000000, 0x0000000100000000)
  region size 1024K, 118 young (120832K), 6 survivors (6144K)
 Metaspace       used 125088K, committed 127360K, reserved 552960K
  class space    used 15731K, committed 16960K, reserved 421888K
}
Event: 175.242 GC heap after
{Heap after GC invocations=107 (full 0):
 garbage-first heap   total 262144K, used 103616K [0x0000000080000000, 0x0000000100000000)
  region size 1024K, 9 young (9216K), 9 survivors (9216K)
 Metaspace       used 125088K, committed 127360K, reserved 552960K
  class space    used 15731K, committed 16960K, reserved 421888K
}
Event: 177.132 GC heap before
{Heap before GC invocations=107 (full 0):
 garbage-first heap   total 262144K, used 217280K [0x0000000080000000, 0x0000000100000000)
  region size 1024K, 120 young (122880K), 9 survivors (9216K)
 Metaspace       used 125112K, committed 127424K, reserved 552960K
  class space    used 15735K, committed 16960K, reserved 421888K
}
Event: 177.144 GC heap after
{Heap after GC invocations=108 (full 0):
 garbage-first heap   total 262144K, used 105448K [0x0000000080000000, 0x0000000100000000)
  region size 1024K, 6 young (6144K), 6 survivors (6144K)
 Metaspace       used 125112K, committed 127424K, reserved 552960K
  class space    used 15735K, committed 16960K, reserved 421888K
}
Event: 178.883 GC heap before
{Heap before GC invocations=108 (full 0):
 garbage-first heap   total 262144K, used 219112K [0x0000000080000000, 0x0000000100000000)
  region size 1024K, 117 young (119808K), 6 survivors (6144K)
 Metaspace       used 125112K, committed 127424K, reserved 552960K
  class space    used 15735K, committed 16960K, reserved 421888K
}
Event: 178.891 GC heap after
{Heap after GC invocations=109 (full 0):
 garbage-first heap   total 262144K, used 106632K [0x0000000080000000, 0x0000000100000000)
  region size 1024K, 7 young (7168K), 7 survivors (7168K)
 Metaspace       used 125112K, committed 127424K, reserved 552960K
  class space    used 15735K, committed 16960K, reserved 421888K
}
Event: 181.463 GC heap before
{Heap before GC invocations=109 (full 0):
 garbage-first heap   total 262144K, used 221320K [0x0000000080000000, 0x0000000100000000)
  region size 1024K, 119 young (121856K), 7 survivors (7168K)
 Metaspace       used 125112K, committed 127424K, reserved 552960K
  class space    used 15735K, committed 16960K, reserved 421888K
}
Event: 181.472 GC heap after
{Heap after GC invocations=110 (full 0):
 garbage-first heap   total 262144K, used 108442K [0x0000000080000000, 0x0000000100000000)
  region size 1024K, 9 young (9216K), 9 survivors (9216K)
 Metaspace       used 125112K, committed 127424K, reserved 552960K
  class space    used 15735K, committed 16960K, reserved 421888K
}
Event: 183.165 GC heap before
{Heap before GC invocations=110 (full 0):
 garbage-first heap   total 262144K, used 223130K [0x0000000080000000, 0x0000000100000000)
  region size 1024K, 121 young (123904K), 9 survivors (9216K)
 Metaspace       used 125112K, committed 127424K, reserved 552960K
  class space    used 15735K, committed 16960K, reserved 421888K
}
Event: 183.174 GC heap after
{Heap after GC invocations=111 (full 0):
 garbage-first heap   total 262144K, used 109906K [0x0000000080000000, 0x0000000100000000)
  region size 1024K, 10 young (10240K), 10 survivors (10240K)
 Metaspace       used 125112K, committed 127424K, reserved 552960K
  class space    used 15735K, committed 16960K, reserved 421888K
}
Event: 185.064 GC heap before
{Heap before GC invocations=111 (full 0):
 garbage-first heap   total 262144K, used 224594K [0x0000000080000000, 0x0000000100000000)
  region size 1024K, 122 young (124928K), 10 survivors (10240K)
 Metaspace       used 125119K, committed 127424K, reserved 552960K
  class space    used 15735K, committed 16960K, reserved 421888K
}
Event: 185.069 GC heap after
{Heap after GC invocations=112 (full 0):
 garbage-first heap   total 262144K, used 103815K [0x0000000080000000, 0x0000000100000000)
  region size 1024K, 2 young (2048K), 2 survivors (2048K)
 Metaspace       used 125119K, committed 127424K, reserved 552960K
  class space    used 15735K, committed 16960K, reserved 421888K
}
Event: 186.787 GC heap before
{Heap before GC invocations=112 (full 0):
 garbage-first heap   total 262144K, used 226695K [0x0000000080000000, 0x0000000100000000)
  region size 1024K, 122 young (124928K), 2 survivors (2048K)
 Metaspace       used 125133K, committed 127488K, reserved 552960K
  class space    used 15735K, committed 16960K, reserved 421888K
}
Event: 186.789 GC heap after
{Heap after GC invocations=113 (full 0):
 garbage-first heap   total 262144K, used 102807K [0x0000000080000000, 0x0000000100000000)
  region size 1024K, 1 young (1024K), 1 survivors (1024K)
 Metaspace       used 125133K, committed 127488K, reserved 552960K
  class space    used 15735K, committed 16960K, reserved 421888K
}

Dll operation events (15 events):
Event: 0.053 Loaded shared library C:\Program Files\Java\jdk-19\bin\java.dll
Event: 0.096 Loaded shared library C:\Program Files\Java\jdk-19\bin\jsvml.dll
Event: 0.404 Loaded shared library C:\Program Files\Java\jdk-19\bin\zip.dll
Event: 0.423 Loaded shared library C:\Program Files\Java\jdk-19\bin\instrument.dll
Event: 0.453 Loaded shared library C:\Program Files\Java\jdk-19\bin\net.dll
Event: 0.482 Loaded shared library C:\Program Files\Java\jdk-19\bin\nio.dll
Event: 0.496 Loaded shared library C:\Program Files\Java\jdk-19\bin\zip.dll
Event: 1.651 Loaded shared library C:\Program Files\Java\jdk-19\bin\jimage.dll
Event: 2.467 Loaded shared library C:\Program Files\Java\jdk-19\bin\verify.dll
Event: 2.862 Loaded shared library C:\Users\denni\.gradle\native\1def1411415f61bf3af743bc5b6707747c0891f09f0c88961ee8f79bc544acac\windows-amd64\native-platform.dll
Event: 2.917 Loaded shared library C:\Users\denni\.gradle\native\0.2.7\x86_64-windows-gnu\gradle-fileevents.dll
Event: 8.095 Loaded shared library C:\Program Files\Java\jdk-19\bin\management.dll
Event: 8.133 Loaded shared library C:\Program Files\Java\jdk-19\bin\management_ext.dll
Event: 10.449 Loaded shared library C:\Program Files\Java\jdk-19\bin\extnet.dll
Event: 11.753 Loaded shared library C:\Program Files\Java\jdk-19\bin\sunmscapi.dll

Deoptimization events (20 events):
Event: 187.604 Thread 0x00000294ddf8dce0 Uncommon trap: trap_request=0xffffffbe fr.pc=0x00000294cbbc41a0 relative=0x00000000000002e0
Event: 187.604 Thread 0x00000294ddf8dce0 Uncommon trap: reason=profile_predicate action=maybe_recompile pc=0x00000294cbbc41a0 method=java.util.regex.Pattern$BnM.optimize(Ljava/util/regex/Pattern$Node;)Ljava/util/regex/Pattern$Node; @ 67 c2
Event: 187.605 Thread 0x00000294ddf8dce0 DEOPT PACKING pc=0x00000294cbbc41a0 sp=0x000000c4714f2910
Event: 187.605 Thread 0x00000294ddf8dce0 DEOPT UNPACKING pc=0x00000294cb066da3 sp=0x000000c4714f28b8 mode 2
Event: 187.703 Thread 0x00000294ddf8dce0 Uncommon trap: trap_request=0xffffff45 fr.pc=0x00000294cb5ed068 relative=0x0000000000000528
Event: 187.703 Thread 0x00000294ddf8dce0 Uncommon trap: reason=unstable_if action=reinterpret pc=0x00000294cb5ed068 method=java.lang.AbstractStringBuilder.append(Ljava/lang/String;)Ljava/lang/AbstractStringBuilder; @ 1 c2
Event: 187.703 Thread 0x00000294ddf8dce0 DEOPT PACKING pc=0x00000294cb5ed068 sp=0x000000c4714f29b0
Event: 187.703 Thread 0x00000294ddf8dce0 DEOPT UNPACKING pc=0x00000294cb066da3 sp=0x000000c4714f2988 mode 2
Event: 187.744 Thread 0x00000294ddf8dce0 Uncommon trap: trap_request=0xffffffde fr.pc=0x00000294cbac2e04 relative=0x00000000000035a4
Event: 187.744 Thread 0x00000294ddf8dce0 Uncommon trap: reason=class_check action=maybe_recompile pc=0x00000294cbac2e04 method=org.jetbrains.kotlin.metadata.ProtoBuf$TypeParameter.writeTo(Lorg/jetbrains/kotlin/protobuf/CodedOutputStream;)V @ 134 c2
Event: 187.744 Thread 0x00000294ddf8dce0 DEOPT PACKING pc=0x00000294cbac2e04 sp=0x000000c4714f24e0
Event: 187.744 Thread 0x00000294ddf8dce0 DEOPT UNPACKING pc=0x00000294cb066da3 sp=0x000000c4714f23a0 mode 2
Event: 187.744 Thread 0x00000294ddf8dce0 Uncommon trap: trap_request=0xffffffde fr.pc=0x00000294cbac2e04 relative=0x00000000000035a4
Event: 187.744 Thread 0x00000294ddf8dce0 Uncommon trap: reason=class_check action=maybe_recompile pc=0x00000294cbac2e04 method=org.jetbrains.kotlin.metadata.ProtoBuf$TypeParameter.writeTo(Lorg/jetbrains/kotlin/protobuf/CodedOutputStream;)V @ 134 c2
Event: 187.744 Thread 0x00000294ddf8dce0 DEOPT PACKING pc=0x00000294cbac2e04 sp=0x000000c4714f24e0
Event: 187.745 Thread 0x00000294ddf8dce0 DEOPT UNPACKING pc=0x00000294cb066da3 sp=0x000000c4714f23a0 mode 2
Event: 187.745 Thread 0x00000294ddf8dce0 Uncommon trap: trap_request=0xffffff45 fr.pc=0x00000294cbac2974 relative=0x0000000000003114
Event: 187.745 Thread 0x00000294ddf8dce0 Uncommon trap: reason=unstable_if action=reinterpret pc=0x00000294cbac2974 method=org.jetbrains.kotlin.metadata.ProtoBuf$Function.writeTo(Lorg/jetbrains/kotlin/protobuf/CodedOutputStream;)V @ 200 c2
Event: 187.745 Thread 0x00000294ddf8dce0 DEOPT PACKING pc=0x00000294cbac2974 sp=0x000000c4714f24e0
Event: 187.745 Thread 0x00000294ddf8dce0 DEOPT UNPACKING pc=0x00000294cb066da3 sp=0x000000c4714f24e8 mode 2

Classes loaded (20 events):
Event: 167.720 Loading class sun/security/ssl/PreSharedKeyExtension$SHPreSharedKeySpec
Event: 167.721 Loading class sun/security/ssl/PreSharedKeyExtension$SHPreSharedKeySpec done
Event: 169.120 Loading class com/sun/org/apache/xerces/internal/dom/DeferredCommentImpl
Event: 169.120 Loading class com/sun/org/apache/xerces/internal/dom/CommentImpl
Event: 169.121 Loading class com/sun/org/apache/xerces/internal/dom/CommentImpl done
Event: 169.121 Loading class com/sun/org/apache/xerces/internal/dom/DeferredCommentImpl done
Event: 170.621 Loading class java/util/stream/DistinctOps
Event: 170.621 Loading class java/util/stream/DistinctOps done
Event: 170.621 Loading class java/util/stream/DistinctOps$1
Event: 170.622 Loading class java/util/stream/DistinctOps$1 done
Event: 170.622 Loading class java/util/stream/DistinctOps$1$2
Event: 170.622 Loading class java/util/stream/DistinctOps$1$2 done
Event: 172.840 Loading class java/util/stream/SortedOps$SizedRefSortingSink
Event: 172.841 Loading class java/util/stream/SortedOps$SizedRefSortingSink done
Event: 175.245 Loading class sun/security/ssl/Alert
Event: 175.245 Loading class sun/security/ssl/Alert done
Event: 175.245 Loading class sun/security/ssl/Alert$AlertConsumer
Event: 175.246 Loading class sun/security/ssl/Alert$AlertConsumer done
Event: 175.246 Loading class sun/security/ssl/Alert$Level
Event: 175.246 Loading class sun/security/ssl/Alert$Level done

Classes unloaded (0 events):
No events

Classes redefined (0 events):
No events

Internal exceptions (20 events):
Event: 166.515 Thread 0x00000294df84b580 Exception <a 'java/lang/NoSuchMethodError'{0x000000008fd0a5f8}: static Lorg/gradle/internal/build/event/types/DefaultFileDownloadSuccessResult;.<clinit>()V> (0x000000008fd0a5f8) 
thrown [s\open\src\hotspot\share\prims\jni.cpp, line 1107]
Event: 166.623 Thread 0x00000294ddf8dce0 Exception <a 'java/lang/NoSuchMethodError'{0x000000008fc67118}: 'int java.lang.invoke.DirectMethodHandle$Holder.invokeSpecial(java.lang.Object, java.lang.Object, int)'> (0x000000008fc67118) 
thrown [s\open\src\hotspot\share\interpreter\linkResolver.cpp, line 774]
Event: 167.159 Thread 0x00000294ddf8dce0 Exception <a 'java/lang/NoSuchMethodError'{0x000000008f6cb988}: 'void java.lang.invoke.DirectMethodHandle$Holder.invokeSpecial(java.lang.Object, java.lang.Object, long, java.lang.Object, java.lang.Object)'> (0x000000008f6cb988) 
thrown [s\open\src\hotspot\share\interpreter\linkResolver.cpp, line 774]
Event: 167.160 Thread 0x00000294ddf8dce0 Exception <a 'java/lang/NoSuchMethodError'{0x000000008f6d4460}: 'java.lang.Object java.lang.invoke.DirectMethodHandle$Holder.newInvokeSpecial(java.lang.Object, java.lang.Object, long, java.lang.Object)'> (0x000000008f6d4460) 
thrown [s\open\src\hotspot\share\interpreter\linkResolver.cpp, line 774]
Event: 167.161 Thread 0x00000294ddf8dce0 Exception <a 'java/lang/NoSuchMethodError'{0x000000008f6d9a78}: 'java.lang.Object java.lang.invoke.DirectMethodHandle$Holder.invokeSpecial(java.lang.Object, java.lang.Object, java.lang.Object, long, java.lang.Object)'> (0x000000008f6d9a78) 
thrown [s\open\src\hotspot\share\interpreter\linkResolver.cpp, line 774]
Event: 167.161 Thread 0x00000294ddf8dce0 Exception <a 'java/lang/NoSuchMethodError'{0x000000008f6dec50}: 'java.lang.Object java.lang.invoke.Invokers$Holder.linkToTargetMethod(java.lang.Object, long, java.lang.Object, java.lang.Object)'> (0x000000008f6dec50) 
thrown [s\open\src\hotspot\share\interpreter\linkResolver.cpp, line 774]
Event: 167.170 Thread 0x00000294ddf8dce0 Exception <a 'java/lang/NoSuchMethodError'{0x000000008f508f90}: 'void java.lang.invoke.DirectMethodHandle$Holder.invokeStatic(java.lang.Object, java.lang.Object, java.lang.Object, int, java.lang.Object)'> (0x000000008f508f90) 
thrown [s\open\src\hotspot\share\interpreter\linkResolver.cpp, line 774]
Event: 167.257 Thread 0x00000294ddf8dce0 Exception <a 'java/lang/NoSuchMethodError'{0x000000008f4dd418}: 'int java.lang.invoke.DirectMethodHandle$Holder.invokeInterface(java.lang.Object, java.lang.Object, java.lang.Object, java.lang.Object, java.lang.Object)'> (0x000000008f4dd418) 
thrown [s\open\src\hotspot\share\interpreter\linkResolver.cpp, line 774]
Event: 167.546 Thread 0x00000294ddf8dce0 Exception <a 'java/lang/NoSuchMethodError'{0x000000008f1a80b8}: 'java.lang.Object java.lang.invoke.DirectMethodHandle$Holder.invokeSpecial(java.lang.Object, java.lang.Object, long, java.lang.Object, java.lang.Object)'> (0x000000008f1a80b8) 
thrown [s\open\src\hotspot\share\interpreter\linkResolver.cpp, line 774]
Event: 169.496 Thread 0x00000294df84b580 Exception <a 'java/lang/NoSuchMethodError'{0x000000008ed8b3c0}: static Lorg/gradle/internal/build/event/types/DefaultStatusEvent;.<clinit>()V> (0x000000008ed8b3c0) 
thrown [s\open\src\hotspot\share\prims\jni.cpp, line 1107]
Event: 170.178 Thread 0x00000294ddf8dce0 Exception <a 'java/lang/NoSuchMethodError'{0x000000008ecf9420}: 'int java.lang.invoke.DirectMethodHandle$Holder.invokeSpecialIFC(java.lang.Object, java.lang.Object, java.lang.Object)'> (0x000000008ecf9420) 
thrown [s\open\src\hotspot\share\interpreter\linkResolver.cpp, line 774]
Event: 171.273 Thread 0x00000294ddf8dce0 Exception <a 'java/lang/NoSuchMethodError'{0x000000008de1f6a8}: 'java.lang.Object java.lang.invoke.DirectMethodHandle$Holder.invokeSpecialIFC(java.lang.Object, java.lang.Object, java.lang.Object)'> (0x000000008de1f6a8) 
thrown [s\open\src\hotspot\share\interpreter\linkResolver.cpp, line 774]
Event: 171.875 Thread 0x00000294e151f7d0 Exception <a 'sun/nio/fs/WindowsException'{0x000000008da35778}> (0x000000008da35778) 
thrown [s\open\src\hotspot\share\prims\jni.cpp, line 517]
Event: 171.875 Thread 0x00000294ddf8dce0 Exception <a 'sun/nio/fs/WindowsException'{0x000000008db954d0}> (0x000000008db954d0) 
thrown [s\open\src\hotspot\share\prims\jni.cpp, line 517]
Event: 175.247 Thread 0x00000294d9be07c0 Implicit null exception at 0x00000294cb8331fd to 0x00000294cb8332c4
Event: 187.535 Thread 0x00000294ddf8dce0 Exception <a 'sun/nio/fs/WindowsException'{0x000000008e9ac3e8}> (0x000000008e9ac3e8) 
thrown [s\open\src\hotspot\share\prims\jni.cpp, line 517]
Event: 187.536 Thread 0x00000294ddf8dce0 Exception <a 'sun/nio/fs/WindowsException'{0x000000008e9ae708}> (0x000000008e9ae708) 
thrown [s\open\src\hotspot\share\prims\jni.cpp, line 517]
Event: 187.540 Thread 0x00000294ddf8dce0 Exception <a 'sun/nio/fs/WindowsException'{0x000000008e9c1d10}> (0x000000008e9c1d10) 
thrown [s\open\src\hotspot\share\prims\jni.cpp, line 517]
Event: 187.651 Thread 0x00000294ddf8dce0 Exception <a 'sun/nio/fs/WindowsException'{0x000000008e4e9888}> (0x000000008e4e9888) 
thrown [s\open\src\hotspot\share\prims\jni.cpp, line 517]
Event: 187.703 Thread 0x00000294ddf8dce0 Implicit null exception at 0x00000294cb5ecb72 to 0x00000294cb5ed050

VM Operations (20 events):
Event: 176.245 Executing VM operation: Cleanup done
Event: 177.132 Executing VM operation: G1CollectForAllocation
Event: 177.144 Executing VM operation: G1CollectForAllocation done
Event: 178.882 Executing VM operation: G1CollectForAllocation
Event: 178.891 Executing VM operation: G1CollectForAllocation done
Event: 181.463 Executing VM operation: G1CollectForAllocation
Event: 181.472 Executing VM operation: G1CollectForAllocation done
Event: 182.477 Executing VM operation: Cleanup
Event: 182.477 Executing VM operation: Cleanup done
Event: 183.165 Executing VM operation: G1CollectForAllocation
Event: 183.174 Executing VM operation: G1CollectForAllocation done
Event: 185.064 Executing VM operation: G1CollectForAllocation
Event: 185.069 Executing VM operation: G1CollectForAllocation done
Event: 186.074 Executing VM operation: Cleanup
Event: 186.075 Executing VM operation: Cleanup done
Event: 186.787 Executing VM operation: G1CollectForAllocation
Event: 186.789 Executing VM operation: G1CollectForAllocation done
Event: 187.356 Executing VM operation: HandshakeAllThreads
Event: 187.356 Executing VM operation: HandshakeAllThreads done
Event: 188.358 Executing VM operation: Cleanup

Events (20 events):
Event: 165.394 Thread 0x00000294d9bfda60 flushing nmethod 0x00000294c4a9da10
Event: 165.394 Thread 0x00000294d9bfda60 flushing nmethod 0x00000294c4ac2c10
Event: 165.395 Thread 0x00000294d9bfda60 flushing nmethod 0x00000294c4b1cf90
Event: 165.395 Thread 0x00000294d9bfda60 flushing nmethod 0x00000294c4b4d590
Event: 165.395 Thread 0x00000294d9bfda60 flushing nmethod 0x00000294c4b4f710
Event: 165.395 Thread 0x00000294d9bfda60 flushing nmethod 0x00000294c4bdc410
Event: 165.396 Thread 0x00000294d9bfda60 flushing nmethod 0x00000294c4c39110
Event: 166.644 Thread 0x00000294e3776080 Thread exited: 0x00000294e3776080
Event: 170.322 Thread 0x00000294e151b2c0 Thread added: 0x00000294e151b2c0
Event: 170.322 Thread 0x00000294e151d2a0 Thread added: 0x00000294e151d2a0
Event: 170.793 Thread 0x00000294e1521260 Thread added: 0x00000294e1521260
Event: 170.808 Thread 0x00000294e151ed30 Thread added: 0x00000294e151ed30
Event: 171.142 Thread 0x00000294e3779290 Thread added: 0x00000294e3779290
Event: 171.274 Thread 0x00000294e151f7d0 Thread added: 0x00000294e151f7d0
Event: 171.280 Thread 0x00000294e1520270 Thread added: 0x00000294e1520270
Event: 171.380 Thread 0x00000294e3779290 Thread exited: 0x00000294e3779290
Event: 171.692 Thread 0x00000294e3779290 Thread added: 0x00000294e3779290
Event: 174.602 Thread 0x00000294e3779290 Thread exited: 0x00000294e3779290
Event: 186.997 Thread 0x00000294e151f280 Thread added: 0x00000294e151f280
Event: 187.470 Thread 0x00000294e377a340 Thread added: 0x00000294e377a340


Dynamic libraries:
0x00007ff77f5c0000 - 0x00007ff77f5d0000 	C:\Program Files\Java\jdk-19\bin\java.exe
0x00007fff7ed80000 - 0x00007fff7efe7000 	C:\WINDOWS\SYSTEM32\ntdll.dll
0x00007fff7d030000 - 0x00007fff7d0f9000 	C:\WINDOWS\System32\KERNEL32.DLL
0x00007fff7c310000 - 0x00007fff7c6ff000 	C:\WINDOWS\System32\KERNELBASE.dll
0x00007fff7c190000 - 0x00007fff7c2db000 	C:\WINDOWS\System32\ucrtbase.dll
0x00007fff71fc0000 - 0x00007fff71fd8000 	C:\Program Files\Java\jdk-19\bin\jli.dll
0x00007fff7cd00000 - 0x00007fff7cdb4000 	C:\WINDOWS\System32\ADVAPI32.dll
0x00007fff7cf70000 - 0x00007fff7d019000 	C:\WINDOWS\System32\msvcrt.dll
0x00007fff7e430000 - 0x00007fff7e4d6000 	C:\WINDOWS\System32\sechost.dll
0x00007fff7d5b0000 - 0x00007fff7d6c8000 	C:\WINDOWS\System32\RPCRT4.dll
0x00007fff7dbf0000 - 0x00007fff7ddb5000 	C:\WINDOWS\System32\USER32.dll
0x00007fff7c2e0000 - 0x00007fff7c307000 	C:\WINDOWS\System32\win32u.dll
0x00007fff7d7b0000 - 0x00007fff7d7db000 	C:\WINDOWS\System32\GDI32.dll
0x00007fff7c940000 - 0x00007fff7ca6c000 	C:\WINDOWS\System32\gdi32full.dll
0x00007fff7ca70000 - 0x00007fff7cb13000 	C:\WINDOWS\System32\msvcp_win.dll
0x00007fff6ba50000 - 0x00007fff6ba6b000 	C:\Program Files\Java\jdk-19\bin\VCRUNTIME140.dll
0x00007fff63c70000 - 0x00007fff63f03000 	C:\WINDOWS\WinSxS\amd64_microsoft.windows.common-controls_6595b64144ccf1df_6.0.26100.7262_none_3e0ca042e3308496\COMCTL32.dll
0x00007fff6eba0000 - 0x00007fff6ebab000 	C:\WINDOWS\SYSTEM32\VERSION.dll
0x00007fff7e3d0000 - 0x00007fff7e401000 	C:\WINDOWS\System32\IMM32.DLL
0x00007fff71560000 - 0x00007fff7156c000 	C:\Program Files\Java\jdk-19\bin\vcruntime140_1.dll
0x00007fff22630000 - 0x00007fff226be000 	C:\Program Files\Java\jdk-19\bin\msvcp140.dll
0x00007ffedd670000 - 0x00007ffede330000 	C:\Program Files\Java\jdk-19\bin\server\jvm.dll
0x00007fff79990000 - 0x00007fff7999a000 	C:\WINDOWS\SYSTEM32\WSOCK32.dll
0x00007fff7e4e0000 - 0x00007fff7e554000 	C:\WINDOWS\System32\WS2_32.dll
0x00007fff6c380000 - 0x00007fff6c3b5000 	C:\WINDOWS\SYSTEM32\WINMM.dll
0x00007fff7ac40000 - 0x00007fff7ac5b000 	C:\WINDOWS\SYSTEM32\kernel.appcore.dll
0x00007fff6bfd0000 - 0x00007fff6bfda000 	C:\Program Files\Java\jdk-19\bin\jimage.dll
0x00007fff79710000 - 0x00007fff79952000 	C:\WINDOWS\SYSTEM32\DBGHELP.DLL
0x00007fff7d860000 - 0x00007fff7dbe5000 	C:\WINDOWS\System32\combase.dll
0x00007fff7d6d0000 - 0x00007fff7d7a7000 	C:\WINDOWS\System32\OLEAUT32.dll
0x00007fff69730000 - 0x00007fff6976c000 	C:\WINDOWS\SYSTEM32\dbgcore.DLL
0x00007fff7c710000 - 0x00007fff7c7b5000 	C:\WINDOWS\System32\bcryptPrimitives.dll
0x00007fff6beb0000 - 0x00007fff6bebe000 	C:\Program Files\Java\jdk-19\bin\instrument.dll
0x00007fff6b9d0000 - 0x00007fff6b9f6000 	C:\Program Files\Java\jdk-19\bin\java.dll
0x00007fff041a0000 - 0x00007fff04277000 	C:\Program Files\Java\jdk-19\bin\jsvml.dll
0x00007fff7e5e0000 - 0x00007fff7ed33000 	C:\WINDOWS\System32\SHELL32.dll
0x00007fff7c020000 - 0x00007fff7c18a000 	C:\WINDOWS\System32\wintypes.dll
0x00007fff799a0000 - 0x00007fff7a1fe000 	C:\WINDOWS\SYSTEM32\windows.storage.dll
0x00007fff7ddc0000 - 0x00007fff7deb5000 	C:\WINDOWS\System32\SHCORE.dll
0x00007fff7d7e0000 - 0x00007fff7d846000 	C:\WINDOWS\System32\shlwapi.dll
0x00007fff7bdc0000 - 0x00007fff7bde8000 	C:\WINDOWS\SYSTEM32\profapi.dll
0x00007fff6b650000 - 0x00007fff6b668000 	C:\Program Files\Java\jdk-19\bin\zip.dll
0x00007fff5f8d0000 - 0x00007fff5f8e3000 	C:\Program Files\Java\jdk-19\bin\net.dll
0x00007fff70c90000 - 0x00007fff70db8000 	C:\WINDOWS\SYSTEM32\WINHTTP.dll
0x00007fff7b190000 - 0x00007fff7b1fb000 	C:\WINDOWS\system32\mswsock.dll
0x00007fff5f730000 - 0x00007fff5f746000 	C:\Program Files\Java\jdk-19\bin\nio.dll
0x00007fff6bbe0000 - 0x00007fff6bbf0000 	C:\Program Files\Java\jdk-19\bin\verify.dll
0x00007fff6bec0000 - 0x00007fff6bee7000 	C:\Users\denni\.gradle\native\1def1411415f61bf3af743bc5b6707747c0891f09f0c88961ee8f79bc544acac\windows-amd64\native-platform.dll
0x00007fff225b0000 - 0x00007fff22628000 	C:\Users\denni\.gradle\native\0.2.7\x86_64-windows-gnu\gradle-fileevents.dll
0x00007fff6b9c0000 - 0x00007fff6b9ca000 	C:\Program Files\Java\jdk-19\bin\management.dll
0x00007fff69aa0000 - 0x00007fff69aab000 	C:\Program Files\Java\jdk-19\bin\management_ext.dll
0x00007fff7ccf0000 - 0x00007fff7ccf8000 	C:\WINDOWS\System32\PSAPI.DLL
0x00007fff7a620000 - 0x00007fff7a654000 	C:\WINDOWS\SYSTEM32\IPHLPAPI.DLL
0x00007fff7d020000 - 0x00007fff7d02a000 	C:\WINDOWS\System32\NSI.dll
0x00007fff70c10000 - 0x00007fff70c2e000 	C:\WINDOWS\SYSTEM32\dhcpcsvc6.DLL
0x00007fff70be0000 - 0x00007fff70c03000 	C:\WINDOWS\SYSTEM32\dhcpcsvc.DLL
0x00007fff7a6b0000 - 0x00007fff7a7dc000 	C:\WINDOWS\SYSTEM32\DNSAPI.dll
0x00007fff5f8c0000 - 0x00007fff5f8c8000 	C:\Program Files\Java\jdk-19\bin\extnet.dll
0x00007fff7b490000 - 0x00007fff7b4ab000 	C:\WINDOWS\SYSTEM32\CRYPTSP.dll
0x00007fff7aba0000 - 0x00007fff7abda000 	C:\WINDOWS\system32\rsaenh.dll
0x00007fff7b240000 - 0x00007fff7b26b000 	C:\WINDOWS\SYSTEM32\USERENV.dll
0x00007fff7bdf0000 - 0x00007fff7be1a000 	C:\WINDOWS\SYSTEM32\bcrypt.dll
0x00007fff7b3e0000 - 0x00007fff7b3ec000 	C:\WINDOWS\SYSTEM32\CRYPTBASE.dll
0x00007fff5f720000 - 0x00007fff5f72e000 	C:\Program Files\Java\jdk-19\bin\sunmscapi.dll
0x00007fff7c7c0000 - 0x00007fff7c937000 	C:\WINDOWS\System32\CRYPT32.dll
0x00007fff7b6d0000 - 0x00007fff7b700000 	C:\WINDOWS\SYSTEM32\ncrypt.dll
0x00007fff7b680000 - 0x00007fff7b6bf000 	C:\WINDOWS\SYSTEM32\NTASN1.dll
0x00007fff5e8f0000 - 0x00007fff5e8f8000 	C:\WINDOWS\system32\wshunix.dll
0x00007fff73440000 - 0x00007fff7344b000 	C:\Windows\System32\rasadhlp.dll
0x00007fff6fd60000 - 0x00007fff6fde6000 	C:\WINDOWS\System32\fwpuclnt.dll

dbghelp: loaded successfully - version: 4.0.5 - missing functions: none
symbol engine: initialized successfully - sym options: 0x614 - pdb path: .;C:\Program Files\Java\jdk-19\bin;C:\WINDOWS\SYSTEM32;C:\WINDOWS\WinSxS\amd64_microsoft.windows.common-controls_6595b64144ccf1df_6.0.26100.7262_none_3e0ca042e3308496;C:\Program Files\Java\jdk-19\bin\server;C:\Users\denni\.gradle\native\1def1411415f61bf3af743bc5b6707747c0891f09f0c88961ee8f79bc544acac\windows-amd64;C:\Users\denni\.gradle\native\0.2.7\x86_64-windows-gnu

VM Arguments:
jvm_args: --add-opens=java.base/java.lang=ALL-UNNAMED --add-opens=java.base/java.lang.invoke=ALL-UNNAMED --add-opens=java.base/java.util=ALL-UNNAMED --add-opens=java.prefs/java.util.prefs=ALL-UNNAMED --add-exports=jdk.compiler/com.sun.tools.javac.api=ALL-UNNAMED --add-exports=jdk.compiler/com.sun.tools.javac.util=ALL-UNNAMED --add-opens=java.base/java.util=ALL-UNNAMED --add-opens=java.prefs/java.util.prefs=ALL-UNNAMED --add-opens=java.base/java.nio.charset=ALL-UNNAMED --add-opens=java.base/java.net=ALL-UNNAMED --add-opens=java.base/java.util.concurrent.atomic=ALL-UNNAMED --add-opens=java.xml/javax.xml.namespace=ALL-UNNAMED -XX:MaxMetaspaceSize=512m -Xmx2048m -Dfile.encoding=UTF-8 -Duser.country=US -Duser.language=en -Duser.variant -javaagent:C:\Users\denni\.gradle\wrapper\dists\gradle-8.14.3-bin\cv11ve7ro1n3o1j4so8xd9n66\gradle-8.14.3\lib\agents\gradle-instrumentation-agent-8.14.3.jar 
java_command: org.gradle.launcher.daemon.bootstrap.GradleDaemon 8.14.3
java_class_path (initial): C:\Users\denni\.gradle\wrapper\dists\gradle-8.14.3-bin\cv11ve7ro1n3o1j4so8xd9n66\gradle-8.14.3\lib\gradle-daemon-main-8.14.3.jar
Launcher Type: SUN_STANDARD

[Global flags]
     intx CICompilerCount                          = 3                                         {product} {ergonomic}
   size_t CompressedClassSpaceSize                 = 432013312                                 {product} {ergonomic}
     uint ConcGCThreads                            = 1                                         {product} {ergonomic}
     uint G1ConcRefinementThreads                  = 4                                         {product} {ergonomic}
   size_t G1HeapRegionSize                         = 1048576                                   {product} {ergonomic}
    uintx GCDrainStackTargetSize                   = 64                                        {product} {ergonomic}
   size_t InitialHeapSize                          = 201326592                                 {product} {ergonomic}
   size_t MarkStackSize                            = 4194304                                   {product} {ergonomic}
   size_t MaxHeapSize                              = 2147483648                                {product} {command line}
   size_t MaxMetaspaceSize                         = 536870912                                 {product} {command line}
   size_t MaxNewSize                               = 1287651328                                {product} {ergonomic}
   size_t MinHeapDeltaBytes                        = 1048576                                   {product} {ergonomic}
   size_t MinHeapSize                              = 8388608                                   {product} {ergonomic}
    uintx NonNMethodCodeHeapSize                   = 5832780                                {pd product} {ergonomic}
    uintx NonProfiledCodeHeapSize                  = 122912730                              {pd product} {ergonomic}
    uintx ProfiledCodeHeapSize                     = 122912730                              {pd product} {ergonomic}
    uintx ReservedCodeCacheSize                    = 251658240                              {pd product} {ergonomic}
     bool SegmentedCodeCache                       = true                                      {product} {ergonomic}
   size_t SoftMaxHeapSize                          = 2147483648                             {manageable} {ergonomic}
     bool UseCompressedClassPointers               = true                           {product lp64_product} {ergonomic}
     bool UseCompressedOops                        = true                           {product lp64_product} {ergonomic}
     bool UseG1GC                                  = true                                      {product} {ergonomic}
     bool UseLargePagesIndividualAllocation        = false                                  {pd product} {ergonomic}

Logging:
Log output configuration:
 #0: stdout all=warning uptime,level,tags foldmultilines=false
 #1: stderr all=off uptime,level,tags foldmultilines=false

Environment Variables:
PATH=C:\Python314\Scripts\;C:\Python314\;C:\Program Files\Common Files\Oracle\Java\javapath;C:\WINDOWS\system32;C:\WINDOWS;C:\WINDOWS\System32\Wbem;C:\WINDOWS\System32\WindowsPowerShell\v1.0\;C:\WINDOWS\System32\OpenSSH\;C:\Program Files\PowerShell\7-preview\preview;C:\Program Files (x86)\Common Files\Acronis\SnapAPI\;C:\Program Files (x86)\Common Files\Acronis\VirtualFile\;C:\Program Files (x86)\Common Files\Acronis\VirtualFile64\;C:\Program Files (x86)\Common Files\Acronis\FileProtector\;C:\Program Files (x86)\Common Files\Acronis\FileProtector64\;C:\Program Files\PowerShell\7\;C:\Program Files\nodejs\;C:\ProgramData\chocolatey\bin;C:\Program Files\Git\cmd;C:\Program Files\Go\bin;C:\Users\denni\AppData\Local\Microsoft\WindowsApps;C:\Program Files\Java\jdk-19\bin;C:\Users\denni\AppData\Local\GitHubDesktop\bin;C:\Users\denni\AppData\Local\Programs\Antigravity\bin;C:\Users\denni\AppData\Roaming\npm;C:\Users\denni\go\bin
USERNAME=dennis
OS=Windows_NT
PROCESSOR_IDENTIFIER=Intel64 Family 6 Model 61 Stepping 4, GenuineIntel
TMP=C:\Users\denni\AppData\Local\Temp
TEMP=C:\Users\denni\AppData\Local\Temp



---------------  S Y S T E M  ---------------

OS:
 Windows 11 , 64 bit Build 26100 (10.0.26100.7262)
OS uptime: 0 days 7:55 hours
Hyper-V role detected

CPU: total 4 (initial active 4) (2 cores per cpu, 2 threads per core) family 6 model 61 stepping 4 microcode 0x2f, cx8, cmov, fxsr, ht, mmx, 3dnowpref, sse, sse2, sse3, ssse3, sse4.1, sse4.2, popcnt, lzcnt, tsc, tscinvbit, avx, avx2, aes, erms, clmul, bmi1, bmi2, adx, fma, vzeroupper, clflush, hv, rdtscp

Memory: 4k page, system-wide physical 12202M (509M free)
TotalPageFile size 16298M (AvailPageFile size 23M)
current process WorkingSet (physical memory assigned to process): 566M, peak: 573M
current process commit charge ("private bytes"): 597M, peak: 604M

vm_info: Java HotSpot(TM) 64-Bit Server VM (19.0.2+7-44) for windows-amd64 JRE (19.0.2+7-44), built on 2022-11-30T18:02:09Z by "mach5one" with MS VC++ 17.1 (VS2022)

END.
