#
# There is insufficient memory for the Java Runtime Environment to continue.
# Native memory allocation (malloc) failed to allocate 1048576 bytes. Error detail: AllocateHeap
# Possible reasons:
#   The system is out of physical RAM or swap space
#   This process is running with CompressedOops enabled, and the Java Heap may be blocking the growth of the native heap
# Possible solutions:
#   Reduce memory load on the system
#   Increase physical memory or swap space
#   Check if swap backing store is full
#   Decrease Java heap size (-Xmx/-Xms)
#   Decrease number of Java threads
#   Decrease Java thread stack sizes (-Xss)
#   Set larger code cache with -XX:ReservedCodeCacheSize=
#   JVM is running with Unscaled Compressed Oops mode in which the Java heap is
#     placed in the first 4GB address space. The Java Heap base address is the
#     maximum limit for the native heap growth. Please use -XX:HeapBaseMinAddress
#     to set the Java Heap base and to place the Java Heap above 4GB virtual address.
# This output file may be truncated or incomplete.
#
#  Out of Memory Error (allocation.cpp:44), pid=13000, tid=16920
#
# JRE version: OpenJDK Runtime Environment Temurin-21.0.9+10 (21.0.9+10) (build 21.0.9+10-LTS)
# Java VM: OpenJDK 64-Bit Server VM Temurin-21.0.9+10 (21.0.9+10-LTS, mixed mode, sharing, tiered, compressed oops, compressed class ptrs, parallel gc, windows-amd64)
# No core dump will be written. Minidumps are not enabled by default on client versions of Windows
#

---------------  S U M M A R Y ------------

Command Line: --add-modules=ALL-SYSTEM --add-opens=java.base/java.util=ALL-UNNAMED --add-opens=java.base/java.lang=ALL-UNNAMED --add-opens=java.base/sun.nio.fs=ALL-UNNAMED -Declipse.application=org.eclipse.jdt.ls.core.id1 -Dosgi.bundles.defaultStartLevel=4 -Declipse.product=org.eclipse.jdt.ls.core.product -Djava.import.generatesMetadataFilesAtProjectRoot=false -DDetectVMInstallationsJob.disabled=true -Dfile.encoding=utf8 -XX:+UseParallelGC -XX:GCTimeRatio=4 -XX:AdaptiveSizePolicyWeight=90 -Dsun.zip.disableMemoryMapping=true -Xmx2G -Xms100m -Xlog:disable -javaagent:c:\Users\denni\.antigravity\extensions\redhat.java-1.51.0-win32-x64\lombok\lombok-1.18.39-4050.jar -XX:+HeapDumpOnOutOfMemoryError -XX:HeapDumpPath=c:\Users\denni\AppData\Roaming\Antigravity\User\workspaceStorage\14cfd5870e2cd2787d87ffd2f8ee8534\redhat.java -Daether.dependencyCollector.impl=bf c:\Users\denni\.antigravity\extensions\redhat.java-1.51.0-win32-x64\server\plugins\org.eclipse.equinox.launcher_1.7.100.v20251111-0406.jar -configuration c:\Users\denni\AppData\Roaming\Antigravity\User\globalStorage\redhat.java\1.51.0\config_win -data c:\Users\denni\AppData\Roaming\Antigravity\User\workspaceStorage\14cfd5870e2cd2787d87ffd2f8ee8534\redhat.java\jdt_ws --pipe=\\.\pipe\lsp-69e923581342c914c3d9a4941270ba60-sock

Host: Intel(R) Core(TM) i7-5500U CPU @ 2.40GHz, 4 cores, 15G,  Windows 11 , 64 bit Build 26100 (10.0.26100.7653)
Time: Tue Jan 20 12:10:45 2026 Pacific Standard Time elapsed time: 3108.582850 seconds (0d 0h 51m 48s)

---------------  T H R E A D  ---------------

Current thread (0x0000022e0d274fd0):  JavaThread "Attach Listener" daemon [_thread_in_vm, id=16920, stack(0x000000c274900000,0x000000c274a00000) (1024K)]

Stack: [0x000000c274900000,0x000000c274a00000]
Native frames: (J=compiled Java code, j=interpreted, Vv=VM code, C=native code)
V  [jvm.dll+0x6d6e29]
V  [jvm.dll+0x8b4b76]
V  [jvm.dll+0x8b712e]
V  [jvm.dll+0x8b7813]
V  [jvm.dll+0x283d86]
V  [jvm.dll+0xc1277]
V  [jvm.dll+0x6d76d9]
V  [jvm.dll+0x133466]
V  [jvm.dll+0x3f7ea6]
V  [jvm.dll+0x85e9ad]
V  [jvm.dll+0x6d565d]
C  [ucrtbase.dll+0x37b0]
C  [KERNEL32.DLL+0x2e8d7]
C  [ntdll.dll+0x8c40c]


---------------  P R O C E S S  ---------------

Threads class SMR info:
_java_thread_list=0x0000022e6f67e900, length=42, elements={
0x0000022e0d37c670, 0x0000022e0d43a600, 0x0000022e0d43da80, 0x0000022e0d2722f0,
0x0000022e0d274fd0, 0x0000022e0d275a20, 0x0000022e0d276470, 0x0000022e0d2792b0,
0x0000022e0d2efbb0, 0x0000022e65a8dff0, 0x0000022e65c209b0, 0x0000022e6a09c2b0,
0x0000022e65c29fa0, 0x0000022e65ae0ff0, 0x0000022e6a024b10, 0x0000022e65abb930,
0x0000022e6a4ba8b0, 0x0000022e6b7ee540, 0x0000022e6aee0790, 0x0000022e6b305a20,
0x0000022e6b307af0, 0x0000022e6b305390, 0x0000022e6b3060b0, 0x0000022e6c02ce50,
0x0000022e6c02c130, 0x0000022e6c02e200, 0x0000022e6c02f5b0, 0x0000022e6c02db70,
0x0000022e6c02d4e0, 0x0000022e6c02e890, 0x0000022e6c02ef20, 0x0000022e6c02c7c0,
0x0000022e6c030ff0, 0x0000022e6c0323a0, 0x0000022e6c031d10, 0x0000022e6c032a30,
0x0000022e6c0302d0, 0x0000022e6b304670, 0x0000022e6b306740, 0x0000022e6dbcd5a0,
0x0000022e6dbcb4d0, 0x0000022e6dbcc1f0
}

Java Threads: ( => current thread )
  0x0000022e0d37c670 JavaThread "main"                              [_thread_blocked, id=15628, stack(0x000000c274200000,0x000000c274300000) (1024K)]
  0x0000022e0d43a600 JavaThread "Reference Handler"          daemon [_thread_blocked, id=16932, stack(0x000000c274600000,0x000000c274700000) (1024K)]
  0x0000022e0d43da80 JavaThread "Finalizer"                  daemon [_thread_blocked, id=16836, stack(0x000000c274700000,0x000000c274800000) (1024K)]
  0x0000022e0d2722f0 JavaThread "Signal Dispatcher"          daemon [_thread_blocked, id=16912, stack(0x000000c274800000,0x000000c274900000) (1024K)]
=>0x0000022e0d274fd0 JavaThread "Attach Listener"            daemon [_thread_in_vm, id=16920, stack(0x000000c274900000,0x000000c274a00000) (1024K)]
  0x0000022e0d275a20 JavaThread "Service Thread"             daemon [_thread_blocked, id=16916, stack(0x000000c274a00000,0x000000c274b00000) (1024K)]
  0x0000022e0d276470 JavaThread "Monitor Deflation Thread"   daemon [_thread_blocked, id=16908, stack(0x000000c274b00000,0x000000c274c00000) (1024K)]
  0x0000022e0d2792b0 JavaThread "C2 CompilerThread0"         daemon [_thread_blocked, id=16880, stack(0x000000c274c00000,0x000000c274d00000) (1024K)]
  0x0000022e0d2efbb0 JavaThread "C1 CompilerThread0"         daemon [_thread_blocked, id=16876, stack(0x000000c274d00000,0x000000c274e00000) (1024K)]
  0x0000022e65a8dff0 JavaThread "Common-Cleaner"             daemon [_thread_blocked, id=14116, stack(0x000000c274e00000,0x000000c274f00000) (1024K)]
  0x0000022e65c209b0 JavaThread "Notification Thread"        daemon [_thread_blocked, id=10372, stack(0x000000c274f00000,0x000000c275000000) (1024K)]
  0x0000022e6a09c2b0 JavaThread "Active Thread: Equinox Container: 6a7d1e5d-f080-422d-89f7-78620bfe6071"        [_thread_blocked, id=10724, stack(0x000000c275300000,0x000000c275400000) (1024K)]
  0x0000022e65c29fa0 JavaThread "Refresh Thread: Equinox Container: 6a7d1e5d-f080-422d-89f7-78620bfe6071" daemon [_thread_blocked, id=15892, stack(0x000000c274000000,0x000000c274100000) (1024K)]
  0x0000022e65ae0ff0 JavaThread "Framework Event Dispatcher: Equinox Container: 6a7d1e5d-f080-422d-89f7-78620bfe6071" daemon [_thread_blocked, id=4252, stack(0x000000c274100000,0x000000c274200000) (1024K)]
  0x0000022e6a024b10 JavaThread "Start Level: Equinox Container: 6a7d1e5d-f080-422d-89f7-78620bfe6071" daemon [_thread_blocked, id=13844, stack(0x000000c275500000,0x000000c275600000) (1024K)]
  0x0000022e65abb930 JavaThread "Bundle File Closer"         daemon [_thread_blocked, id=3724, stack(0x000000c275600000,0x000000c275700000) (1024K)]
  0x0000022e6a4ba8b0 JavaThread "SCR Component Actor"        daemon [_thread_blocked, id=15836, stack(0x000000c275700000,0x000000c275800000) (1024K)]
  0x0000022e6b7ee540 JavaThread "Worker-JM"                         [_thread_blocked, id=16400, stack(0x000000c275900000,0x000000c275a00000) (1024K)]
  0x0000022e6aee0790 JavaThread "JNA Cleaner"                daemon [_thread_blocked, id=1152, stack(0x000000c275800000,0x000000c275900000) (1024K)]
  0x0000022e6b305a20 JavaThread "Worker-0"                          [_thread_blocked, id=3068, stack(0x000000c275b00000,0x000000c275c00000) (1024K)]
  0x0000022e6b307af0 JavaThread "Java indexing"              daemon [_thread_blocked, id=1652, stack(0x000000c276000000,0x000000c276100000) (1024K)]
  0x0000022e6b305390 JavaThread "Thread-1"                   daemon [_thread_in_native, id=4152, stack(0x000000c276400000,0x000000c276500000) (1024K)]
  0x0000022e6b3060b0 JavaThread "Thread-2"                   daemon [_thread_in_native, id=9812, stack(0x000000c276500000,0x000000c276600000) (1024K)]
  0x0000022e6c02ce50 JavaThread "Thread-3"                   daemon [_thread_in_native, id=3556, stack(0x000000c276600000,0x000000c276700000) (1024K)]
  0x0000022e6c02c130 JavaThread "Thread-4"                   daemon [_thread_in_native, id=12180, stack(0x000000c276700000,0x000000c276800000) (1024K)]
  0x0000022e6c02e200 JavaThread "Thread-5"                   daemon [_thread_in_native, id=4584, stack(0x000000c276800000,0x000000c276900000) (1024K)]
  0x0000022e6c02f5b0 JavaThread "pool-2-thread-1"                   [_thread_blocked, id=3668, stack(0x000000c276900000,0x000000c276a00000) (1024K)]
  0x0000022e6c02db70 JavaThread "Timer-0"                           [_thread_blocked, id=4248, stack(0x000000c276a00000,0x000000c276b00000) (1024K)]
  0x0000022e6c02d4e0 JavaThread "Timer-1"                           [_thread_blocked, id=16356, stack(0x000000c276b00000,0x000000c276c00000) (1024K)]
  0x0000022e6c02e890 JavaThread "WorkspaceEventsHandler"            [_thread_blocked, id=13016, stack(0x000000c276c00000,0x000000c276d00000) (1024K)]
  0x0000022e6c02ef20 JavaThread "pool-1-thread-1"                   [_thread_blocked, id=13228, stack(0x000000c276d00000,0x000000c276e00000) (1024K)]
  0x0000022e6c02c7c0 JavaThread "Timer-2"                           [_thread_blocked, id=13020, stack(0x000000c276e00000,0x000000c276f00000) (1024K)]
  0x0000022e6c030ff0 JavaThread "Timer-3"                           [_thread_blocked, id=6148, stack(0x000000c275e00000,0x000000c275f00000) (1024K)]
  0x0000022e6c0323a0 JavaThread "Timer-4"                           [_thread_blocked, id=11448, stack(0x000000c277100000,0x000000c277200000) (1024K)]
  0x0000022e6c031d10 JavaThread "Timer-5"                           [_thread_blocked, id=9620, stack(0x000000c277200000,0x000000c277300000) (1024K)]
  0x0000022e6c032a30 JavaThread "Timer-6"                           [_thread_blocked, id=14764, stack(0x000000c277300000,0x000000c277400000) (1024K)]
  0x0000022e6c0302d0 JavaThread "Timer-7"                           [_thread_blocked, id=10472, stack(0x000000c277400000,0x000000c277500000) (1024K)]
  0x0000022e6b304670 JavaThread "Timer-8"                           [_thread_blocked, id=14012, stack(0x000000c275a00000,0x000000c275b00000) (1024K)]
  0x0000022e6b306740 JavaThread "Timer-9"                           [_thread_blocked, id=13876, stack(0x000000c275c00000,0x000000c275d00000) (1024K)]
  0x0000022e6dbcd5a0 JavaThread "Worker-6"                          [_thread_blocked, id=15588, stack(0x000000c275400000,0x000000c275500000) (1024K)]
  0x0000022e6dbcb4d0 JavaThread "Timer-10"                          [_thread_blocked, id=6044, stack(0x000000c275f00000,0x000000c276000000) (1024K)]
  0x0000022e6dbcc1f0 JavaThread "Timer-11"                          [_thread_blocked, id=16048, stack(0x000000c277600000,0x000000c277700000) (1024K)]
Total: 42

Other Threads:
  0x0000022e0d41e7e0 VMThread "VM Thread"                           [id=2124, stack(0x000000c274500000,0x000000c274600000) (1024K)]
  0x0000022e0d20ca00 WatcherThread "VM Periodic Task Thread"        [id=16872, stack(0x000000c274400000,0x000000c274500000) (1024K)]
  0x0000022e0d39ab70 WorkerThread "GC Thread#0"                     [id=13564, stack(0x000000c274300000,0x000000c274400000) (1024K)]
  0x0000022e659bd620 WorkerThread "GC Thread#1"                     [id=11332, stack(0x000000c275000000,0x000000c275100000) (1024K)]
  0x0000022e659bd9c0 WorkerThread "GC Thread#2"                     [id=11740, stack(0x000000c275100000,0x000000c275200000) (1024K)]
  0x0000022e659bc3c0 WorkerThread "GC Thread#3"                     [id=16900, stack(0x000000c275200000,0x000000c275300000) (1024K)]
Total: 6

Threads with active compile tasks:
Total: 0

VM state: not at safepoint (normal execution)

VM Mutex/Monitor currently owned by a thread: None

Heap address: 0x0000000080000000, size: 2048 MB, Compressed Oops mode: 32-bit

CDS archive(s) mapped at: [0x0000022e24000000-0x0000022e24ba0000-0x0000022e24ba0000), size 12189696, SharedBaseAddress: 0x0000022e24000000, ArchiveRelocationMode: 1.
Compressed class space mapped at: 0x0000022e25000000-0x0000022e65000000, reserved size: 1073741824
Narrow klass base: 0x0000022e24000000, Narrow klass shift: 0, Narrow klass range: 0x100000000

GC Precious Log:
 CardTable entry size: 512
 CPUs: 4 total, 4 available
 Memory: 16298M
 Large Page Support: Disabled
 NUMA Support: Disabled
 Compressed Oops: Enabled (32-bit)
 Alignments: Space 512K, Generation 512K, Heap 2M
 Heap Min Capacity: 100M
 Heap Initial Capacity: 100M
 Heap Max Capacity: 2G
 Pre-touch: Disabled
 Parallel Workers: 4

Heap:
 PSYoungGen      total 12800K, used 6345K [0x00000000d5580000, 0x00000000d6600000, 0x0000000100000000)
  eden space 12288K, 50% used [0x00000000d5580000,0x00000000d5b82c68,0x00000000d6180000)
  from space 512K, 37% used [0x00000000d6580000,0x00000000d65af8e0,0x00000000d6600000)
  to   space 512K, 0% used [0x00000000d6500000,0x00000000d6500000,0x00000000d6580000)
 ParOldGen       total 68608K, used 60887K [0x0000000080000000, 0x0000000084300000, 0x00000000d5580000)
  object space 68608K, 88% used [0x0000000080000000,0x0000000083b75e30,0x0000000084300000)
 Metaspace       used 66508K, committed 68032K, reserved 1114112K
  class space    used 8368K, committed 9024K, reserved 1048576K

Card table byte_map: [0x0000022e0cd20000,0x0000022e0d130000] _byte_map_base: 0x0000022e0c920000

Marking Bits: (ParMarkBitMap*) 0x00007ffa88ec2460
 Begin Bits: [0x0000022e1f830000, 0x0000022e21830000)
 End Bits:   [0x0000022e21830000, 0x0000022e23830000)

Polling page: 0x0000022e0b310000

Metaspace:

Usage:
  Non-class:     56.78 MB used.
      Class:      8.17 MB used.
       Both:     64.95 MB used.

Virtual space:
  Non-class space:       64.00 MB reserved,      57.62 MB ( 90%) committed,  1 nodes.
      Class space:        1.00 GB reserved,       8.81 MB ( <1%) committed,  1 nodes.
             Both:        1.06 GB reserved,      66.44 MB (  6%) committed. 

Chunk freelists:
   Non-Class:  5.98 MB
       Class:  7.13 MB
        Both:  13.12 MB

MaxMetaspaceSize: unlimited
CompressedClassSpaceSize: 1.00 GB
Initial GC threshold: 21.00 MB
Current GC threshold: 98.12 MB
CDS: on
 - commit_granule_bytes: 65536.
 - commit_granule_words: 8192.
 - virtual_space_node_default_size: 8388608.
 - enlarge_chunks_in_place: 1.
 - use_allocation_guard: 0.


Internal statistics:

num_allocs_failed_limit: 13.
num_arena_births: 1374.
num_arena_deaths: 26.
num_vsnodes_births: 2.
num_vsnodes_deaths: 0.
num_space_committed: 1063.
num_space_uncommitted: 0.
num_chunks_returned_to_freelist: 42.
num_chunks_taken_from_freelist: 4548.
num_chunk_merges: 16.
num_chunk_splits: 2794.
num_chunks_enlarged: 1540.
num_inconsistent_stats: 0.

CodeHeap 'non-profiled nmethods': size=120000Kb used=6346Kb max_used=6346Kb free=113653Kb
 bounds [0x0000022e18050000, 0x0000022e18690000, 0x0000022e1f580000]
CodeHeap 'profiled nmethods': size=120000Kb used=16726Kb max_used=16726Kb free=103273Kb
 bounds [0x0000022e10580000, 0x0000022e115e0000, 0x0000022e17ab0000]
CodeHeap 'non-nmethods': size=5760Kb used=1400Kb max_used=1455Kb free=4359Kb
 bounds [0x0000022e17ab0000, 0x0000022e17d20000, 0x0000022e18050000]
CodeCache: size=245760Kb, used=24472Kb, max_used=24527Kb, free=221285Kb
 total_blobs=9046, nmethods=8337, adapters=615, full_count=0
Compilation: enabled, stopped_count=0, restarted_count=0

Compilation events (20 events):
Event: 2350.332 Thread 0x0000022e0d2efbb0 9202   !   3       java.util.logging.LogManager::ensureLogManagerInitialized (144 bytes)
Event: 2350.334 Thread 0x0000022e0d2efbb0 nmethod 9202 0x0000022e115d0410 code [0x0000022e115d0720, 0x0000022e115d1840]
Event: 2421.892 Thread 0x0000022e0d2efbb0 9203       1       org.eclipse.osgi.internal.framework.EquinoxContainer::getStorage (5 bytes)
Event: 2421.892 Thread 0x0000022e0d2efbb0 nmethod 9203 0x0000022e18681e90 code [0x0000022e18682020, 0x0000022e186820e8]
Event: 2532.481 Thread 0x0000022e0d2792b0 9204       4       java.util.concurrent.ThreadPoolExecutor::beforeExecute (1 bytes)
Event: 2532.482 Thread 0x0000022e0d2792b0 nmethod 9204 0x0000022e18682190 code [0x0000022e18682320, 0x0000022e186823a8]
Event: 2572.044 Thread 0x0000022e0d2792b0 9205       4       java.util.concurrent.ThreadPoolExecutor::afterExecute (1 bytes)
Event: 2572.045 Thread 0x0000022e0d2792b0 nmethod 9205 0x0000022e18682490 code [0x0000022e18682620, 0x0000022e186826a8]
Event: 2692.575 Thread 0x0000022e0d2efbb0 9206       3       org.eclipse.jdt.ls.core.internal.ParentProcessWatcher::run (83 bytes)
Event: 2692.597 Thread 0x0000022e0d2efbb0 nmethod 9206 0x0000022e115d1e10 code [0x0000022e115d20a0, 0x0000022e115d2ad0]
Event: 2692.597 Thread 0x0000022e0d2efbb0 9207       3       org.eclipse.jdt.ls.core.internal.ParentProcessWatcher::parentProcessStillRunning (62 bytes)
Event: 2692.602 Thread 0x0000022e0d2efbb0 nmethod 9207 0x0000022e115d2e10 code [0x0000022e115d3040, 0x0000022e115d3748]
Event: 2787.205 Thread 0x0000022e0d2efbb0 9208       3       org.eclipse.core.runtime.Path::setDevice (73 bytes)
Event: 2787.209 Thread 0x0000022e0d2efbb0 nmethod 9208 0x0000022e115d3990 code [0x0000022e115d3be0, 0x0000022e115d42f8]
Event: 2787.213 Thread 0x0000022e0d2efbb0 9209       1       org.eclipse.jdt.ls.core.internal.preferences.PreferenceManager::getPreferences (5 bytes)
Event: 2787.216 Thread 0x0000022e0d2efbb0 nmethod 9209 0x0000022e18682790 code [0x0000022e18682920, 0x0000022e186829e8]
Event: 2835.758 Thread 0x0000022e0d2efbb0 9210       3       org.eclipse.core.runtime.Path::isValidSegment (62 bytes)
Event: 2835.763 Thread 0x0000022e0d2efbb0 nmethod 9210 0x0000022e115d4610 code [0x0000022e115d4840, 0x0000022e115d50d8]
Event: 2835.763 Thread 0x0000022e0d2efbb0 9211       3       org.eclipse.core.runtime.Path::makeUNC (57 bytes)
Event: 2835.764 Thread 0x0000022e0d2efbb0 nmethod 9211 0x0000022e115d5490 code [0x0000022e115d5660, 0x0000022e115d5a08]

GC Heap History (20 events):
Event: 237.532 GC heap before
{Heap before GC invocations=92 (full 3):
 PSYoungGen      total 12800K, used 12544K [0x00000000d5580000, 0x00000000d6600000, 0x0000000100000000)
  eden space 12288K, 100% used [0x00000000d5580000,0x00000000d6180000,0x00000000d6180000)
  from space 512K, 50% used [0x00000000d6580000,0x00000000d65c0000,0x00000000d6600000)
  to   space 512K, 0% used [0x00000000d6500000,0x00000000d6500000,0x00000000d6580000)
 ParOldGen       total 68608K, used 60090K [0x0000000080000000, 0x0000000084300000, 0x00000000d5580000)
  object space 68608K, 87% used [0x0000000080000000,0x0000000083aaebe0,0x0000000084300000)
 Metaspace       used 65623K, committed 67136K, reserved 1114112K
  class space    used 8261K, committed 8960K, reserved 1048576K
}
Event: 237.534 GC heap after
{Heap after GC invocations=92 (full 3):
 PSYoungGen      total 12800K, used 440K [0x00000000d5580000, 0x00000000d6600000, 0x0000000100000000)
  eden space 12288K, 0% used [0x00000000d5580000,0x00000000d5580000,0x00000000d6180000)
  from space 512K, 86% used [0x00000000d6500000,0x00000000d656e1a8,0x00000000d6580000)
  to   space 512K, 0% used [0x00000000d6580000,0x00000000d6580000,0x00000000d6600000)
 ParOldGen       total 68608K, used 60210K [0x0000000080000000, 0x0000000084300000, 0x00000000d5580000)
  object space 68608K, 87% used [0x0000000080000000,0x0000000083accbe0,0x0000000084300000)
 Metaspace       used 65623K, committed 67136K, reserved 1114112K
  class space    used 8261K, committed 8960K, reserved 1048576K
}
Event: 241.495 GC heap before
{Heap before GC invocations=93 (full 3):
 PSYoungGen      total 12800K, used 12728K [0x00000000d5580000, 0x00000000d6600000, 0x0000000100000000)
  eden space 12288K, 100% used [0x00000000d5580000,0x00000000d6180000,0x00000000d6180000)
  from space 512K, 86% used [0x00000000d6500000,0x00000000d656e1a8,0x00000000d6580000)
  to   space 512K, 0% used [0x00000000d6580000,0x00000000d6580000,0x00000000d6600000)
 ParOldGen       total 68608K, used 60211K [0x0000000080000000, 0x0000000084300000, 0x00000000d5580000)
  object space 68608K, 87% used [0x0000000080000000,0x0000000083accf68,0x0000000084300000)
 Metaspace       used 66098K, committed 67584K, reserved 1114112K
  class space    used 8321K, committed 9024K, reserved 1048576K
}
Event: 241.497 GC heap after
{Heap after GC invocations=93 (full 3):
 PSYoungGen      total 12800K, used 256K [0x00000000d5580000, 0x00000000d6600000, 0x0000000100000000)
  eden space 12288K, 0% used [0x00000000d5580000,0x00000000d5580000,0x00000000d6180000)
  from space 512K, 50% used [0x00000000d6580000,0x00000000d65c0000,0x00000000d6600000)
  to   space 512K, 0% used [0x00000000d6500000,0x00000000d6500000,0x00000000d6580000)
 ParOldGen       total 68608K, used 60551K [0x0000000080000000, 0x0000000084300000, 0x00000000d5580000)
  object space 68608K, 88% used [0x0000000080000000,0x0000000083b21c28,0x0000000084300000)
 Metaspace       used 66098K, committed 67584K, reserved 1114112K
  class space    used 8321K, committed 9024K, reserved 1048576K
}
Event: 241.788 GC heap before
{Heap before GC invocations=94 (full 3):
 PSYoungGen      total 12800K, used 12544K [0x00000000d5580000, 0x00000000d6600000, 0x0000000100000000)
  eden space 12288K, 100% used [0x00000000d5580000,0x00000000d6180000,0x00000000d6180000)
  from space 512K, 50% used [0x00000000d6580000,0x00000000d65c0000,0x00000000d6600000)
  to   space 512K, 0% used [0x00000000d6500000,0x00000000d6500000,0x00000000d6580000)
 ParOldGen       total 68608K, used 60551K [0x0000000080000000, 0x0000000084300000, 0x00000000d5580000)
  object space 68608K, 88% used [0x0000000080000000,0x0000000083b21c28,0x0000000084300000)
 Metaspace       used 66108K, committed 67648K, reserved 1114112K
  class space    used 8321K, committed 9024K, reserved 1048576K
}
Event: 241.789 GC heap after
{Heap after GC invocations=94 (full 3):
 PSYoungGen      total 12800K, used 128K [0x00000000d5580000, 0x00000000d6600000, 0x0000000100000000)
  eden space 12288K, 0% used [0x00000000d5580000,0x00000000d5580000,0x00000000d6180000)
  from space 512K, 25% used [0x00000000d6500000,0x00000000d6520000,0x00000000d6580000)
  to   space 512K, 0% used [0x00000000d6580000,0x00000000d6580000,0x00000000d6600000)
 ParOldGen       total 68608K, used 60781K [0x0000000080000000, 0x0000000084300000, 0x00000000d5580000)
  object space 68608K, 88% used [0x0000000080000000,0x0000000083b5b620,0x0000000084300000)
 Metaspace       used 66108K, committed 67648K, reserved 1114112K
  class space    used 8321K, committed 9024K, reserved 1048576K
}
Event: 242.067 GC heap before
{Heap before GC invocations=95 (full 3):
 PSYoungGen      total 12800K, used 12416K [0x00000000d5580000, 0x00000000d6600000, 0x0000000100000000)
  eden space 12288K, 100% used [0x00000000d5580000,0x00000000d6180000,0x00000000d6180000)
  from space 512K, 25% used [0x00000000d6500000,0x00000000d6520000,0x00000000d6580000)
  to   space 512K, 0% used [0x00000000d6580000,0x00000000d6580000,0x00000000d6600000)
 ParOldGen       total 68608K, used 60781K [0x0000000080000000, 0x0000000084300000, 0x00000000d5580000)
  object space 68608K, 88% used [0x0000000080000000,0x0000000083b5b620,0x0000000084300000)
 Metaspace       used 66109K, committed 67648K, reserved 1114112K
  class space    used 8321K, committed 9024K, reserved 1048576K
}
Event: 242.068 GC heap after
{Heap after GC invocations=95 (full 3):
 PSYoungGen      total 12800K, used 128K [0x00000000d5580000, 0x00000000d6600000, 0x0000000100000000)
  eden space 12288K, 0% used [0x00000000d5580000,0x00000000d5580000,0x00000000d6180000)
  from space 512K, 25% used [0x00000000d6580000,0x00000000d65a0000,0x00000000d6600000)
  to   space 512K, 0% used [0x00000000d6500000,0x00000000d6500000,0x00000000d6580000)
 ParOldGen       total 68608K, used 60797K [0x0000000080000000, 0x0000000084300000, 0x00000000d5580000)
  object space 68608K, 88% used [0x0000000080000000,0x0000000083b5f620,0x0000000084300000)
 Metaspace       used 66109K, committed 67648K, reserved 1114112K
  class space    used 8321K, committed 9024K, reserved 1048576K
}
Event: 242.401 GC heap before
{Heap before GC invocations=96 (full 3):
 PSYoungGen      total 12800K, used 12416K [0x00000000d5580000, 0x00000000d6600000, 0x0000000100000000)
  eden space 12288K, 100% used [0x00000000d5580000,0x00000000d6180000,0x00000000d6180000)
  from space 512K, 25% used [0x00000000d6580000,0x00000000d65a0000,0x00000000d6600000)
  to   space 512K, 0% used [0x00000000d6500000,0x00000000d6500000,0x00000000d6580000)
 ParOldGen       total 68608K, used 60797K [0x0000000080000000, 0x0000000084300000, 0x00000000d5580000)
  object space 68608K, 88% used [0x0000000080000000,0x0000000083b5f620,0x0000000084300000)
 Metaspace       used 66109K, committed 67648K, reserved 1114112K
  class space    used 8321K, committed 9024K, reserved 1048576K
}
Event: 242.402 GC heap after
{Heap after GC invocations=96 (full 3):
 PSYoungGen      total 12800K, used 128K [0x00000000d5580000, 0x00000000d6600000, 0x0000000100000000)
  eden space 12288K, 0% used [0x00000000d5580000,0x00000000d5580000,0x00000000d6180000)
  from space 512K, 25% used [0x00000000d6500000,0x00000000d6520000,0x00000000d6580000)
  to   space 512K, 0% used [0x00000000d6580000,0x00000000d6580000,0x00000000d6600000)
 ParOldGen       total 68608K, used 60821K [0x0000000080000000, 0x0000000084300000, 0x00000000d5580000)
  object space 68608K, 88% used [0x0000000080000000,0x0000000083b65620,0x0000000084300000)
 Metaspace       used 66109K, committed 67648K, reserved 1114112K
  class space    used 8321K, committed 9024K, reserved 1048576K
}
Event: 242.696 GC heap before
{Heap before GC invocations=97 (full 3):
 PSYoungGen      total 12800K, used 12416K [0x00000000d5580000, 0x00000000d6600000, 0x0000000100000000)
  eden space 12288K, 100% used [0x00000000d5580000,0x00000000d6180000,0x00000000d6180000)
  from space 512K, 25% used [0x00000000d6500000,0x00000000d6520000,0x00000000d6580000)
  to   space 512K, 0% used [0x00000000d6580000,0x00000000d6580000,0x00000000d6600000)
 ParOldGen       total 68608K, used 60821K [0x0000000080000000, 0x0000000084300000, 0x00000000d5580000)
  object space 68608K, 88% used [0x0000000080000000,0x0000000083b65620,0x0000000084300000)
 Metaspace       used 66109K, committed 67648K, reserved 1114112K
  class space    used 8321K, committed 9024K, reserved 1048576K
}
Event: 242.697 GC heap after
{Heap after GC invocations=97 (full 3):
 PSYoungGen      total 12800K, used 128K [0x00000000d5580000, 0x00000000d6600000, 0x0000000100000000)
  eden space 12288K, 0% used [0x00000000d5580000,0x00000000d5580000,0x00000000d6180000)
  from space 512K, 25% used [0x00000000d6580000,0x00000000d65a0000,0x00000000d6600000)
  to   space 512K, 0% used [0x00000000d6500000,0x00000000d6500000,0x00000000d6580000)
 ParOldGen       total 68608K, used 60821K [0x0000000080000000, 0x0000000084300000, 0x00000000d5580000)
  object space 68608K, 88% used [0x0000000080000000,0x0000000083b65620,0x0000000084300000)
 Metaspace       used 66109K, committed 67648K, reserved 1114112K
  class space    used 8321K, committed 9024K, reserved 1048576K
}
Event: 243.021 GC heap before
{Heap before GC invocations=98 (full 3):
 PSYoungGen      total 12800K, used 12416K [0x00000000d5580000, 0x00000000d6600000, 0x0000000100000000)
  eden space 12288K, 100% used [0x00000000d5580000,0x00000000d6180000,0x00000000d6180000)
  from space 512K, 25% used [0x00000000d6580000,0x00000000d65a0000,0x00000000d6600000)
  to   space 512K, 0% used [0x00000000d6500000,0x00000000d6500000,0x00000000d6580000)
 ParOldGen       total 68608K, used 60821K [0x0000000080000000, 0x0000000084300000, 0x00000000d5580000)
  object space 68608K, 88% used [0x0000000080000000,0x0000000083b65620,0x0000000084300000)
 Metaspace       used 66112K, committed 67712K, reserved 1114112K
  class space    used 8321K, committed 9024K, reserved 1048576K
}
Event: 243.022 GC heap after
{Heap after GC invocations=98 (full 3):
 PSYoungGen      total 12800K, used 128K [0x00000000d5580000, 0x00000000d6600000, 0x0000000100000000)
  eden space 12288K, 0% used [0x00000000d5580000,0x00000000d5580000,0x00000000d6180000)
  from space 512K, 25% used [0x00000000d6500000,0x00000000d6520000,0x00000000d6580000)
  to   space 512K, 0% used [0x00000000d6580000,0x00000000d6580000,0x00000000d6600000)
 ParOldGen       total 68608K, used 60821K [0x0000000080000000, 0x0000000084300000, 0x00000000d5580000)
  object space 68608K, 88% used [0x0000000080000000,0x0000000083b65620,0x0000000084300000)
 Metaspace       used 66112K, committed 67712K, reserved 1114112K
  class space    used 8321K, committed 9024K, reserved 1048576K
}
Event: 245.831 GC heap before
{Heap before GC invocations=99 (full 3):
 PSYoungGen      total 12800K, used 12416K [0x00000000d5580000, 0x00000000d6600000, 0x0000000100000000)
  eden space 12288K, 100% used [0x00000000d5580000,0x00000000d6180000,0x00000000d6180000)
  from space 512K, 25% used [0x00000000d6500000,0x00000000d6520000,0x00000000d6580000)
  to   space 512K, 0% used [0x00000000d6580000,0x00000000d6580000,0x00000000d6600000)
 ParOldGen       total 68608K, used 60821K [0x0000000080000000, 0x0000000084300000, 0x00000000d5580000)
  object space 68608K, 88% used [0x0000000080000000,0x0000000083b65620,0x0000000084300000)
 Metaspace       used 66120K, committed 67712K, reserved 1114112K
  class space    used 8321K, committed 9024K, reserved 1048576K
}
Event: 245.832 GC heap after
{Heap after GC invocations=99 (full 3):
 PSYoungGen      total 12800K, used 96K [0x00000000d5580000, 0x00000000d6600000, 0x0000000100000000)
  eden space 12288K, 0% used [0x00000000d5580000,0x00000000d5580000,0x00000000d6180000)
  from space 512K, 18% used [0x00000000d6580000,0x00000000d6598000,0x00000000d6600000)
  to   space 512K, 0% used [0x00000000d6500000,0x00000000d6500000,0x00000000d6580000)
 ParOldGen       total 68608K, used 60837K [0x0000000080000000, 0x0000000084300000, 0x00000000d5580000)
  object space 68608K, 88% used [0x0000000080000000,0x0000000083b69620,0x0000000084300000)
 Metaspace       used 66120K, committed 67712K, reserved 1114112K
  class space    used 8321K, committed 9024K, reserved 1048576K
}
Event: 246.253 GC heap before
{Heap before GC invocations=100 (full 3):
 PSYoungGen      total 12800K, used 12384K [0x00000000d5580000, 0x00000000d6600000, 0x0000000100000000)
  eden space 12288K, 100% used [0x00000000d5580000,0x00000000d6180000,0x00000000d6180000)
  from space 512K, 18% used [0x00000000d6580000,0x00000000d6598000,0x00000000d6600000)
  to   space 512K, 0% used [0x00000000d6500000,0x00000000d6500000,0x00000000d6580000)
 ParOldGen       total 68608K, used 60837K [0x0000000080000000, 0x0000000084300000, 0x00000000d5580000)
  object space 68608K, 88% used [0x0000000080000000,0x0000000083b69620,0x0000000084300000)
 Metaspace       used 66120K, committed 67712K, reserved 1114112K
  class space    used 8321K, committed 9024K, reserved 1048576K
}
Event: 246.253 GC heap after
{Heap after GC invocations=100 (full 3):
 PSYoungGen      total 12800K, used 128K [0x00000000d5580000, 0x00000000d6600000, 0x0000000100000000)
  eden space 12288K, 0% used [0x00000000d5580000,0x00000000d5580000,0x00000000d6180000)
  from space 512K, 25% used [0x00000000d6500000,0x00000000d6520000,0x00000000d6580000)
  to   space 512K, 0% used [0x00000000d6580000,0x00000000d6580000,0x00000000d6600000)
 ParOldGen       total 68608K, used 60879K [0x0000000080000000, 0x0000000084300000, 0x00000000d5580000)
  object space 68608K, 88% used [0x0000000080000000,0x0000000083b73e30,0x0000000084300000)
 Metaspace       used 66120K, committed 67712K, reserved 1114112K
  class space    used 8321K, committed 9024K, reserved 1048576K
}
Event: 248.941 GC heap before
{Heap before GC invocations=101 (full 3):
 PSYoungGen      total 12800K, used 12411K [0x00000000d5580000, 0x00000000d6600000, 0x0000000100000000)
  eden space 12288K, 99% used [0x00000000d5580000,0x00000000d617eda8,0x00000000d6180000)
  from space 512K, 25% used [0x00000000d6500000,0x00000000d6520000,0x00000000d6580000)
  to   space 512K, 0% used [0x00000000d6580000,0x00000000d6580000,0x00000000d6600000)
 ParOldGen       total 68608K, used 60879K [0x0000000080000000, 0x0000000084300000, 0x00000000d5580000)
  object space 68608K, 88% used [0x0000000080000000,0x0000000083b73e30,0x0000000084300000)
 Metaspace       used 66240K, committed 67776K, reserved 1114112K
  class space    used 8334K, committed 9024K, reserved 1048576K
}
Event: 248.943 GC heap after
{Heap after GC invocations=101 (full 3):
 PSYoungGen      total 12800K, used 190K [0x00000000d5580000, 0x00000000d6600000, 0x0000000100000000)
  eden space 12288K, 0% used [0x00000000d5580000,0x00000000d5580000,0x00000000d6180000)
  from space 512K, 37% used [0x00000000d6580000,0x00000000d65af8e0,0x00000000d6600000)
  to   space 512K, 0% used [0x00000000d6500000,0x00000000d6500000,0x00000000d6580000)
 ParOldGen       total 68608K, used 60887K [0x0000000080000000, 0x0000000084300000, 0x00000000d5580000)
  object space 68608K, 88% used [0x0000000080000000,0x0000000083b75e30,0x0000000084300000)
 Metaspace       used 66240K, committed 67776K, reserved 1114112K
  class space    used 8334K, committed 9024K, reserved 1048576K
}

Dll operation events (15 events):
Event: 0.080 Loaded shared library c:\Users\denni\.antigravity\extensions\redhat.java-1.51.0-win32-x64\jre\21.0.9-win32-x86_64\bin\java.dll
Event: 0.535 Loaded shared library c:\Users\denni\.antigravity\extensions\redhat.java-1.51.0-win32-x64\jre\21.0.9-win32-x86_64\bin\zip.dll
Event: 0.661 Loaded shared library C:\Users\denni\.antigravity\extensions\redhat.java-1.51.0-win32-x64\jre\21.0.9-win32-x86_64\bin\instrument.dll
Event: 0.677 Loaded shared library C:\Users\denni\.antigravity\extensions\redhat.java-1.51.0-win32-x64\jre\21.0.9-win32-x86_64\bin\net.dll
Event: 0.757 Loaded shared library C:\Users\denni\.antigravity\extensions\redhat.java-1.51.0-win32-x64\jre\21.0.9-win32-x86_64\bin\nio.dll
Event: 0.763 Loaded shared library C:\Users\denni\.antigravity\extensions\redhat.java-1.51.0-win32-x64\jre\21.0.9-win32-x86_64\bin\zip.dll
Event: 0.874 Loaded shared library C:\Users\denni\.antigravity\extensions\redhat.java-1.51.0-win32-x64\jre\21.0.9-win32-x86_64\bin\jimage.dll
Event: 1.319 Loaded shared library c:\Users\denni\.antigravity\extensions\redhat.java-1.51.0-win32-x64\jre\21.0.9-win32-x86_64\bin\verify.dll
Event: 60.302 Loaded shared library C:\Users\denni\AppData\Roaming\Antigravity\User\globalStorage\redhat.java\1.51.0\config_win\org.eclipse.equinox.launcher\org.eclipse.equinox.launcher.win32.win32.x86_64_1.2.1400.v20250801-0854\eclipse_11916.dll
Event: 120.470 Loaded shared library C:\Users\denni\AppData\Local\Temp\jna--1335390485\jna7122820440903278375.dll
Event: 135.985 Loaded shared library C:\Users\denni\.gradle\native\1def1411415f61bf3af743bc5b6707747c0891f09f0c88961ee8f79bc544acac\windows-amd64\native-platform.dll
Event: 141.245 Loaded shared library C:\Users\denni\.antigravity\extensions\redhat.java-1.51.0-win32-x64\jre\21.0.9-win32-x86_64\bin\management.dll
Event: 141.283 Loaded shared library C:\Users\denni\.antigravity\extensions\redhat.java-1.51.0-win32-x64\jre\21.0.9-win32-x86_64\bin\management_ext.dll
Event: 150.946 Loaded shared library C:\Users\denni\.antigravity\extensions\redhat.java-1.51.0-win32-x64\jre\21.0.9-win32-x86_64\bin\extnet.dll
Event: 160.194 Loaded shared library C:\Users\denni\.antigravity\extensions\redhat.java-1.51.0-win32-x64\jre\21.0.9-win32-x86_64\bin\sunmscapi.dll

Deoptimization events (20 events):
Event: 536.514 Thread 0x0000022e6c02e890 Uncommon trap: trap_request=0xffffff45 fr.pc=0x0000022e18480b18 relative=0x0000000000000658
Event: 536.514 Thread 0x0000022e6c02e890 Uncommon trap: reason=unstable_if action=reinterpret pc=0x0000022e18480b18 method=java.net.URI.equal(Ljava/lang/String;Ljava/lang/String;)Z @ 10 c2
Event: 536.514 Thread 0x0000022e6c02e890 DEOPT PACKING pc=0x0000022e18480b18 sp=0x000000c276cfed10
Event: 536.514 Thread 0x0000022e6c02e890 DEOPT UNPACKING pc=0x0000022e17b03aa2 sp=0x000000c276cfec60 mode 2
Event: 536.525 Thread 0x0000022e6c02e890 Uncommon trap: trap_request=0xffffff45 fr.pc=0x0000022e18138e10 relative=0x00000000000002b0
Event: 536.525 Thread 0x0000022e6c02e890 Uncommon trap: reason=unstable_if action=reinterpret pc=0x0000022e18138e10 method=java.net.URI.equal(Ljava/lang/String;Ljava/lang/String;)Z @ 10 c2
Event: 536.525 Thread 0x0000022e6c02e890 DEOPT PACKING pc=0x0000022e18138e10 sp=0x000000c276cfebd0
Event: 536.525 Thread 0x0000022e6c02e890 DEOPT UNPACKING pc=0x0000022e17b03aa2 sp=0x000000c276cfeb70 mode 2
Event: 1324.515 Thread 0x0000022e6dbcd5a0 Uncommon trap: trap_request=0xffffff45 fr.pc=0x0000022e18671d8c relative=0x00000000000007cc
Event: 1324.515 Thread 0x0000022e6dbcd5a0 Uncommon trap: reason=unstable_if action=reinterpret pc=0x0000022e18671d8c method=org.eclipse.core.internal.utils.StringPool.add(Ljava/lang/String;)Ljava/lang/String; @ 1 c2
Event: 1324.515 Thread 0x0000022e6dbcd5a0 DEOPT PACKING pc=0x0000022e18671d8c sp=0x000000c2754fedd0
Event: 1324.515 Thread 0x0000022e6dbcd5a0 DEOPT UNPACKING pc=0x0000022e17b03aa2 sp=0x000000c2754fed98 mode 2
Event: 1324.525 Thread 0x0000022e6dbcd5a0 DEOPT PACKING pc=0x0000022e115a5c2b sp=0x000000c2754fe9b0
Event: 1324.525 Thread 0x0000022e6dbcd5a0 DEOPT UNPACKING pc=0x0000022e17b04242 sp=0x000000c2754fde20 mode 0
Event: 2457.717 Thread 0x0000022e6b304670 DEOPT PACKING pc=0x0000022e115c372b sp=0x000000c275aff530
Event: 2457.717 Thread 0x0000022e6b304670 DEOPT UNPACKING pc=0x0000022e17b04242 sp=0x000000c275afea18 mode 0
Event: 2645.439 Thread 0x0000022e6c02d4e0 DEOPT PACKING pc=0x0000022e115c372b sp=0x000000c276bff1b0
Event: 2645.440 Thread 0x0000022e6c02d4e0 DEOPT UNPACKING pc=0x0000022e17b04242 sp=0x000000c276bfe698 mode 0
Event: 2890.769 Thread 0x0000022e6c030ff0 DEOPT PACKING pc=0x0000022e115c372b sp=0x000000c275eff4d0
Event: 2890.770 Thread 0x0000022e6c030ff0 DEOPT UNPACKING pc=0x0000022e17b04242 sp=0x000000c275efe9b8 mode 0

Classes loaded (20 events):
Event: 237.491 Loading class java/util/concurrent/CompletableFuture$UniExceptionally
Event: 237.491 Loading class java/util/concurrent/CompletableFuture$UniExceptionally done
Event: 237.626 Loading class java/io/SequenceInputStream
Event: 237.626 Loading class java/io/SequenceInputStream done
Event: 443.324 Loading class java/util/stream/Nodes$CollectorTask$OfRef
Event: 443.324 Loading class java/util/stream/Nodes$CollectorTask
Event: 443.325 Loading class java/util/stream/Nodes$CollectorTask done
Event: 443.325 Loading class java/util/stream/Nodes$CollectorTask$OfRef done
Event: 443.325 Loading class java/util/function/LongFunction
Event: 443.325 Loading class java/util/function/LongFunction done
Event: 443.326 Loading class java/util/stream/Nodes$ConcNode
Event: 443.326 Loading class java/util/stream/Nodes$AbstractConcNode
Event: 443.328 Loading class java/util/stream/Nodes$AbstractConcNode done
Event: 443.328 Loading class java/util/stream/Nodes$ConcNode done
Event: 536.498 Loading class java/util/stream/DistinctOps
Event: 536.498 Loading class java/util/stream/DistinctOps done
Event: 536.498 Loading class java/util/stream/DistinctOps$1
Event: 536.499 Loading class java/util/stream/DistinctOps$1 done
Event: 536.503 Loading class java/util/stream/DistinctOps$1$2
Event: 536.503 Loading class java/util/stream/DistinctOps$1$2 done

Classes unloaded (13 events):
Event: 125.767 Thread 0x0000022e0d41e7e0 Unloading class 0x0000022e251a4800 'java/lang/invoke/LambdaForm$MH+0x0000022e251a4800'
Event: 125.767 Thread 0x0000022e0d41e7e0 Unloading class 0x0000022e251a4400 'java/lang/invoke/LambdaForm$MH+0x0000022e251a4400'
Event: 125.767 Thread 0x0000022e0d41e7e0 Unloading class 0x0000022e251a4000 'java/lang/invoke/LambdaForm$MH+0x0000022e251a4000'
Event: 125.767 Thread 0x0000022e0d41e7e0 Unloading class 0x0000022e251a3c00 'java/lang/invoke/LambdaForm$MH+0x0000022e251a3c00'
Event: 125.767 Thread 0x0000022e0d41e7e0 Unloading class 0x0000022e251a3800 'java/lang/invoke/LambdaForm$BMH+0x0000022e251a3800'
Event: 125.767 Thread 0x0000022e0d41e7e0 Unloading class 0x0000022e251a3400 'java/lang/invoke/LambdaForm$DMH+0x0000022e251a3400'
Event: 125.767 Thread 0x0000022e0d41e7e0 Unloading class 0x0000022e251a2000 'java/lang/invoke/LambdaForm$DMH+0x0000022e251a2000'
Event: 130.194 Thread 0x0000022e0d41e7e0 Unloading class 0x0000022e252ffc00 'java/lang/invoke/LambdaForm$MH+0x0000022e252ffc00'
Event: 130.194 Thread 0x0000022e0d41e7e0 Unloading class 0x0000022e252ff400 'java/lang/invoke/LambdaForm$MH+0x0000022e252ff400'
Event: 130.194 Thread 0x0000022e0d41e7e0 Unloading class 0x0000022e252fec00 'java/lang/invoke/LambdaForm$MH+0x0000022e252fec00'
Event: 130.194 Thread 0x0000022e0d41e7e0 Unloading class 0x0000022e252fe400 'java/lang/invoke/LambdaForm$DMH+0x0000022e252fe400'
Event: 130.194 Thread 0x0000022e0d41e7e0 Unloading class 0x0000022e252fd800 'java/lang/invoke/LambdaForm$MH+0x0000022e252fd800'
Event: 130.194 Thread 0x0000022e0d41e7e0 Unloading class 0x0000022e252f9c00 'java/lang/invoke/LambdaForm$MH+0x0000022e252f9c00'

Classes redefined (0 events):
No events

Internal exceptions (20 events):
Event: 237.078 Thread 0x0000022e6c02ef20 Exception <a 'sun/nio/fs/WindowsException'{0x00000000d57c1e08}> (0x00000000d57c1e08) 
thrown [s\src\hotspot\share\prims\jni.cpp, line 520]
Event: 237.078 Thread 0x0000022e6c02ef20 Exception <a 'sun/nio/fs/WindowsException'{0x00000000d57c26e8}> (0x00000000d57c26e8) 
thrown [s\src\hotspot\share\prims\jni.cpp, line 520]
Event: 237.079 Thread 0x0000022e6c02ef20 Exception <a 'sun/nio/fs/WindowsException'{0x00000000d57d5880}> (0x00000000d57d5880) 
thrown [s\src\hotspot\share\prims\jni.cpp, line 520]
Event: 237.079 Thread 0x0000022e6c02ef20 Exception <a 'sun/nio/fs/WindowsException'{0x00000000d57d7ff0}> (0x00000000d57d7ff0) 
thrown [s\src\hotspot\share\prims\jni.cpp, line 520]
Event: 237.083 Thread 0x0000022e6c02ef20 Exception <a 'sun/nio/fs/WindowsException'{0x00000000d580a6e8}> (0x00000000d580a6e8) 
thrown [s\src\hotspot\share\prims\jni.cpp, line 520]
Event: 237.083 Thread 0x0000022e6c02ef20 Exception <a 'sun/nio/fs/WindowsException'{0x00000000d581d508}> (0x00000000d581d508) 
thrown [s\src\hotspot\share\prims\jni.cpp, line 520]
Event: 237.084 Thread 0x0000022e6c02ef20 Exception <a 'sun/nio/fs/WindowsException'{0x00000000d581e090}> (0x00000000d581e090) 
thrown [s\src\hotspot\share\prims\jni.cpp, line 520]
Event: 237.085 Thread 0x0000022e6c02ef20 Exception <a 'sun/nio/fs/WindowsException'{0x00000000d581e6c0}> (0x00000000d581e6c0) 
thrown [s\src\hotspot\share\prims\jni.cpp, line 520]
Event: 237.086 Thread 0x0000022e6c02ef20 Exception <a 'sun/nio/fs/WindowsException'{0x00000000d5826168}> (0x00000000d5826168) 
thrown [s\src\hotspot\share\prims\jni.cpp, line 520]
Event: 237.087 Thread 0x0000022e6c02ef20 Exception <a 'sun/nio/fs/WindowsException'{0x00000000d5826798}> (0x00000000d5826798) 
thrown [s\src\hotspot\share\prims\jni.cpp, line 520]
Event: 237.088 Thread 0x0000022e6c02ef20 Exception <a 'sun/nio/fs/WindowsException'{0x00000000d58292e0}> (0x00000000d58292e0) 
thrown [s\src\hotspot\share\prims\jni.cpp, line 520]
Event: 237.088 Thread 0x0000022e6c02ef20 Exception <a 'sun/nio/fs/WindowsException'{0x00000000d5829910}> (0x00000000d5829910) 
thrown [s\src\hotspot\share\prims\jni.cpp, line 520]
Event: 237.304 Thread 0x0000022e6b305a20 Exception <a 'java/lang/NoSuchMethodError'{0x00000000d5b59220}: 'java.lang.Object java.lang.invoke.DirectMethodHandle$Holder.invokeSpecial(java.lang.Object, java.lang.Object, int, long)'> (0x00000000d5b59220) 
thrown [s\src\hotspot\share\interpreter\linkResolver.cpp, line 773]
Event: 237.391 Thread 0x0000022e6b305a20 Exception <a 'java/lang/NoSuchMethodError'{0x00000000d5f1e350}: 'java.lang.Object java.lang.invoke.DirectMethodHandle$Holder.invokeStatic(java.lang.Object, java.lang.Object, int, java.lang.Object)'> (0x00000000d5f1e350) 
thrown [s\src\hotspot\share\interpreter\linkResolver.cpp, line 773]
Event: 237.439 Thread 0x0000022e6c02ef20 Exception <a 'java/lang/IncompatibleClassChangeError'{0x00000000d60bc050}: Found class java.lang.Object, but interface was expected> (0x00000000d60bc050) 
thrown [s\src\hotspot\share\interpreter\linkResolver.cpp, line 840]
Event: 237.778 Thread 0x0000022e6b305a20 Exception <a 'java/io/FileNotFoundException'{0x00000000d58ed6b8}> (0x00000000d58ed6b8) 
thrown [s\src\hotspot\share\prims\jni.cpp, line 520]
Event: 237.779 Thread 0x0000022e6b305a20 Exception <a 'java/io/FileNotFoundException'{0x00000000d58ee438}> (0x00000000d58ee438) 
thrown [s\src\hotspot\share\prims\jni.cpp, line 520]
Event: 248.648 Thread 0x0000022e6dbcdc30 Implicit null exception at 0x0000022e1860ac36 to 0x0000022e1860afdc
Event: 443.377 Thread 0x0000022e6b305a20 Exception <a 'java/lang/NoSuchMethodError'{0x00000000d58326e0}: 'java.lang.Object java.lang.invoke.DirectMethodHandle$Holder.newInvokeSpecial(java.lang.Object, java.lang.Object, java.lang.Object, java.lang.Object, java.lang.Object, java.lang.Object, java.lang.Object, java.lang.Object)'> (0x00000000d58326e0) 
thrown [s\src\hotspot\share\interpreter\linkResolver.cpp, line 773]
Event: 1324.515 Thread 0x0000022e6dbcd5a0 Implicit null exception at 0x0000022e18671603 to 0x0000022e18671d7c

ZGC Phase Switch (0 events):
No events

VM Operations (20 events):
Event: 2706.169 Executing VM operation: RendezvousGCThreads
Event: 2706.169 Executing VM operation: RendezvousGCThreads done
Event: 2755.195 Executing VM operation: Cleanup
Event: 2755.195 Executing VM operation: Cleanup done
Event: 2766.254 Executing VM operation: HandshakeAllThreads (HandshakeForDeflation)
Event: 2766.255 Executing VM operation: HandshakeAllThreads (HandshakeForDeflation) done
Event: 2766.255 Executing VM operation: RendezvousGCThreads
Event: 2766.255 Executing VM operation: RendezvousGCThreads done
Event: 2826.369 Executing VM operation: HandshakeAllThreads (HandshakeForDeflation)
Event: 2826.370 Executing VM operation: HandshakeAllThreads (HandshakeForDeflation) done
Event: 2826.370 Executing VM operation: RendezvousGCThreads
Event: 2826.370 Executing VM operation: RendezvousGCThreads done
Event: 2886.489 Executing VM operation: HandshakeAllThreads (HandshakeForDeflation)
Event: 2886.490 Executing VM operation: HandshakeAllThreads (HandshakeForDeflation) done
Event: 2886.490 Executing VM operation: RendezvousGCThreads
Event: 2886.490 Executing VM operation: RendezvousGCThreads done
Event: 3006.859 Executing VM operation: HandshakeAllThreads (HandshakeForDeflation)
Event: 3006.859 Executing VM operation: HandshakeAllThreads (HandshakeForDeflation) done
Event: 3006.859 Executing VM operation: RendezvousGCThreads
Event: 3006.859 Executing VM operation: RendezvousGCThreads done

Memory protections (0 events):
No events

Nmethod flushes (20 events):
Event: 145.882 Thread 0x0000022e0d41e7e0 flushing  nmethod 0x0000022e10f71890
Event: 145.882 Thread 0x0000022e0d41e7e0 flushing  nmethod 0x0000022e10f72890
Event: 145.882 Thread 0x0000022e0d41e7e0 flushing  nmethod 0x0000022e10f72e10
Event: 145.882 Thread 0x0000022e0d41e7e0 flushing  nmethod 0x0000022e10f73290
Event: 145.882 Thread 0x0000022e0d41e7e0 flushing  nmethod 0x0000022e10f73790
Event: 145.882 Thread 0x0000022e0d41e7e0 flushing  nmethod 0x0000022e10f74690
Event: 145.882 Thread 0x0000022e0d41e7e0 flushing  nmethod 0x0000022e10f74f10
Event: 145.882 Thread 0x0000022e0d41e7e0 flushing  nmethod 0x0000022e10f75510
Event: 145.882 Thread 0x0000022e0d41e7e0 flushing  nmethod 0x0000022e10f75b90
Event: 145.882 Thread 0x0000022e0d41e7e0 flushing  nmethod 0x0000022e10f77d10
Event: 145.882 Thread 0x0000022e0d41e7e0 flushing  nmethod 0x0000022e10fa7590
Event: 145.882 Thread 0x0000022e0d41e7e0 flushing  nmethod 0x0000022e10fb7190
Event: 145.882 Thread 0x0000022e0d41e7e0 flushing  nmethod 0x0000022e10fbfd10
Event: 145.882 Thread 0x0000022e0d41e7e0 flushing  nmethod 0x0000022e10fc2810
Event: 145.882 Thread 0x0000022e0d41e7e0 flushing  nmethod 0x0000022e10fc3010
Event: 145.882 Thread 0x0000022e0d41e7e0 flushing  nmethod 0x0000022e10fc3610
Event: 145.882 Thread 0x0000022e0d41e7e0 flushing  nmethod 0x0000022e10fc4610
Event: 145.882 Thread 0x0000022e0d41e7e0 flushing osr nmethod 0x0000022e10fcc910
Event: 145.882 Thread 0x0000022e0d41e7e0 flushing  nmethod 0x0000022e10fe0b10
Event: 145.882 Thread 0x0000022e0d41e7e0 flushing  nmethod 0x0000022e10ffd810

Events (20 events):
Event: 237.310 Thread 0x0000022e6b304d00 Thread added: 0x0000022e6dbcc1f0
Event: 237.326 Thread 0x0000022e6b304d00 Thread added: 0x0000022e6dbccf10
Event: 237.478 Thread 0x0000022e6b304d00 Thread added: 0x0000022e6dbcdc30
Event: 237.511 Thread 0x0000022e6c02ef20 Thread added: 0x0000022e6dbce2c0
Event: 237.742 Thread 0x0000022e6dbcdc30 Thread added: 0x0000022e6dbcae40
Event: 248.662 Thread 0x0000022e6dbcae40 Thread exited: 0x0000022e6dbcae40
Event: 248.676 Thread 0x0000022e6dbccf10 Thread exited: 0x0000022e6dbccf10
Event: 248.676 Thread 0x0000022e6dbcdc30 Thread exited: 0x0000022e6dbcdc30
Event: 248.690 Thread 0x0000022e0d2efbb0 Thread added: 0x0000022e6e36ded0
Event: 248.883 Thread 0x0000022e6e36ded0 Thread exited: 0x0000022e6e36ded0
Event: 297.718 Thread 0x0000022e6c0330c0 Thread exited: 0x0000022e6c0330c0
Event: 298.659 Thread 0x0000022e6b306dd0 Thread exited: 0x0000022e6b306dd0
Event: 308.893 Thread 0x0000022e6b307460 Thread exited: 0x0000022e6b307460
Event: 308.894 Thread 0x0000022e6b304d00 Thread exited: 0x0000022e6b304d00
Event: 357.740 Thread 0x0000022e6dbce2c0 Thread exited: 0x0000022e6dbce2c0
Event: 417.745 Thread 0x0000022e6dbcbb60 Thread exited: 0x0000022e6dbcbb60
Event: 443.320 Thread 0x0000022e6b305a20 Thread added: 0x0000022e6c0330c0
Event: 443.329 Thread 0x0000022e6c0330c0 Thread exited: 0x0000022e6c0330c0
Event: 443.351 Thread 0x0000022e6b305a20 Thread added: 0x0000022e6c0330c0
Event: 443.355 Thread 0x0000022e6c0330c0 Thread exited: 0x0000022e6c0330c0


Dynamic libraries:
0x00007ff7485d0000 - 0x00007ff7485de000 	c:\Users\denni\.antigravity\extensions\redhat.java-1.51.0-win32-x64\jre\21.0.9-win32-x86_64\bin\java.exe
0x00007ffb21f60000 - 0x00007ffb221c8000 	C:\WINDOWS\SYSTEM32\ntdll.dll
0x00007ffb219b0000 - 0x00007ffb21a79000 	C:\WINDOWS\System32\KERNEL32.DLL
0x00007ffb1ec90000 - 0x00007ffb1f081000 	C:\WINDOWS\System32\KERNELBASE.dll
0x00007ffb1e840000 - 0x00007ffb1e98b000 	C:\WINDOWS\System32\ucrtbase.dll
0x00007ffad4e30000 - 0x00007ffad4e48000 	c:\Users\denni\.antigravity\extensions\redhat.java-1.51.0-win32-x64\jre\21.0.9-win32-x86_64\bin\jli.dll
0x00007ffb1fd80000 - 0x00007ffb1ff46000 	C:\WINDOWS\System32\USER32.dll
0x00007ffb1ec60000 - 0x00007ffb1ec87000 	C:\WINDOWS\System32\win32u.dll
0x00007ffb210b0000 - 0x00007ffb210db000 	C:\WINDOWS\System32\GDI32.dll
0x00007ffb1f2a0000 - 0x00007ffb1f3cb000 	C:\WINDOWS\System32\gdi32full.dll
0x00007ffb1eb00000 - 0x00007ffb1eba3000 	C:\WINDOWS\System32\msvcp_win.dll
0x00007ffad4e10000 - 0x00007ffad4e2e000 	c:\Users\denni\.antigravity\extensions\redhat.java-1.51.0-win32-x64\jre\21.0.9-win32-x86_64\bin\VCRUNTIME140.dll
0x00007ffb0a3a0000 - 0x00007ffb0a633000 	C:\WINDOWS\WinSxS\amd64_microsoft.windows.common-controls_6595b64144ccf1df_6.0.26100.7653_none_3e0b88a0e3318624\COMCTL32.dll
0x00007ffb20e20000 - 0x00007ffb20ec9000 	C:\WINDOWS\System32\msvcrt.dll
0x00007ffb205b0000 - 0x00007ffb205e1000 	C:\WINDOWS\System32\IMM32.DLL
0x00007ffb00df0000 - 0x00007ffb00dfc000 	c:\Users\denni\.antigravity\extensions\redhat.java-1.51.0-win32-x64\jre\21.0.9-win32-x86_64\bin\vcruntime140_1.dll
0x00007ffab2df0000 - 0x00007ffab2e7d000 	c:\Users\denni\.antigravity\extensions\redhat.java-1.51.0-win32-x64\jre\21.0.9-win32-x86_64\bin\msvcp140.dll
0x00007ffa88200000 - 0x00007ffa88fa0000 	c:\Users\denni\.antigravity\extensions\redhat.java-1.51.0-win32-x64\jre\21.0.9-win32-x86_64\bin\server\jvm.dll
0x00007ffb21d20000 - 0x00007ffb21dd4000 	C:\WINDOWS\System32\ADVAPI32.dll
0x00007ffb206d0000 - 0x00007ffb20776000 	C:\WINDOWS\System32\sechost.dll
0x00007ffb20410000 - 0x00007ffb20528000 	C:\WINDOWS\System32\RPCRT4.dll
0x00007ffb21de0000 - 0x00007ffb21e54000 	C:\WINDOWS\System32\WS2_32.dll
0x00007ffb1e6c0000 - 0x00007ffb1e71e000 	C:\WINDOWS\SYSTEM32\POWRPROF.dll
0x00007ffb0f090000 - 0x00007ffb0f0c5000 	C:\WINDOWS\SYSTEM32\WINMM.dll
0x00007ffb10880000 - 0x00007ffb1088b000 	C:\WINDOWS\SYSTEM32\VERSION.dll
0x00007ffb1e6a0000 - 0x00007ffb1e6b4000 	C:\WINDOWS\SYSTEM32\UMPDC.dll
0x00007ffb1d5f0000 - 0x00007ffb1d60b000 	C:\WINDOWS\SYSTEM32\kernel.appcore.dll
0x00007ffaed050000 - 0x00007ffaed05a000 	c:\Users\denni\.antigravity\extensions\redhat.java-1.51.0-win32-x64\jre\21.0.9-win32-x86_64\bin\jimage.dll
0x00007ffb1c920000 - 0x00007ffb1cb62000 	C:\WINDOWS\SYSTEM32\DBGHELP.DLL
0x00007ffb20000000 - 0x00007ffb20386000 	C:\WINDOWS\System32\combase.dll
0x00007ffb205f0000 - 0x00007ffb206c7000 	C:\WINDOWS\System32\OLEAUT32.dll
0x00007ffb0c3b0000 - 0x00007ffb0c3eb000 	C:\WINDOWS\SYSTEM32\dbgcore.DLL
0x00007ffb1ebb0000 - 0x00007ffb1ec55000 	C:\WINDOWS\System32\bcryptPrimitives.dll
0x00007ffaffe50000 - 0x00007ffaffe5f000 	c:\Users\denni\.antigravity\extensions\redhat.java-1.51.0-win32-x64\jre\21.0.9-win32-x86_64\bin\instrument.dll
0x00007ffad5800000 - 0x00007ffad5820000 	c:\Users\denni\.antigravity\extensions\redhat.java-1.51.0-win32-x64\jre\21.0.9-win32-x86_64\bin\java.dll
0x00007ffb21250000 - 0x00007ffb219a1000 	C:\WINDOWS\System32\SHELL32.dll
0x00007ffb1e990000 - 0x00007ffb1eafa000 	C:\WINDOWS\System32\wintypes.dll
0x00007ffb1f3d0000 - 0x00007ffb1fc34000 	C:\WINDOWS\System32\windows.storage.dll
0x00007ffb21c20000 - 0x00007ffb21d16000 	C:\WINDOWS\System32\SHCORE.dll
0x00007ffb20810000 - 0x00007ffb20877000 	C:\WINDOWS\System32\shlwapi.dll
0x00007ffb1e760000 - 0x00007ffb1e788000 	C:\WINDOWS\SYSTEM32\profapi.dll
0x00007ffabf450000 - 0x00007ffabf468000 	c:\Users\denni\.antigravity\extensions\redhat.java-1.51.0-win32-x64\jre\21.0.9-win32-x86_64\bin\zip.dll
0x00007ffae6150000 - 0x00007ffae6160000 	C:\Users\denni\.antigravity\extensions\redhat.java-1.51.0-win32-x64\jre\21.0.9-win32-x86_64\bin\net.dll
0x00007ffb138b0000 - 0x00007ffb139d7000 	C:\WINDOWS\SYSTEM32\WINHTTP.dll
0x00007ffb1db60000 - 0x00007ffb1dbcb000 	C:\WINDOWS\system32\mswsock.dll
0x00007ffab4170000 - 0x00007ffab4186000 	C:\Users\denni\.antigravity\extensions\redhat.java-1.51.0-win32-x64\jre\21.0.9-win32-x86_64\bin\nio.dll
0x00007ffaffe40000 - 0x00007ffaffe50000 	c:\Users\denni\.antigravity\extensions\redhat.java-1.51.0-win32-x64\jre\21.0.9-win32-x86_64\bin\verify.dll
0x00007ffa7bd80000 - 0x00007ffa7bdc4000 	C:\Users\denni\AppData\Roaming\Antigravity\User\globalStorage\redhat.java\1.51.0\config_win\org.eclipse.equinox.launcher\org.eclipse.equinox.launcher.win32.win32.x86_64_1.2.1400.v20250801-0854\eclipse_11916.dll
0x00007ffb21a80000 - 0x00007ffb21c17000 	C:\WINDOWS\System32\ole32.dll
0x00007ffb1de20000 - 0x00007ffb1de3b000 	C:\WINDOWS\SYSTEM32\CRYPTSP.dll
0x00007ffb1d550000 - 0x00007ffb1d589000 	C:\WINDOWS\system32\rsaenh.dll
0x00007ffb1dc10000 - 0x00007ffb1dc3b000 	C:\WINDOWS\SYSTEM32\USERENV.dll
0x00007ffb1e730000 - 0x00007ffb1e75a000 	C:\WINDOWS\SYSTEM32\bcrypt.dll
0x00007ffb1de40000 - 0x00007ffb1de4c000 	C:\WINDOWS\SYSTEM32\CRYPTBASE.dll
0x00007ffb1d110000 - 0x00007ffb1d144000 	C:\WINDOWS\SYSTEM32\IPHLPAPI.DLL
0x00007ffb203a0000 - 0x00007ffb203aa000 	C:\WINDOWS\System32\NSI.dll
0x00007ffab2610000 - 0x00007ffab2659000 	C:\Users\denni\AppData\Local\Temp\jna--1335390485\jna7122820440903278375.dll
0x00007ffb20390000 - 0x00007ffb20398000 	C:\WINDOWS\System32\PSAPI.DLL
0x00007ffb13240000 - 0x00007ffb1325e000 	C:\WINDOWS\SYSTEM32\dhcpcsvc6.DLL
0x00007ffb13210000 - 0x00007ffb13233000 	C:\WINDOWS\SYSTEM32\dhcpcsvc.DLL
0x00007ffab2440000 - 0x00007ffab2467000 	C:\Users\denni\.gradle\native\1def1411415f61bf3af743bc5b6707747c0891f09f0c88961ee8f79bc544acac\windows-amd64\native-platform.dll
0x00007ffafbba0000 - 0x00007ffafbbaa000 	C:\Users\denni\.antigravity\extensions\redhat.java-1.51.0-win32-x64\jre\21.0.9-win32-x86_64\bin\management.dll
0x00007ffafbb90000 - 0x00007ffafbb9c000 	C:\Users\denni\.antigravity\extensions\redhat.java-1.51.0-win32-x64\jre\21.0.9-win32-x86_64\bin\management_ext.dll
0x00007ffb156a0000 - 0x00007ffb156a9000 	C:\Users\denni\.antigravity\extensions\redhat.java-1.51.0-win32-x64\jre\21.0.9-win32-x86_64\bin\extnet.dll
0x00007ffb156b0000 - 0x00007ffb156be000 	C:\Users\denni\.antigravity\extensions\redhat.java-1.51.0-win32-x64\jre\21.0.9-win32-x86_64\bin\sunmscapi.dll
0x00007ffb1f090000 - 0x00007ffb1f207000 	C:\WINDOWS\System32\CRYPT32.dll
0x00007ffb1e040000 - 0x00007ffb1e070000 	C:\WINDOWS\SYSTEM32\ncrypt.dll
0x00007ffb1dff0000 - 0x00007ffb1e02f000 	C:\WINDOWS\SYSTEM32\NTASN1.dll
0x00007ffb02b40000 - 0x00007ffb02b48000 	C:\WINDOWS\system32\wshunix.dll

JVMTI agents:
c:\Users\denni\.antigravity\extensions\redhat.java-1.51.0-win32-x64\lombok\lombok-1.18.39-4050.jar path:c:\Users\denni\.antigravity\extensions\redhat.java-1.51.0-win32-x64\jre\21.0.9-win32-x86_64\bin\instrument.dll, loaded, initialized, instrumentlib options:none

dbghelp: loaded successfully - version: 4.0.5 - missing functions: none
symbol engine: initialized successfully - sym options: 0x614 - pdb path: .;c:\Users\denni\.antigravity\extensions\redhat.java-1.51.0-win32-x64\jre\21.0.9-win32-x86_64\bin;C:\WINDOWS\SYSTEM32;C:\WINDOWS\WinSxS\amd64_microsoft.windows.common-controls_6595b64144ccf1df_6.0.26100.7653_none_3e0b88a0e3318624;c:\Users\denni\.antigravity\extensions\redhat.java-1.51.0-win32-x64\jre\21.0.9-win32-x86_64\bin\server;C:\Users\denni\AppData\Roaming\Antigravity\User\globalStorage\redhat.java\1.51.0\config_win\org.eclipse.equinox.launcher\org.eclipse.equinox.launcher.win32.win32.x86_64_1.2.1400.v20250801-0854;C:\Users\denni\AppData\Local\Temp\jna--1335390485;C:\Users\denni\.gradle\native\1def1411415f61bf3af743bc5b6707747c0891f09f0c88961ee8f79bc544acac\windows-amd64

VM Arguments:
jvm_args: --add-modules=ALL-SYSTEM --add-opens=java.base/java.util=ALL-UNNAMED --add-opens=java.base/java.lang=ALL-UNNAMED --add-opens=java.base/sun.nio.fs=ALL-UNNAMED -Declipse.application=org.eclipse.jdt.ls.core.id1 -Dosgi.bundles.defaultStartLevel=4 -Declipse.product=org.eclipse.jdt.ls.core.product -Djava.import.generatesMetadataFilesAtProjectRoot=false -DDetectVMInstallationsJob.disabled=true -Dfile.encoding=utf8 -XX:+UseParallelGC -XX:GCTimeRatio=4 -XX:AdaptiveSizePolicyWeight=90 -Dsun.zip.disableMemoryMapping=true -Xmx2G -Xms100m -Xlog:disable -javaagent:c:\Users\denni\.antigravity\extensions\redhat.java-1.51.0-win32-x64\lombok\lombok-1.18.39-4050.jar -XX:+HeapDumpOnOutOfMemoryError -XX:HeapDumpPath=c:\Users\denni\AppData\Roaming\Antigravity\User\workspaceStorage\14cfd5870e2cd2787d87ffd2f8ee8534\redhat.java -Daether.dependencyCollector.impl=bf 
java_command: c:\Users\denni\.antigravity\extensions\redhat.java-1.51.0-win32-x64\server\plugins\org.eclipse.equinox.launcher_1.7.100.v20251111-0406.jar -configuration c:\Users\denni\AppData\Roaming\Antigravity\User\globalStorage\redhat.java\1.51.0\config_win -data c:\Users\denni\AppData\Roaming\Antigravity\User\workspaceStorage\14cfd5870e2cd2787d87ffd2f8ee8534\redhat.java\jdt_ws --pipe=\\.\pipe\lsp-69e923581342c914c3d9a4941270ba60-sock
java_class_path (initial): c:\Users\denni\.antigravity\extensions\redhat.java-1.51.0-win32-x64\server\plugins\org.eclipse.equinox.launcher_1.7.100.v20251111-0406.jar
Launcher Type: SUN_STANDARD

[Global flags]
    uintx AdaptiveSizePolicyWeight                 = 90                                        {product} {command line}
     intx CICompilerCount                          = 3                                         {product} {ergonomic}
    uintx GCTimeRatio                              = 4                                         {product} {command line}
     bool HeapDumpOnOutOfMemoryError               = true                                   {manageable} {command line}
    ccstr HeapDumpPath                             = c:\Users\denni\AppData\Roaming\Antigravity\User\workspaceStorage\14cfd5870e2cd2787d87ffd2f8ee8534\redhat.java         {manageable} {command line}
   size_t InitialHeapSize                          = 104857600                                 {product} {command line}
   size_t MaxHeapSize                              = 2147483648                                {product} {command line}
   size_t MaxNewSize                               = 715653120                                 {product} {ergonomic}
   size_t MinHeapDeltaBytes                        = 524288                                    {product} {ergonomic}
   size_t MinHeapSize                              = 104857600                                 {product} {command line}
   size_t NewSize                                  = 34603008                                  {product} {ergonomic}
    uintx NonNMethodCodeHeapSize                   = 5832780                                {pd product} {ergonomic}
    uintx NonProfiledCodeHeapSize                  = 122912730                              {pd product} {ergonomic}
   size_t OldSize                                  = 70254592                                  {product} {ergonomic}
    uintx ProfiledCodeHeapSize                     = 122912730                              {pd product} {ergonomic}
    uintx ReservedCodeCacheSize                    = 251658240                              {pd product} {ergonomic}
     bool SegmentedCodeCache                       = true                                      {product} {ergonomic}
   size_t SoftMaxHeapSize                          = 2147483648                             {manageable} {ergonomic}
     bool UseCompressedOops                        = true                           {product lp64_product} {ergonomic}
     bool UseLargePagesIndividualAllocation        = false                                  {pd product} {ergonomic}
     bool UseParallelGC                            = true                                      {product} {command line}

Logging:
Log output configuration:
 #0: stdout all=off uptime,level,tags foldmultilines=false
 #1: stderr all=off uptime,level,tags foldmultilines=false

Release file:
JAVA_VERSION="21.0.9" 
MODULES="java.base java.compiler java.datatransfer java.xml java.prefs java.desktop java.instrument java.logging java.management java.security.sasl java.naming java.rmi java.management.rmi java.net.http java.scripting java.security.jgss java.transaction.xa java.sql java.sql.rowset java.xml.crypto java.se java.smartcardio jdk.accessibility jdk.internal.jvmstat jdk.attach jdk.charsets jdk.internal.opt jdk.zipfs jdk.compiler jdk.crypto.ec jdk.crypto.cryptoki jdk.crypto.mscapi jdk.dynalink jdk.internal.ed jdk.editpad jdk.hotspot.agent jdk.httpserver jdk.internal.le jdk.internal.vm.ci jdk.internal.vm.compiler jdk.internal.vm.compiler.management jdk.jartool jdk.javadoc jdk.jcmd jdk.management jdk.management.agent jdk.jconsole jdk.jdeps jdk.jdwp.agent jdk.jdi jdk.jfr jdk.jshell jdk.jsobject jdk.jstatd jdk.localedata jdk.management.jfr jdk.naming.dns jdk.naming.rmi jdk.net jdk.nio.mapmode jdk.random jdk.sctp jdk.security.auth jdk.security.jgss jdk.unsupported jdk.unsupported.desktop jdk.xml.dom" 

Environment Variables:
PATH=C:\Python314\Scripts\;C:\Python314\;C:\Program Files\Common Files\Oracle\Java\javapath;C:\WINDOWS\system32;C:\WINDOWS;C:\WINDOWS\System32\Wbem;C:\WINDOWS\System32\WindowsPowerShell\v1.0\;C:\WINDOWS\System32\OpenSSH\;C:\Program Files\PowerShell\7-preview\preview;C:\Program Files (x86)\Common Files\Acronis\SnapAPI\;C:\Program Files (x86)\Common Files\Acronis\VirtualFile\;C:\Program Files (x86)\Common Files\Acronis\VirtualFile64\;C:\Program Files (x86)\Common Files\Acronis\FileProtector\;C:\Program Files (x86)\Common Files\Acronis\FileProtector64\;C:\Program Files\PowerShell\7\;C:\Program Files\nodejs\;C:\ProgramData\chocolatey\bin;C:\Program Files\Go\bin;C:\Program Files\Git\cmd;C:\Users\denni\AppData\Local\Microsoft\WindowsApps;C:\Program Files\Java\jdk-19\bin;C:\Users\denni\AppData\Local\GitHubDesktop\bin;C:\Users\denni\AppData\Roaming\npm;C:\Users\denni\go\bin;C:\Users\denni\AppData\Local\Programs\Antigravity\bin
USERNAME=dennis
OS=Windows_NT
PROCESSOR_IDENTIFIER=Intel64 Family 6 Model 61 Stepping 4, GenuineIntel
TMP=C:\Users\denni\AppData\Local\Temp
TEMP=C:\Users\denni\AppData\Local\Temp




Periodic native trim disabled

---------------  S Y S T E M  ---------------

OS:
 Windows 11 , 64 bit Build 26100 (10.0.26100.7653)
OS uptime: 0 days 0:58 hours
Hyper-V role detected

CPU: total 4 (initial active 4) (2 cores per cpu, 2 threads per core) family 6 model 61 stepping 4 microcode 0x2f, cx8, cmov, fxsr, ht, mmx, 3dnowpref, sse, sse2, sse3, ssse3, sse4.1, sse4.2, popcnt, lzcnt, tsc, tscinvbit, avx, avx2, aes, erms, clmul, bmi1, bmi2, adx, fma, vzeroupper, clflush, hv, rdtscp, f16c
Processor Information for the first 4 processors :
  Max Mhz: 2401, Current Mhz: 2400, Mhz Limit: 2376

Memory: 4k page, system-wide physical 16298M (1289M free)
TotalPageFile size 20394M (AvailPageFile size 128M)
current process WorkingSet (physical memory assigned to process): 22M, peak: 299M
current process commit charge ("private bytes"): 359M, peak: 376M

vm_info: OpenJDK 64-Bit Server VM (21.0.9+10-LTS) for windows-amd64 JRE (21.0.9+10-LTS), built on 2025-10-21T00:00:00Z by "admin" with unknown MS VC++:1942

END.
